#
# A fatal error has been detected by the Java Runtime Environment:
#
#  EXCEPTION_ACCESS_VIOLATION (0xc0000005) at pc=0x00007ff8dbd8f74a, pid=20116, tid=17384
#
# JRE version: Java(TM) SE Runtime Environment (14.0+36) (build 14+36-1461)
# Java VM: Java HotSpot(TM) 64-Bit Server VM (14+36-1461, mixed mode, sharing, tiered, compressed oops, g1 gc, windows-amd64)
# Problematic frame:
# C  [awt.dll+0x8f74a]
#
# No core dump will be written. Minidumps are not enabled by default on client versions of Windows
#
# If you would like to submit a bug report, please visit:
#   https://bugreport.java.com/bugreport/crash.jsp
# The crash happened outside the Java Virtual Machine in native code.
# See problematic frame for where to report the bug.
#

---------------  S U M M A R Y ------------

Command Line: -Dfile.encoding=UTF-8 -Djava.util.logging.config.file=logging.properties -agentlib:jdwp=transport=dt_socket,suspend=y,address=localhost:63706 -javaagent:C:\app\eclipse\java-2020-06\eclipse\configuration\org.eclipse.osgi\222\0\.cp\lib\javaagent-shaded.jar -Dfile.encoding=UTF-8 --enable-preview test.puzzle.TestLifeGame

Host: Intel(R) Core(TM) i5-8265U CPU @ 1.60GHz, 8 cores, 7G,  Windows 10 , 64 bit Build 18362 (10.0.18362.959)
Time: Wed Jul 22 00:14:44 2020 ???? (?W?€??) elapsed time: 0 seconds (0d 0h 0m 0s)

---------------  T H R E A D  ---------------

Current thread (0x000001c65b0fd800):  JavaThread "main" [_thread_in_native, id=17384, stack(0x0000008457100000,0x0000008457200000)]

Stack: [0x0000008457100000,0x0000008457200000],  sp=0x00000084571ff080,  free space=1020k
Native frames: (J=compiled Java code, j=interpreted, Vv=VM code, C=native code)
C  [awt.dll+0x8f74a]

Java frames: (J=compiled Java code, j=interpreted, Vv=VM code)
j  sun.awt.windows.WComponentPeer._setFont(Ljava/awt/Font;)V+0 java.desktop@14
j  sun.awt.windows.WComponentPeer.setFont(Ljava/awt/Font;)V+7 java.desktop@14
j  sun.awt.windows.WWindowPeer.initialize()V+42 java.desktop@14
j  sun.awt.windows.WFramePeer.initialize()V+1 java.desktop@14
j  sun.awt.windows.WComponentPeer.<init>(Ljava/awt/Component;)V+83 java.desktop@14
j  sun.awt.windows.WCanvasPeer.<init>(Ljava/awt/Component;)V+2 java.desktop@14
j  sun.awt.windows.WPanelPeer.<init>(Ljava/awt/Component;)V+2 java.desktop@14
j  sun.awt.windows.WWindowPeer.<init>(Ljava/awt/Window;)V+2 java.desktop@14
j  sun.awt.windows.WFramePeer.<init>(Ljava/awt/Frame;)V+2 java.desktop@14
j  sun.awt.windows.WToolkit.createFrame(Ljava/awt/Frame;)Ljava/awt/peer/FramePeer;+5 java.desktop@14
j  java.awt.Frame.addNotify()V+20 java.desktop@14
j  java.awt.Window.pack()V+28 java.desktop@14
j  test.puzzle.TestLifeGame$1.<init>()V+36
j  test.puzzle.TestLifeGame.main([Ljava/lang/String;)V+4
v  ~StubRoutines::call_stub

siginfo: EXCEPTION_ACCESS_VIOLATION (0xc0000005), reading address 0x0000000000000058


Register to memory mapping:

RIP=0x00007ff8dbd8f74a awt.dll
RAX=0x00007ff8dbe0a660 awt.dll
RBX=0x000001c65b0fdb10 points into unknown readable memory: a0 2a 20 cb f8 7f 00 00
RCX=0x000001c67d1d31f0 points into unknown readable memory: 60 a6 e0 db f8 7f 00 00
RDX=0x0 is NULL
RSP=0x00000084571ff080 is pointing into the stack for thread: 0x000001c65b0fd800
RBP=0x0 is NULL
RSI=0x000001c67d1ffda0 is a global jni handle
RDI=0x000001c67d1ffdb8 is a global jni handle
R8 =0x0000000000000042 is an unknown value
R9 =0x0000000800b76230 is a pointer to class: 
java.awt.Font {0x0000000800b76238}
R10=0x0000000000008000 is an unknown value
R11=0x00000084571ff080 is pointing into the stack for thread: 0x000001c65b0fd800
R12=0x0 is NULL
R13={method} {0x000001c67c367fe8} '_setFont' '(Ljava/awt/Font;)V' in 'sun/awt/windows/WComponentPeer'
R14=0x000001c67d1d31f0 points into unknown readable memory: 60 a6 e0 db f8 7f 00 00
R15=0x000001c67d198a80 points into unknown readable memory: a0 fd 1f 7d c6 01 00 00


Registers:
RAX=0x00007ff8dbe0a660, RBX=0x000001c65b0fdb10, RCX=0x000001c67d1d31f0, RDX=0x0000000000000000
RSP=0x00000084571ff080, RBP=0x0000000000000000, RSI=0x000001c67d1ffda0, RDI=0x000001c67d1ffdb8
R8 =0x0000000000000042, R9 =0x0000000800b76230, R10=0x0000000000008000, R11=0x00000084571ff080
R12=0x0000000000000000, R13=0x000001c67c367fe0, R14=0x000001c67d1d31f0, R15=0x000001c67d198a80
RIP=0x00007ff8dbd8f74a, EFLAGS=0x0000000000010202

Top of Stack: (sp=0x00000084571ff080)
0x00000084571ff080:   000001c67d198a80 000001c67d1d31f0
0x00000084571ff090:   000001c67d198a80 000001c67d1d31f0
0x00000084571ff0a0:   000001c67d1ffdb8 00007ff8dbd94655
0x00000084571ff0b0:   000001c65b0fdb10 000001c65b0fdb10
0x00000084571ff0c0:   0000000000000000 000001c67d1ffda0
0x00000084571ff0d0:   000001c65b0fd800 00000084571ff228
0x00000084571ff0e0:   000001c67d198a80 00007ff8dbdcd59b
0x00000084571ff0f0:   00007ff8dbe4f018 00000084571ff200
0x00000084571ff100:   00007ff8dbd94528 0000000000000000
0x00000084571ff110:   fffffffffffffffe fffffffffffffffe
0x00000084571ff120:   000001c67d1ffda0 00007ff8dbd9581c
0x00000084571ff130:   000001c67d1ffdb8 00000084571ff220
0x00000084571ff140:   00000084571ff220 00007ff8dbe4f018
0x00000084571ff150:   fffffffffffffffe 00007ff8cab76c19
0x00000084571ff160:   000001c6650ccda9 000001c6650d7741
0x00000084571ff170:   000001c67c367fe0 00000000000002c9 

Instructions: (pc=0x00007ff8dbd8f74a)
0x00007ff8dbd8f64a:   00 48 8b d9 e8 d9 dc ff ff 48 8b f8 48 85 c0 75
0x00007ff8dbd8f65a:   04 48 8b 7b 48 48 8b cf e8 93 15 05 00 48 8b d8
0x00007ff8dbd8f66a:   48 85 c0 74 60 83 64 24 20 00 0f 57 c0 83 64 24
0x00007ff8dbd8f67a:   34 00 b9 11 00 00 00 83 64 24 38 00 f3 0f 7f 44
0x00007ff8dbd8f68a:   24 24 ff 15 86 bc 0b 00 4c 8d 44 24 40 ba 5c 00
0x00007ff8dbd8f69a:   00 00 48 8b c8 ff 15 2b bf 0b 00 83 f8 5c 75 0d
0x00007ff8dbd8f6aa:   48 8d 54 24 40 48 8b cb e8 f2 15 05 00 48 8d 54
0x00007ff8dbd8f6ba:   24 20 48 8b cb e8 09 16 05 00 48 8b d3 48 8b cf
0x00007ff8dbd8f6ca:   e8 b6 15 05 00 48 8b 8c 24 a0 00 00 00 48 33 cc
0x00007ff8dbd8f6da:   e8 e1 22 05 00 48 8b 9c 24 c8 00 00 00 48 81 c4
0x00007ff8dbd8f6ea:   b0 00 00 00 5f c3 40 53 48 83 ec 20 48 8b d9 ff
0x00007ff8dbd8f6fa:   15 69 c4 0b 00 48 85 c0 75 0a 48 8b 4b 48 ff 15
0x00007ff8dbd8f70a:   52 c4 0b 00 48 83 c4 20 5b c3 4c 63 c2 48 8b 15
0x00007ff8dbd8f71a:   2a a8 0b 00 48 ff 25 e3 c2 0b 00 cc cc cc 48 8b
0x00007ff8dbd8f72a:   d1 48 8b 0d 1e d8 0b 00 48 89 15 17 d8 0b 00 e9
0x00007ff8dbd8f73a:   f6 63 04 00 cc cc 48 89 5c 24 08 57 48 83 ec 20
0x00007ff8dbd8f74a:   83 7a 58 00 48 8b da 48 8b f9 7d 08 48 8b ca e8
0x00007ff8dbd8f75a:   4a 95 01 00 4c 8b 43 48 45 33 c9 48 8b 4f 48 4d
0x00007ff8dbd8f76a:   8b 00 41 8d 51 30 ff 15 5a c5 0b 00 48 8b 4f 48
0x00007ff8dbd8f77a:   33 d2 44 8d 42 01 48 8b 5c 24 30 48 83 c4 20 5f
0x00007ff8dbd8f78a:   48 ff 25 f7 c3 0b 00 cc cc cc 48 8b c4 48 89 58
0x00007ff8dbd8f79a:   08 48 89 68 10 48 89 70 18 48 89 78 20 41 56 48
0x00007ff8dbd8f7aa:   83 ec 20 4c 8b f2 48 8b f9 48 8b 0d 3e f6 0b 00
0x00007ff8dbd8f7ba:   ba 02 00 01 00 41 8b e8 e8 04 21 05 00 48 8b 97
0x00007ff8dbd8f7ca:   c0 00 00 00 33 db 48 8b f0 48 85 d2 74 0d 4c 8b
0x00007ff8dbd8f7da:   08 48 8b c8 41 ff 91 b0 00 00 00 4d 85 f6 74 14
0x00007ff8dbd8f7ea:   48 8b 06 49 8b d6 48 8b ce ff 90 a8 00 00 00 48
0x00007ff8dbd8f7fa:   8b d8 eb 05 bd 01 00 00 00 48 89 9f c0 00 00 00
0x00007ff8dbd8f80a:   89 af c8 00 00 00 48 8b 5c 24 30 48 8b 6c 24 38
0x00007ff8dbd8f81a:   48 8b 74 24 40 48 8b 7c 24 48 48 83 c4 20 41 5e
0x00007ff8dbd8f82a:   c3 cc 48 89 5c 24 08 48 89 6c 24 10 48 89 74 24
0x00007ff8dbd8f83a:   18 57 48 83 ec 20 33 db 48 8b f9 48 85 c9 75 09 


Stack slot to memory mapping:
stack at sp + 0 slots: 0x000001c67d198a80 points into unknown readable memory: a0 fd 1f 7d c6 01 00 00
stack at sp + 1 slots: 0x000001c67d1d31f0 points into unknown readable memory: 60 a6 e0 db f8 7f 00 00
stack at sp + 2 slots: 0x000001c67d198a80 points into unknown readable memory: a0 fd 1f 7d c6 01 00 00
stack at sp + 3 slots: 0x000001c67d1d31f0 points into unknown readable memory: 60 a6 e0 db f8 7f 00 00
stack at sp + 4 slots: 0x000001c67d1ffdb8 is a global jni handle
stack at sp + 5 slots: 0x00007ff8dbd94655 awt.dll
stack at sp + 6 slots: 0x000001c65b0fdb10 points into unknown readable memory: a0 2a 20 cb f8 7f 00 00
stack at sp + 7 slots: 0x000001c65b0fdb10 points into unknown readable memory: a0 2a 20 cb f8 7f 00 00


---------------  P R O C E S S  ---------------

Threads class SMR info:
_java_thread_list=0x000001c67d10cef0, length=19, elements={
0x000001c65b0fd800, 0x000001c67c047000, 0x000001c67c048800, 0x000001c67c066000,
0x000001c67c069000, 0x000001c67c06b800, 0x000001c67c06d000, 0x000001c67c079800,
0x000001c67c086000, 0x000001c67ca3e000, 0x000001c67cbb8800, 0x000001c67cb0f000,
0x000001c67cb12800, 0x000001c67cc88800, 0x000001c67cca5800, 0x000001c67cce6800,
0x000001c67d0e2800, 0x000001c67d176800, 0x000001c67d21e800
}

Java Threads: ( => current thread )
=>0x000001c65b0fd800 JavaThread "main" [_thread_in_native, id=17384, stack(0x0000008457100000,0x0000008457200000)]
  0x000001c67c047000 JavaThread "Reference Handler" daemon [_thread_blocked, id=4780, stack(0x0000008457800000,0x0000008457900000)]
  0x000001c67c048800 JavaThread "Finalizer" daemon [_thread_blocked, id=7844, stack(0x0000008457900000,0x0000008457a00000)]
  0x000001c67c066000 JavaThread "Signal Dispatcher" daemon [_thread_blocked, id=6484, stack(0x0000008457a00000,0x0000008457b00000)]
  0x000001c67c069000 JavaThread "Attach Listener" daemon [_thread_blocked, id=19228, stack(0x0000008457b00000,0x0000008457c00000)]
  0x000001c67c06b800 JavaThread "Service Thread" daemon [_thread_blocked, id=17152, stack(0x0000008457c00000,0x0000008457d00000)]
  0x000001c67c06d000 JavaThread "C2 CompilerThread0" daemon [_thread_blocked, id=20472, stack(0x0000008457d00000,0x0000008457e00000)]
  0x000001c67c079800 JavaThread "C1 CompilerThread0" daemon [_thread_blocked, id=15160, stack(0x0000008457e00000,0x0000008457f00000)]
  0x000001c67c086000 JavaThread "Sweeper thread" daemon [_thread_blocked, id=16840, stack(0x0000008457f00000,0x0000008458000000)]
  0x000001c67ca3e000 JavaThread "Common-Cleaner" daemon [_thread_blocked, id=1936, stack(0x0000008458000000,0x0000008458100000)]
  0x000001c67cbb8800 JavaThread "JDWP Transport Listener: dt_socket" daemon [_thread_blocked, id=20004, stack(0x0000008458200000,0x0000008458300000)]
  0x000001c67cb0f000 JavaThread "JDWP Event Helper Thread" daemon [_thread_blocked, id=13468, stack(0x0000008458300000,0x0000008458400000)]
  0x000001c67cb12800 JavaThread "JDWP Command Reader" daemon [_thread_in_native, id=20000, stack(0x0000008458400000,0x0000008458500000)]
  0x000001c67cc88800 JavaThread "C2 CompilerThread1" daemon [_thread_blocked, id=17196, stack(0x0000008458100000,0x0000008458200000)]
  0x000001c67cca5800 JavaThread "Notification Thread" daemon [_thread_blocked, id=5696, stack(0x0000008458500000,0x0000008458600000)]
  0x000001c67cce6800 JavaThread "Java2D Disposer" daemon [_thread_blocked, id=8904, stack(0x0000008458700000,0x0000008458800000)]
  0x000001c67d0e2800 JavaThread "AWT-Shutdown" [_thread_blocked, id=6904, stack(0x0000008458800000,0x0000008458900000)]
  0x000001c67d176800 JavaThread "AWT-Windows" daemon [_thread_in_native, id=12284, stack(0x0000008458900000,0x0000008458a00000)]
  0x000001c67d21e800 JavaThread "AWT-EventQueue-0" [_thread_blocked, id=13384, stack(0x0000008458a00000,0x0000008458b00000)]

Other Threads:
  0x000001c67c042800 VMThread "VM Thread" [stack: 0x0000008457700000,0x0000008457800000] [id=19160]
  0x000001c67ccf2000 WatcherThread [stack: 0x0000008458600000,0x0000008458700000] [id=16960]
  0x000001c65b140000 GCTaskThread "GC Thread#0" [stack: 0x0000008457200000,0x0000008457300000] [id=12272]
  0x000001c65b151000 ConcurrentGCThread "G1 Main Marker" [stack: 0x0000008457300000,0x0000008457400000] [id=15028]
  0x000001c65b153000 ConcurrentGCThread "G1 Conc#0" [stack: 0x0000008457400000,0x0000008457500000] [id=8888]
  0x000001c67beb1800 ConcurrentGCThread "G1 Refine#0" [stack: 0x0000008457500000,0x0000008457600000] [id=16796]
  0x000001c67beb3800 ConcurrentGCThread "G1 Young RemSet Sampling" [stack: 0x0000008457600000,0x0000008457700000] [id=19992]

Threads with active compile tasks:

VM state:not at safepoint (normal execution)

VM Mutex/Monitor currently owned by a thread: None

Heap address: 0x0000000083200000, size: 1998 MB, Compressed Oops mode: 32-bit
Narrow klass base: 0x0000000800000000, Narrow klass shift: 3
Compressed class space size: 1073741824 Address: 0x0000000800b30000

Heap:
 garbage-first heap   total 129024K, used 11264K [0x0000000083200000, 0x0000000100000000)
  region size 1024K, 13 young (13312K), 0 survivors (0K)
 Metaspace       used 7647K, capacity 7945K, committed 8192K, reserved 1056768K
  class space    used 810K, capacity 913K, committed 1024K, reserved 1048576K
Heap Regions: E=young(eden), S=young(survivor), O=old, HS=humongous(starts), HC=humongous(continues), CS=collection set, F=free, OA=open archive, CA=closed archive, TAMS=top-at-mark-start (previous, next)
|   0|0x0000000083200000, 0x0000000083200000, 0x0000000083300000|  0%| F|  |TAMS 0x0000000083200000, 0x0000000083200000| Untracked 
|   1|0x0000000083300000, 0x0000000083300000, 0x0000000083400000|  0%| F|  |TAMS 0x0000000083300000, 0x0000000083300000| Untracked 
|   2|0x0000000083400000, 0x0000000083400000, 0x0000000083500000|  0%| F|  |TAMS 0x0000000083400000, 0x0000000083400000| Untracked 
|   3|0x0000000083500000, 0x0000000083500000, 0x0000000083600000|  0%| F|  |TAMS 0x0000000083500000, 0x0000000083500000| Untracked 
|   4|0x0000000083600000, 0x0000000083600000, 0x0000000083700000|  0%| F|  |TAMS 0x0000000083600000, 0x0000000083600000| Untracked 
|   5|0x0000000083700000, 0x0000000083700000, 0x0000000083800000|  0%| F|  |TAMS 0x0000000083700000, 0x0000000083700000| Untracked 
|   6|0x0000000083800000, 0x0000000083800000, 0x0000000083900000|  0%| F|  |TAMS 0x0000000083800000, 0x0000000083800000| Untracked 
|   7|0x0000000083900000, 0x0000000083900000, 0x0000000083a00000|  0%| F|  |TAMS 0x0000000083900000, 0x0000000083900000| Untracked 
|   8|0x0000000083a00000, 0x0000000083a00000, 0x0000000083b00000|  0%| F|  |TAMS 0x0000000083a00000, 0x0000000083a00000| Untracked 
|   9|0x0000000083b00000, 0x0000000083b00000, 0x0000000083c00000|  0%| F|  |TAMS 0x0000000083b00000, 0x0000000083b00000| Untracked 
|  10|0x0000000083c00000, 0x0000000083c00000, 0x0000000083d00000|  0%| F|  |TAMS 0x0000000083c00000, 0x0000000083c00000| Untracked 
|  11|0x0000000083d00000, 0x0000000083d00000, 0x0000000083e00000|  0%| F|  |TAMS 0x0000000083d00000, 0x0000000083d00000| Untracked 
|  12|0x0000000083e00000, 0x0000000083e00000, 0x0000000083f00000|  0%| F|  |TAMS 0x0000000083e00000, 0x0000000083e00000| Untracked 
|  13|0x0000000083f00000, 0x0000000083f00000, 0x0000000084000000|  0%| F|  |TAMS 0x0000000083f00000, 0x0000000083f00000| Untracked 
|  14|0x0000000084000000, 0x0000000084000000, 0x0000000084100000|  0%| F|  |TAMS 0x0000000084000000, 0x0000000084000000| Untracked 
|  15|0x0000000084100000, 0x0000000084100000, 0x0000000084200000|  0%| F|  |TAMS 0x0000000084100000, 0x0000000084100000| Untracked 
|  16|0x0000000084200000, 0x0000000084200000, 0x0000000084300000|  0%| F|  |TAMS 0x0000000084200000, 0x0000000084200000| Untracked 
|  17|0x0000000084300000, 0x0000000084300000, 0x0000000084400000|  0%| F|  |TAMS 0x0000000084300000, 0x0000000084300000| Untracked 
|  18|0x0000000084400000, 0x0000000084400000, 0x0000000084500000|  0%| F|  |TAMS 0x0000000084400000, 0x0000000084400000| Untracked 
|  19|0x0000000084500000, 0x0000000084500000, 0x0000000084600000|  0%| F|  |TAMS 0x0000000084500000, 0x0000000084500000| Untracked 
|  20|0x0000000084600000, 0x0000000084600000, 0x0000000084700000|  0%| F|  |TAMS 0x0000000084600000, 0x0000000084600000| Untracked 
|  21|0x0000000084700000, 0x0000000084700000, 0x0000000084800000|  0%| F|  |TAMS 0x0000000084700000, 0x0000000084700000| Untracked 
|  22|0x0000000084800000, 0x0000000084800000, 0x0000000084900000|  0%| F|  |TAMS 0x0000000084800000, 0x0000000084800000| Untracked 
|  23|0x0000000084900000, 0x0000000084900000, 0x0000000084a00000|  0%| F|  |TAMS 0x0000000084900000, 0x0000000084900000| Untracked 
|  24|0x0000000084a00000, 0x0000000084a00000, 0x0000000084b00000|  0%| F|  |TAMS 0x0000000084a00000, 0x0000000084a00000| Untracked 
|  25|0x0000000084b00000, 0x0000000084b00000, 0x0000000084c00000|  0%| F|  |TAMS 0x0000000084b00000, 0x0000000084b00000| Untracked 
|  26|0x0000000084c00000, 0x0000000084c00000, 0x0000000084d00000|  0%| F|  |TAMS 0x0000000084c00000, 0x0000000084c00000| Untracked 
|  27|0x0000000084d00000, 0x0000000084d00000, 0x0000000084e00000|  0%| F|  |TAMS 0x0000000084d00000, 0x0000000084d00000| Untracked 
|  28|0x0000000084e00000, 0x0000000084e00000, 0x0000000084f00000|  0%| F|  |TAMS 0x0000000084e00000, 0x0000000084e00000| Untracked 
|  29|0x0000000084f00000, 0x0000000084f00000, 0x0000000085000000|  0%| F|  |TAMS 0x0000000084f00000, 0x0000000084f00000| Untracked 
|  30|0x0000000085000000, 0x0000000085000000, 0x0000000085100000|  0%| F|  |TAMS 0x0000000085000000, 0x0000000085000000| Untracked 
|  31|0x0000000085100000, 0x0000000085100000, 0x0000000085200000|  0%| F|  |TAMS 0x0000000085100000, 0x0000000085100000| Untracked 
|  32|0x0000000085200000, 0x0000000085200000, 0x0000000085300000|  0%| F|  |TAMS 0x0000000085200000, 0x0000000085200000| Untracked 
|  33|0x0000000085300000, 0x0000000085300000, 0x0000000085400000|  0%| F|  |TAMS 0x0000000085300000, 0x0000000085300000| Untracked 
|  34|0x0000000085400000, 0x0000000085400000, 0x0000000085500000|  0%| F|  |TAMS 0x0000000085400000, 0x0000000085400000| Untracked 
|  35|0x0000000085500000, 0x0000000085500000, 0x0000000085600000|  0%| F|  |TAMS 0x0000000085500000, 0x0000000085500000| Untracked 
|  36|0x0000000085600000, 0x0000000085600000, 0x0000000085700000|  0%| F|  |TAMS 0x0000000085600000, 0x0000000085600000| Untracked 
|  37|0x0000000085700000, 0x0000000085700000, 0x0000000085800000|  0%| F|  |TAMS 0x0000000085700000, 0x0000000085700000| Untracked 
|  38|0x0000000085800000, 0x0000000085800000, 0x0000000085900000|  0%| F|  |TAMS 0x0000000085800000, 0x0000000085800000| Untracked 
|  39|0x0000000085900000, 0x0000000085900000, 0x0000000085a00000|  0%| F|  |TAMS 0x0000000085900000, 0x0000000085900000| Untracked 
|  40|0x0000000085a00000, 0x0000000085a00000, 0x0000000085b00000|  0%| F|  |TAMS 0x0000000085a00000, 0x0000000085a00000| Untracked 
|  41|0x0000000085b00000, 0x0000000085b00000, 0x0000000085c00000|  0%| F|  |TAMS 0x0000000085b00000, 0x0000000085b00000| Untracked 
|  42|0x0000000085c00000, 0x0000000085c00000, 0x0000000085d00000|  0%| F|  |TAMS 0x0000000085c00000, 0x0000000085c00000| Untracked 
|  43|0x0000000085d00000, 0x0000000085d00000, 0x0000000085e00000|  0%| F|  |TAMS 0x0000000085d00000, 0x0000000085d00000| Untracked 
|  44|0x0000000085e00000, 0x0000000085e00000, 0x0000000085f00000|  0%| F|  |TAMS 0x0000000085e00000, 0x0000000085e00000| Untracked 
|  45|0x0000000085f00000, 0x0000000085f00000, 0x0000000086000000|  0%| F|  |TAMS 0x0000000085f00000, 0x0000000085f00000| Untracked 
|  46|0x0000000086000000, 0x0000000086000000, 0x0000000086100000|  0%| F|  |TAMS 0x0000000086000000, 0x0000000086000000| Untracked 
|  47|0x0000000086100000, 0x0000000086100000, 0x0000000086200000|  0%| F|  |TAMS 0x0000000086100000, 0x0000000086100000| Untracked 
|  48|0x0000000086200000, 0x0000000086200000, 0x0000000086300000|  0%| F|  |TAMS 0x0000000086200000, 0x0000000086200000| Untracked 
|  49|0x0000000086300000, 0x0000000086300000, 0x0000000086400000|  0%| F|  |TAMS 0x0000000086300000, 0x0000000086300000| Untracked 
|  50|0x0000000086400000, 0x0000000086400000, 0x0000000086500000|  0%| F|  |TAMS 0x0000000086400000, 0x0000000086400000| Untracked 
|  51|0x0000000086500000, 0x0000000086500000, 0x0000000086600000|  0%| F|  |TAMS 0x0000000086500000, 0x0000000086500000| Untracked 
|  52|0x0000000086600000, 0x0000000086600000, 0x0000000086700000|  0%| F|  |TAMS 0x0000000086600000, 0x0000000086600000| Untracked 
|  53|0x0000000086700000, 0x0000000086700000, 0x0000000086800000|  0%| F|  |TAMS 0x0000000086700000, 0x0000000086700000| Untracked 
|  54|0x0000000086800000, 0x0000000086800000, 0x0000000086900000|  0%| F|  |TAMS 0x0000000086800000, 0x0000000086800000| Untracked 
|  55|0x0000000086900000, 0x0000000086900000, 0x0000000086a00000|  0%| F|  |TAMS 0x0000000086900000, 0x0000000086900000| Untracked 
|  56|0x0000000086a00000, 0x0000000086a00000, 0x0000000086b00000|  0%| F|  |TAMS 0x0000000086a00000, 0x0000000086a00000| Untracked 
|  57|0x0000000086b00000, 0x0000000086b00000, 0x0000000086c00000|  0%| F|  |TAMS 0x0000000086b00000, 0x0000000086b00000| Untracked 
|  58|0x0000000086c00000, 0x0000000086c00000, 0x0000000086d00000|  0%| F|  |TAMS 0x0000000086c00000, 0x0000000086c00000| Untracked 
|  59|0x0000000086d00000, 0x0000000086d00000, 0x0000000086e00000|  0%| F|  |TAMS 0x0000000086d00000, 0x0000000086d00000| Untracked 
|  60|0x0000000086e00000, 0x0000000086e00000, 0x0000000086f00000|  0%| F|  |TAMS 0x0000000086e00000, 0x0000000086e00000| Untracked 
|  61|0x0000000086f00000, 0x0000000086f00000, 0x0000000087000000|  0%| F|  |TAMS 0x0000000086f00000, 0x0000000086f00000| Untracked 
|  62|0x0000000087000000, 0x0000000087000000, 0x0000000087100000|  0%| F|  |TAMS 0x0000000087000000, 0x0000000087000000| Untracked 
|  63|0x0000000087100000, 0x0000000087100000, 0x0000000087200000|  0%| F|  |TAMS 0x0000000087100000, 0x0000000087100000| Untracked 
|  64|0x0000000087200000, 0x0000000087200000, 0x0000000087300000|  0%| F|  |TAMS 0x0000000087200000, 0x0000000087200000| Untracked 
|  65|0x0000000087300000, 0x0000000087300000, 0x0000000087400000|  0%| F|  |TAMS 0x0000000087300000, 0x0000000087300000| Untracked 
|  66|0x0000000087400000, 0x0000000087400000, 0x0000000087500000|  0%| F|  |TAMS 0x0000000087400000, 0x0000000087400000| Untracked 
|  67|0x0000000087500000, 0x0000000087500000, 0x0000000087600000|  0%| F|  |TAMS 0x0000000087500000, 0x0000000087500000| Untracked 
|  68|0x0000000087600000, 0x0000000087600000, 0x0000000087700000|  0%| F|  |TAMS 0x0000000087600000, 0x0000000087600000| Untracked 
|  69|0x0000000087700000, 0x0000000087700000, 0x0000000087800000|  0%| F|  |TAMS 0x0000000087700000, 0x0000000087700000| Untracked 
|  70|0x0000000087800000, 0x0000000087800000, 0x0000000087900000|  0%| F|  |TAMS 0x0000000087800000, 0x0000000087800000| Untracked 
|  71|0x0000000087900000, 0x0000000087900000, 0x0000000087a00000|  0%| F|  |TAMS 0x0000000087900000, 0x0000000087900000| Untracked 
|  72|0x0000000087a00000, 0x0000000087a00000, 0x0000000087b00000|  0%| F|  |TAMS 0x0000000087a00000, 0x0000000087a00000| Untracked 
|  73|0x0000000087b00000, 0x0000000087b00000, 0x0000000087c00000|  0%| F|  |TAMS 0x0000000087b00000, 0x0000000087b00000| Untracked 
|  74|0x0000000087c00000, 0x0000000087c00000, 0x0000000087d00000|  0%| F|  |TAMS 0x0000000087c00000, 0x0000000087c00000| Untracked 
|  75|0x0000000087d00000, 0x0000000087d00000, 0x0000000087e00000|  0%| F|  |TAMS 0x0000000087d00000, 0x0000000087d00000| Untracked 
|  76|0x0000000087e00000, 0x0000000087e00000, 0x0000000087f00000|  0%| F|  |TAMS 0x0000000087e00000, 0x0000000087e00000| Untracked 
|  77|0x0000000087f00000, 0x0000000087f00000, 0x0000000088000000|  0%| F|  |TAMS 0x0000000087f00000, 0x0000000087f00000| Untracked 
|  78|0x0000000088000000, 0x0000000088000000, 0x0000000088100000|  0%| F|  |TAMS 0x0000000088000000, 0x0000000088000000| Untracked 
|  79|0x0000000088100000, 0x0000000088100000, 0x0000000088200000|  0%| F|  |TAMS 0x0000000088100000, 0x0000000088100000| Untracked 
|  80|0x0000000088200000, 0x0000000088200000, 0x0000000088300000|  0%| F|  |TAMS 0x0000000088200000, 0x0000000088200000| Untracked 
|  81|0x0000000088300000, 0x0000000088300000, 0x0000000088400000|  0%| F|  |TAMS 0x0000000088300000, 0x0000000088300000| Untracked 
|  82|0x0000000088400000, 0x0000000088400000, 0x0000000088500000|  0%| F|  |TAMS 0x0000000088400000, 0x0000000088400000| Untracked 
|  83|0x0000000088500000, 0x0000000088500000, 0x0000000088600000|  0%| F|  |TAMS 0x0000000088500000, 0x0000000088500000| Untracked 
|  84|0x0000000088600000, 0x0000000088600000, 0x0000000088700000|  0%| F|  |TAMS 0x0000000088600000, 0x0000000088600000| Untracked 
|  85|0x0000000088700000, 0x0000000088700000, 0x0000000088800000|  0%| F|  |TAMS 0x0000000088700000, 0x0000000088700000| Untracked 
|  86|0x0000000088800000, 0x0000000088800000, 0x0000000088900000|  0%| F|  |TAMS 0x0000000088800000, 0x0000000088800000| Untracked 
|  87|0x0000000088900000, 0x0000000088900000, 0x0000000088a00000|  0%| F|  |TAMS 0x0000000088900000, 0x0000000088900000| Untracked 
|  88|0x0000000088a00000, 0x0000000088a00000, 0x0000000088b00000|  0%| F|  |TAMS 0x0000000088a00000, 0x0000000088a00000| Untracked 
|  89|0x0000000088b00000, 0x0000000088b00000, 0x0000000088c00000|  0%| F|  |TAMS 0x0000000088b00000, 0x0000000088b00000| Untracked 
|  90|0x0000000088c00000, 0x0000000088c00000, 0x0000000088d00000|  0%| F|  |TAMS 0x0000000088c00000, 0x0000000088c00000| Untracked 
|  91|0x0000000088d00000, 0x0000000088d00000, 0x0000000088e00000|  0%| F|  |TAMS 0x0000000088d00000, 0x0000000088d00000| Untracked 
|  92|0x0000000088e00000, 0x0000000088e00000, 0x0000000088f00000|  0%| F|  |TAMS 0x0000000088e00000, 0x0000000088e00000| Untracked 
|  93|0x0000000088f00000, 0x0000000088f00000, 0x0000000089000000|  0%| F|  |TAMS 0x0000000088f00000, 0x0000000088f00000| Untracked 
|  94|0x0000000089000000, 0x0000000089000000, 0x0000000089100000|  0%| F|  |TAMS 0x0000000089000000, 0x0000000089000000| Untracked 
|  95|0x0000000089100000, 0x0000000089100000, 0x0000000089200000|  0%| F|  |TAMS 0x0000000089100000, 0x0000000089100000| Untracked 
|  96|0x0000000089200000, 0x0000000089200000, 0x0000000089300000|  0%| F|  |TAMS 0x0000000089200000, 0x0000000089200000| Untracked 
|  97|0x0000000089300000, 0x0000000089300000, 0x0000000089400000|  0%| F|  |TAMS 0x0000000089300000, 0x0000000089300000| Untracked 
|  98|0x0000000089400000, 0x0000000089400000, 0x0000000089500000|  0%| F|  |TAMS 0x0000000089400000, 0x0000000089400000| Untracked 
|  99|0x0000000089500000, 0x0000000089500000, 0x0000000089600000|  0%| F|  |TAMS 0x0000000089500000, 0x0000000089500000| Untracked 
| 100|0x0000000089600000, 0x0000000089600000, 0x0000000089700000|  0%| F|  |TAMS 0x0000000089600000, 0x0000000089600000| Untracked 
| 101|0x0000000089700000, 0x0000000089700000, 0x0000000089800000|  0%| F|  |TAMS 0x0000000089700000, 0x0000000089700000| Untracked 
| 102|0x0000000089800000, 0x0000000089800000, 0x0000000089900000|  0%| F|  |TAMS 0x0000000089800000, 0x0000000089800000| Untracked 
| 103|0x0000000089900000, 0x0000000089900000, 0x0000000089a00000|  0%| F|  |TAMS 0x0000000089900000, 0x0000000089900000| Untracked 
| 104|0x0000000089a00000, 0x0000000089a00000, 0x0000000089b00000|  0%| F|  |TAMS 0x0000000089a00000, 0x0000000089a00000| Untracked 
| 105|0x0000000089b00000, 0x0000000089b00000, 0x0000000089c00000|  0%| F|  |TAMS 0x0000000089b00000, 0x0000000089b00000| Untracked 
| 106|0x0000000089c00000, 0x0000000089c00000, 0x0000000089d00000|  0%| F|  |TAMS 0x0000000089c00000, 0x0000000089c00000| Untracked 
| 107|0x0000000089d00000, 0x0000000089d00000, 0x0000000089e00000|  0%| F|  |TAMS 0x0000000089d00000, 0x0000000089d00000| Untracked 
| 108|0x0000000089e00000, 0x0000000089e00000, 0x0000000089f00000|  0%| F|  |TAMS 0x0000000089e00000, 0x0000000089e00000| Untracked 
| 109|0x0000000089f00000, 0x0000000089f00000, 0x000000008a000000|  0%| F|  |TAMS 0x0000000089f00000, 0x0000000089f00000| Untracked 
| 110|0x000000008a000000, 0x000000008a000000, 0x000000008a100000|  0%| F|  |TAMS 0x000000008a000000, 0x000000008a000000| Untracked 
| 111|0x000000008a100000, 0x000000008a100000, 0x000000008a200000|  0%| F|  |TAMS 0x000000008a100000, 0x000000008a100000| Untracked 
| 112|0x000000008a200000, 0x000000008a200000, 0x000000008a300000|  0%| F|  |TAMS 0x000000008a200000, 0x000000008a200000| Untracked 
| 113|0x000000008a300000, 0x000000008a377858, 0x000000008a400000| 46%| E|  |TAMS 0x000000008a300000, 0x000000008a300000| Complete 
| 114|0x000000008a400000, 0x000000008a500000, 0x000000008a500000|100%| E|CS|TAMS 0x000000008a400000, 0x000000008a400000| Complete 
| 115|0x000000008a500000, 0x000000008a600000, 0x000000008a600000|100%| E|CS|TAMS 0x000000008a500000, 0x000000008a500000| Complete 
| 116|0x000000008a600000, 0x000000008a700000, 0x000000008a700000|100%| E|CS|TAMS 0x000000008a600000, 0x000000008a600000| Complete 
| 117|0x000000008a700000, 0x000000008a800000, 0x000000008a800000|100%| E|CS|TAMS 0x000000008a700000, 0x000000008a700000| Complete 
| 118|0x000000008a800000, 0x000000008a900000, 0x000000008a900000|100%| E|CS|TAMS 0x000000008a800000, 0x000000008a800000| Complete 
| 119|0x000000008a900000, 0x000000008aa00000, 0x000000008aa00000|100%| E|CS|TAMS 0x000000008a900000, 0x000000008a900000| Complete 
| 120|0x000000008aa00000, 0x000000008ab00000, 0x000000008ab00000|100%| E|  |TAMS 0x000000008aa00000, 0x000000008aa00000| Complete 
| 121|0x000000008ab00000, 0x000000008ac00000, 0x000000008ac00000|100%| E|CS|TAMS 0x000000008ab00000, 0x000000008ab00000| Complete 
| 122|0x000000008ac00000, 0x000000008ad00000, 0x000000008ad00000|100%| E|CS|TAMS 0x000000008ac00000, 0x000000008ac00000| Complete 
| 123|0x000000008ad00000, 0x000000008ae00000, 0x000000008ae00000|100%| E|CS|TAMS 0x000000008ad00000, 0x000000008ad00000| Complete 
| 124|0x000000008ae00000, 0x000000008af00000, 0x000000008af00000|100%| E|CS|TAMS 0x000000008ae00000, 0x000000008ae00000| Complete 
| 125|0x000000008af00000, 0x000000008b000000, 0x000000008b000000|100%| E|CS|TAMS 0x000000008af00000, 0x000000008af00000| Complete 

Card table byte_map: [0x000001c674f20000,0x000001c675310000] _byte_map_base: 0x000001c674b07000

Marking Bits (Prev, Next): (CMBitMap*) 0x000001c65b140cf8, (CMBitMap*) 0x000001c65b140d38
 Prev Bits: [0x000001c675700000, 0x000001c677638000)
 Next Bits: [0x000001c677640000, 0x000001c679578000)

Polling page: 0x000001c65b1d0000

Metaspace:

Usage:
  Non-class:      6.87 MB capacity,     6.68 MB ( 97%) used,   174.78 KB (  2%) free+waste,    20.63 KB ( <1%) overhead. 
      Class:    913.00 KB capacity,   810.53 KB ( 89%) used,    89.22 KB ( 10%) free+waste,    13.25 KB (  1%) overhead. 
       Both:      7.76 MB capacity,     7.47 MB ( 96%) used,   264.00 KB (  3%) free+waste,    33.88 KB ( <1%) overhead. 

Virtual space:
  Non-class space:        8.00 MB reserved,       7.00 MB ( 88%) committed 
      Class space:        1.00 GB reserved,       1.00 MB ( <1%) committed 
             Both:        1.01 GB reserved,       8.00 MB ( <1%) committed 

Chunk freelists:
   Non-Class:  8.00 KB
       Class:  15.00 KB
        Both:  23.00 KB

MaxMetaspaceSize: 17179869184.00 GB
CompressedClassSpaceSize: 1.00 GB

CodeHeap 'non-profiled nmethods': size=120000Kb used=269Kb max_used=269Kb free=119730Kb
 bounds [0x000001c66cb90000, 0x000001c66ce00000, 0x000001c6740c0000]
CodeHeap 'profiled nmethods': size=120000Kb used=1298Kb max_used=1298Kb free=118701Kb
 bounds [0x000001c665660000, 0x000001c6658d0000, 0x000001c66cb90000]
CodeHeap 'non-nmethods': size=5760Kb used=1329Kb max_used=1343Kb free=4430Kb
 bounds [0x000001c6650c0000, 0x000001c665330000, 0x000001c665660000]
 total_blobs=1823 nmethods=850 adapters=432
 compilation: enabled
              stopped_count=0, restarted_count=0
 full_count=0

Compilation events (20 events):
Event: 0.700 Thread 0x000001c67c079800  838       3       java.lang.Character::toUpperCase (9 bytes)
Event: 0.700 Thread 0x000001c67c079800 nmethod 838 0x000001c66579e190 code [0x000001c66579e340, 0x000001c66579e538]
Event: 0.700 Thread 0x000001c67c079800  839       3       java.lang.Character::toUpperCase (6 bytes)
Event: 0.700 Thread 0x000001c67c079800 nmethod 839 0x000001c66579e610 code [0x000001c66579e7c0, 0x000001c66579ea18]
Event: 0.700 Thread 0x000001c67c079800  840       3       java.lang.invoke.DirectMethodHandle$Holder::invokeStatic (17 bytes)
Event: 0.701 Thread 0x000001c67c079800 nmethod 840 0x000001c66579eb10 code [0x000001c66579ece0, 0x000001c66579f1d8]
Event: 0.701 Thread 0x000001c67c079800  841       3       java.lang.StringCoding::hasNegatives (25 bytes)
Event: 0.701 Thread 0x000001c67c079800 nmethod 841 0x000001c66579f310 code [0x000001c66579f4c0, 0x000001c66579f6d8]
Event: 0.702 Thread 0x000001c67cc88800 nmethod 836 0x000001c66cbd2790 code [0x000001c66cbd2960, 0x000001c66cbd2cd8]
Event: 0.704 Thread 0x000001c67c079800  842       3       java.lang.invoke.InvokerBytecodeGenerator::emitStoreResult (27 bytes)
Event: 0.704 Thread 0x000001c67c079800 nmethod 842 0x000001c66579f810 code [0x000001c66579f9e0, 0x000001c66579fd58]
Event: 0.704 Thread 0x000001c67c079800  844       3       java.lang.invoke.LambdaForm::useCount (90 bytes)
Event: 0.704 Thread 0x000001c67c079800 nmethod 844 0x000001c66579ff10 code [0x000001c6657a00e0, 0x000001c6657a04b8]
Event: 0.704 Thread 0x000001c67c079800  843       3       java.lang.invoke.LambdaForm$NamedFunction::member (26 bytes)
Event: 0.705 Thread 0x000001c67c079800 nmethod 843 0x000001c6657a0690 code [0x000001c6657a0820, 0x000001c6657a0958]
Event: 0.705 Thread 0x000001c67c079800  845       3       java.lang.invoke.LambdaForm$Name::internArguments (59 bytes)
Event: 0.705 Thread 0x000001c67c079800 nmethod 845 0x000001c6657a0a10 code [0x000001c6657a0c00, 0x000001c6657a1348]
Event: 0.705 Thread 0x000001c67c079800  848       3       java.lang.invoke.LambdaForm$Name::replaceNames (174 bytes)
Event: 0.706 Thread 0x000001c67c079800 nmethod 848 0x000001c6657a1510 code [0x000001c6657a1740, 0x000001c6657a23d8]
Event: 0.706 Thread 0x000001c67c079800  849       3       java.lang.invoke.LambdaForm$BasicType::basicType (172 bytes)

GC Heap History (0 events):
No events

Deoptimization events (20 events):
Event: 0.388 Thread 0x000001c65b0fd800 DEOPT PACKING pc=0x000001c6656edd01 sp=0x00000084571f81d0
Event: 0.388 Thread 0x000001c65b0fd800 DEOPT UNPACKING pc=0x000001c66510964e sp=0x00000084571f7698 mode 0
Event: 0.388 Thread 0x000001c65b0fd800 DEOPT PACKING pc=0x000001c6656edd01 sp=0x00000084571f81d0
Event: 0.388 Thread 0x000001c65b0fd800 DEOPT UNPACKING pc=0x000001c66510964e sp=0x00000084571f7698 mode 0
Event: 0.389 Thread 0x000001c65b0fd800 DEOPT PACKING pc=0x000001c6656edd01 sp=0x00000084571f81d0
Event: 0.389 Thread 0x000001c65b0fd800 DEOPT UNPACKING pc=0x000001c66510964e sp=0x00000084571f7698 mode 0
Event: 0.391 Thread 0x000001c65b0fd800 DEOPT PACKING pc=0x000001c6656fe6f2 sp=0x00000084571fbfa0
Event: 0.391 Thread 0x000001c65b0fd800 DEOPT UNPACKING pc=0x000001c66510964e sp=0x00000084571fb428 mode 0
Event: 0.392 Thread 0x000001c65b0fd800 DEOPT PACKING pc=0x000001c6656edd01 sp=0x00000084571fbcb0
Event: 0.392 Thread 0x000001c65b0fd800 DEOPT UNPACKING pc=0x000001c66510964e sp=0x00000084571fb178 mode 0
Event: 0.392 Thread 0x000001c65b0fd800 DEOPT PACKING pc=0x000001c6656edd01 sp=0x00000084571fbcb0
Event: 0.392 Thread 0x000001c65b0fd800 DEOPT UNPACKING pc=0x000001c66510964e sp=0x00000084571fb178 mode 0
Event: 0.394 Thread 0x000001c65b0fd800 DEOPT PACKING pc=0x000001c6656edd01 sp=0x00000084571f8150
Event: 0.394 Thread 0x000001c65b0fd800 DEOPT UNPACKING pc=0x000001c66510964e sp=0x00000084571f7618 mode 0
Event: 0.396 Thread 0x000001c65b0fd800 DEOPT PACKING pc=0x000001c6656edd01 sp=0x00000084571fbbe0
Event: 0.396 Thread 0x000001c65b0fd800 DEOPT UNPACKING pc=0x000001c66510964e sp=0x00000084571fb0a8 mode 0
Event: 0.437 Thread 0x000001c65b0fd800 Uncommon trap: trap_request=0xffffff45 fr.pc=0x000001c66cbb39b8 relative=0x0000000000000178
Event: 0.437 Thread 0x000001c65b0fd800 Uncommon trap: reason=unstable_if action=reinterpret pc=0x000001c66cbb39b8 method=java.lang.StringCoding.hasNegatives([BII)Z @ 12 c2
Event: 0.437 Thread 0x000001c65b0fd800 DEOPT PACKING pc=0x000001c66cbb39b8 sp=0x00000084571fca30
Event: 0.437 Thread 0x000001c65b0fd800 DEOPT UNPACKING pc=0x000001c66510912f sp=0x00000084571fc9d8 mode 2

Classes unloaded (0 events):
No events

Classes redefined (0 events):
No events

Internal exceptions (14 events):
Event: 0.419 Thread 0x000001c65b0fd800 Exception <a 'java/lang/ClassNotFoundException'{0x000000008a947400}: sun/awt/resources/spi/awtProvider> (0x000000008a947400) 
thrown [t:/workspace/open/src/hotspot/share/classfile/systemDictionary.cpp, line 226]
Event: 0.438 Thread 0x000001c65b0fd800 Exception <a 'java/io/FileNotFoundException'{0x000000008a995be0}> (0x000000008a995be0) 
thrown [t:/workspace/open/src/hotspot/share/prims/jni.cpp, line 599]
Event: 0.446 Thread 0x000001c65b0fd800 Exception <a 'java/io/FileNotFoundException'{0x000000008a9be800}> (0x000000008a9be800) 
thrown [t:/workspace/open/src/hotspot/share/prims/jni.cpp, line 599]
Event: 0.521 Thread 0x000001c67d176800 Exception <a 'java/lang/NoSuchMethodError'{0x000000008a77b748}: 'void java.lang.invoke.DirectMethodHandle$Holder.invokeSpecial(java.lang.Object, java.lang.Object)'> (0x000000008a77b748) 
thrown [t:/workspace/open/src/hotspot/share/interpreter/linkResolver.cpp, line 766]
Event: 0.578 Thread 0x000001c65b0fd800 Exception <a 'java/lang/NoSuchMethodError'{0x000000008a6895d0}: 'java.lang.Object java.lang.invoke.DirectMethodHandle$Holder.invokeStatic(java.lang.Object, int, java.lang.Object, java.lang.Object, java.lang.Object, java.lang.Object)'> (0x000000008a6895d0) 
thrown [t:/workspace/open/src/hotspot/share/interpreter/linkResolver.cpp, line 766]
Event: 0.580 Thread 0x000001c65b0fd800 Exception <a 'java/lang/NoSuchMethodError'{0x000000008a68fef0}: 'java.lang.Object java.lang.invoke.DirectMethodHandle$Holder.invokeStatic(java.lang.Object, int, java.lang.Object, java.lang.Object, java.lang.Object)'> (0x000000008a68fef0) 
thrown [t:/workspace/open/src/hotspot/share/interpreter/linkResolver.cpp, line 766]
Event: 0.580 Thread 0x000001c65b0fd800 Exception <a 'java/lang/NoSuchMethodError'{0x000000008a693740}: 'java.lang.Object java.lang.invoke.DirectMethodHandle$Holder.invokeSpecial(java.lang.Object, java.lang.Object, int, java.lang.Object, java.lang.Object, java.lang.Object)'> (0x000000008a693740) 
thrown [t:/workspace/open/src/hotspot/share/interpreter/linkResolver.cpp, line 766]
Event: 0.586 Thread 0x000001c65b0fd800 Exception <a 'java/lang/NoSuchMethodError'{0x000000008a6aa118}: 'java.lang.Object java.lang.invoke.DirectMethodHandle$Holder.invokeStatic(java.lang.Object, int, java.lang.Object)'> (0x000000008a6aa118) 
thrown [t:/workspace/open/src/hotspot/share/interpreter/linkResolver.cpp, line 766]
Event: 0.623 Thread 0x000001c65b0fd800 Exception <a 'java/lang/ClassNotFoundException'{0x000000008a55d068}: com/sun/swing/internal/plaf/metal/resources/spi/metalProvider> (0x000000008a55d068) 
thrown [t:/workspace/open/src/hotspot/share/classfile/systemDictionary.cpp, line 226]
Event: 0.625 Thread 0x000001c65b0fd800 Exception <a 'java/lang/ClassNotFoundException'{0x000000008a565330}: com/sun/swing/internal/plaf/basic/resources/spi/basicProvider> (0x000000008a565330) 
thrown [t:/workspace/open/src/hotspot/share/classfile/systemDictionary.cpp, line 226]
Event: 0.673 Thread 0x000001c65b0fd800 Exception <a 'java/lang/NoSuchMethodError'{0x000000008a4143c8}: 'void java.lang.invoke.DirectMethodHandle$Holder.invokeStaticInit(java.lang.Object)'> (0x000000008a4143c8) 
thrown [t:/workspace/open/src/hotspot/share/interpreter/linkResolver.cpp, line 766]
Event: 0.685 Thread 0x000001c65b0fd800 Exception <a 'java/io/FileNotFoundException'{0x000000008a44fe78}> (0x000000008a44fe78) 
thrown [t:/workspace/open/src/hotspot/share/prims/jni.cpp, line 599]
Event: 0.685 Thread 0x000001c65b0fd800 Exception <a 'java/lang/NullPointerException'{0x000000008a450768}> (0x000000008a450768) 
thrown [t:/workspace/open/src/hotspot/share/interpreter/linkResolver.cpp, line 1348]
Event: 0.706 Thread 0x000001c65b0fd800 Exception <a 'java/lang/NoSuchMethodError'{0x000000008a334b58}: 'java.lang.Object java.lang.invoke.Invokers$Holder.linkToTargetMethod(java.lang.Object, int, java.lang.Object)'> (0x000000008a334b58) 
thrown [t:/workspace/open/src/hotspot/share/interpreter/linkResolver.cpp, line 766]

Events (20 events):
Event: 0.700 loading class sun/awt/Win32FontManager$2
Event: 0.700 loading class sun/awt/Win32FontManager$2 done
Event: 0.700 loading class sun/awt/FontConfiguration$2
Event: 0.700 loading class sun/awt/FontConfiguration$2 done
Event: 0.701 loading class sun/awt/windows/WDefaultFontCharset
Event: 0.701 loading class sun/awt/AWTCharset
Event: 0.701 loading class sun/awt/AWTCharset done
Event: 0.701 loading class sun/awt/windows/WDefaultFontCharset done
Event: 0.701 loading class sun/awt/windows/WDefaultFontCharset$Encoder
Event: 0.701 loading class sun/awt/AWTCharset$Encoder
Event: 0.701 loading class sun/awt/AWTCharset$Encoder done
Event: 0.701 loading class sun/awt/windows/WDefaultFontCharset$Encoder done
Event: 0.702 loading class sun/awt/windows/WingDings
Event: 0.702 loading class sun/awt/windows/WingDings done
Event: 0.703 loading class sun/awt/windows/WingDings$Encoder
Event: 0.703 loading class sun/awt/windows/WingDings$Encoder done
Event: 0.703 loading class sun/awt/Symbol
Event: 0.703 loading class sun/awt/Symbol done
Event: 0.703 loading class sun/awt/Symbol$Encoder
Event: 0.703 loading class sun/awt/Symbol$Encoder done


Dynamic libraries:
0x00007ff6aa9f0000 - 0x00007ff6aa9ff000 	C:\Program Files\Java\jdk-14\bin\javaw.exe
0x00007ff919740000 - 0x00007ff919930000 	C:\Windows\SYSTEM32\ntdll.dll
0x00007ff9195c0000 - 0x00007ff919672000 	C:\Windows\System32\KERNEL32.DLL
0x00007ff917290000 - 0x00007ff917534000 	C:\Windows\System32\KERNELBASE.dll
0x00007ff9166c0000 - 0x00007ff9167ba000 	C:\Windows\System32\ucrtbase.dll
0x00007ff90f4a0000 - 0x00007ff90f4b5000 	C:\Program Files\Java\jdk-14\bin\VCRUNTIME140.dll
0x00007ff90d040000 - 0x00007ff90d058000 	C:\Program Files\Java\jdk-14\bin\jli.dll
0x00007ff918cc0000 - 0x00007ff918d63000 	C:\Windows\System32\ADVAPI32.dll
0x00007ff918d70000 - 0x00007ff918e0e000 	C:\Windows\System32\msvcrt.dll
0x00007ff919510000 - 0x00007ff9195a7000 	C:\Windows\System32\sechost.dll
0x00007ff917ec0000 - 0x00007ff917fe0000 	C:\Windows\System32\RPCRT4.dll
0x00007ff917b70000 - 0x00007ff917d04000 	C:\Windows\System32\USER32.dll
0x00007ff917690000 - 0x00007ff9176b1000 	C:\Windows\System32\win32u.dll
0x00007ff8f6f30000 - 0x00007ff8f71b4000 	C:\Windows\WinSxS\amd64_microsoft.windows.common-controls_6595b64144ccf1df_6.0.18362.959_none_e6c7bbbf130c62bb\COMCTL32.dll
0x00007ff9192b0000 - 0x00007ff9192d6000 	C:\Windows\System32\GDI32.dll
0x00007ff918040000 - 0x00007ff918375000 	C:\Windows\System32\combase.dll
0x00007ff9167c0000 - 0x00007ff916956000 	C:\Windows\System32\gdi32full.dll
0x00007ff916a60000 - 0x00007ff916afe000 	C:\Windows\System32\msvcp_win.dll
0x00007ff9176c0000 - 0x00007ff917740000 	C:\Windows\System32\bcryptPrimitives.dll
0x00007ff912170000 - 0x00007ff91217a000 	C:\Windows\SYSTEM32\VERSION.dll
0x00007ff918e10000 - 0x00007ff918e3e000 	C:\Windows\System32\IMM32.DLL
0x00007ff8dc0d0000 - 0x00007ff8dc16b000 	C:\Program Files\Java\jdk-14\bin\msvcp140.dll
0x00007ff8ca840000 - 0x00007ff8cb35f000 	C:\Program Files\Java\jdk-14\bin\server\jvm.dll
0x00007ff917a00000 - 0x00007ff917a08000 	C:\Windows\System32\PSAPI.DLL
0x00007ff90cee0000 - 0x00007ff90cf04000 	C:\Windows\SYSTEM32\WINMM.dll
0x00007ff8f7270000 - 0x00007ff8f7279000 	C:\Windows\SYSTEM32\WSOCK32.dll
0x00007ff918560000 - 0x00007ff9185cf000 	C:\Windows\System32\WS2_32.dll
0x00007ff90ceb0000 - 0x00007ff90cedd000 	C:\Windows\SYSTEM32\winmmbase.dll
0x00007ff9169e0000 - 0x00007ff916a2a000 	C:\Windows\System32\cfgmgr32.dll
0x00007ff916620000 - 0x00007ff916631000 	C:\Windows\System32\kernel.appcore.dll
0x00007ff90edf0000 - 0x00007ff90edfa000 	C:\Program Files\Java\jdk-14\bin\jimage.dll
0x00007ff914d90000 - 0x00007ff914f84000 	C:\Windows\SYSTEM32\DBGHELP.DLL
0x00007ff914d60000 - 0x00007ff914d8a000 	C:\Windows\SYSTEM32\dbgcore.DLL
0x00007ff90cb10000 - 0x00007ff90cb48000 	C:\Program Files\Java\jdk-14\bin\jdwp.dll
0x00007ff8f4360000 - 0x00007ff8f4385000 	C:\Program Files\Java\jdk-14\bin\java.dll
0x00007ff90f940000 - 0x00007ff90f94e000 	C:\Program Files\Java\jdk-14\bin\instrument.dll
0x00007ff8f9a90000 - 0x00007ff8f9aa7000 	C:\Program Files\Java\jdk-14\bin\zip.dll
0x00007ff9185d0000 - 0x00007ff918cb6000 	C:\Windows\System32\SHELL32.dll
0x00007ff918380000 - 0x00007ff918429000 	C:\Windows\System32\shcore.dll
0x00007ff916b00000 - 0x00007ff917282000 	C:\Windows\System32\windows.storage.dll
0x00007ff916640000 - 0x00007ff916663000 	C:\Windows\System32\profapi.dll
0x00007ff916670000 - 0x00007ff9166ba000 	C:\Windows\System32\powrprof.dll
0x00007ff9165f0000 - 0x00007ff916600000 	C:\Windows\System32\UMPDC.dll
0x00007ff919420000 - 0x00007ff919472000 	C:\Windows\System32\shlwapi.dll
0x00007ff916960000 - 0x00007ff916977000 	C:\Windows\System32\cryptsp.dll
0x00007ff90cb00000 - 0x00007ff90cb0b000 	C:\Program Files\Java\jdk-14\bin\dt_socket.dll
0x00007ff915b10000 - 0x00007ff915b4a000 	C:\Windows\SYSTEM32\IPHLPAPI.DLL
0x00007ff915e00000 - 0x00007ff915e67000 	C:\Windows\system32\mswsock.dll
0x00007ff915b50000 - 0x00007ff915c1b000 	C:\Windows\SYSTEM32\DNSAPI.dll
0x00007ff9195b0000 - 0x00007ff9195b8000 	C:\Windows\System32\NSI.dll
0x00007ff90cd90000 - 0x00007ff90cd9a000 	C:\Windows\System32\rasadhlp.dll
0x00007ff90e240000 - 0x00007ff90e2b7000 	C:\Windows\System32\fwpuclnt.dll
0x00007ff916a30000 - 0x00007ff916a56000 	C:\Windows\System32\bcrypt.dll
0x00007ff8f4340000 - 0x00007ff8f4359000 	C:\Program Files\Java\jdk-14\bin\net.dll
0x00007ff914a00000 - 0x00007ff914af0000 	C:\Windows\SYSTEM32\WINHTTP.dll
0x00007ff8f4320000 - 0x00007ff8f4332000 	C:\Program Files\Java\jdk-14\bin\nio.dll
0x00007ff90b350000 - 0x00007ff90b360000 	C:\Program Files\Java\jdk-14\bin\verify.dll
0x00007ff8dbd00000 - 0x00007ff8dbe98000 	C:\Program Files\Java\jdk-14\bin\awt.dll
0x00007ff918430000 - 0x00007ff9184f5000 	C:\Windows\System32\OLEAUT32.dll
0x00007ff9140c0000 - 0x00007ff91414f000 	C:\Windows\SYSTEM32\apphelp.dll
0x00007ff9146d0000 - 0x00007ff9146fd000 	C:\Windows\system32\DWMAPI.DLL
0x00007ff9142a0000 - 0x00007ff914339000 	C:\Windows\system32\uxtheme.dll
0x00007ff8f6a80000 - 0x00007ff8f6bd6000 	C:\Windows\system32\opengl32.dll
0x00007ff90e5c0000 - 0x00007ff90e5ec000 	C:\Windows\SYSTEM32\GLU32.dll
0x00007ff915260000 - 0x00007ff915280000 	C:\Windows\SYSTEM32\dxcore.dll
0x00007ff9192e0000 - 0x00007ff919415000 	C:\Windows\System32\MSCTF.dll
0x00007ff917a10000 - 0x00007ff917b67000 	C:\Windows\System32\ole32.dll
0x00007ff8dc040000 - 0x00007ff8dc0c2000 	C:\Program Files\Java\jdk-14\bin\freetype.dll
0x00007ff8dad60000 - 0x00007ff8dae06000 	C:\Program Files\Java\jdk-14\bin\fontmanager.dll

dbghelp: loaded successfully - version: 4.0.5 - missing functions: none
symbol engine: initialized successfully - sym options: 0x614 - pdb path: .;C:\Program Files\Java\jdk-14\bin;C:\Windows\SYSTEM32;C:\Windows\WinSxS\amd64_microsoft.windows.common-controls_6595b64144ccf1df_6.0.18362.959_none_e6c7bbbf130c62bb;C:\Program Files\Java\jdk-14\bin\server

VM Arguments:
jvm_args: -Dfile.encoding=UTF-8 -Djava.util.logging.config.file=logging.properties -agentlib:jdwp=transport=dt_socket,suspend=y,address=localhost:63706 -javaagent:C:\app\eclipse\java-2020-06\eclipse\configuration\org.eclipse.osgi\222\0\.cp\lib\javaagent-shaded.jar -Dfile.encoding=UTF-8 --enable-preview 
java_command: test.puzzle.TestLifeGame
java_class_path (initial): D:\git\Puzzle\target\test-classes;D:\git\Puzzle\target\classes;C:\Users\saka1\.p2\pool\plugins\org.junit.jupiter.api_5.6.0.v20200203-2009.jar;C:\Users\saka1\.p2\pool\plugins\org.junit.jupiter.engine_5.6.0.v20200203-2009.jar;C:\Users\saka1\.p2\pool\plugins\org.junit.jupiter.migrationsupport_5.6.0.v20200203-2009.jar;C:\Users\saka1\.p2\pool\plugins\org.junit.jupiter.params_5.6.0.v20200203-2009.jar;C:\Users\saka1\.p2\pool\plugins\org.junit.platform.commons_1.6.0.v20200203-2009.jar;C:\Users\saka1\.p2\pool\plugins\org.junit.platform.engine_1.6.0.v20200203-2009.jar;C:\Users\saka1\.p2\pool\plugins\org.junit.platform.launcher_1.6.0.v20200203-2009.jar;C:\Users\saka1\.p2\pool\plugins\org.junit.platform.runner_1.6.0.v20200203-2009.jar;C:\Users\saka1\.p2\pool\plugins\org.junit.platform.suite.api_1.6.0.v20200203-2009.jar;C:\Users\saka1\.p2\pool\plugins\org.junit.vintage.engine_5.6.0.v20200203-2009.jar;C:\Users\saka1\.p2\pool\plugins\org.opentest4j_1.2.0.v20190826-0900.jar;C:\Users\saka1\.p2\pool\plugins\org.apiguardian_1.1.0.v20190826-0900.jar;C:\Users\saka1\.p2\pool\plugins\org.junit_4.13.0.v20200204-1500.jar;C:\Users\saka1\.p2\pool\plugins\org.hamcrest.core_1.3.0.v20180420-1519.jar;C:\Users\saka1\.m2\repository\junit\junit\3.8.1\junit-3.8.1.jar
Launcher Type: SUN_STANDARD

[Global flags]
     intx CICompilerCount                          = 4                                         {product} {ergonomic}
     uint ConcGCThreads                            = 2                                         {product} {ergonomic}
     uint G1ConcRefinementThreads                  = 8                                         {product} {ergonomic}
   size_t G1HeapRegionSize                         = 1048576                                   {product} {ergonomic}
    uintx GCDrainStackTargetSize                   = 64                                        {product} {ergonomic}
   size_t InitialHeapSize                          = 132120576                                 {product} {ergonomic}
   size_t MarkStackSize                            = 4194304                                   {product} {ergonomic}
   size_t MaxHeapSize                              = 2095054848                                {product} {ergonomic}
   size_t MaxNewSize                               = 1256194048                                {product} {ergonomic}
   size_t MinHeapDeltaBytes                        = 1048576                                   {product} {ergonomic}
   size_t MinHeapSize                              = 8388608                                   {product} {ergonomic}
    uintx NonNMethodCodeHeapSize                   = 5839372                                {pd product} {ergonomic}
    uintx NonProfiledCodeHeapSize                  = 122909434                              {pd product} {ergonomic}
    uintx ProfiledCodeHeapSize                     = 122909434                              {pd product} {ergonomic}
    uintx ReservedCodeCacheSize                    = 251658240                              {pd product} {ergonomic}
     bool SegmentedCodeCache                       = true                                      {product} {ergonomic}
   size_t SoftMaxHeapSize                          = 2095054848                             {manageable} {ergonomic}
     bool UseCompressedClassPointers               = true                                 {lp64_product} {ergonomic}
     bool UseCompressedOops                        = true                                 {lp64_product} {ergonomic}
     bool UseG1GC                                  = true                                      {product} {ergonomic}
     bool UseLargePagesIndividualAllocation        = false                                  {pd product} {ergonomic}

Logging:
Log output configuration:
 #0: stdout all=warning uptime,level,tags
 #1: stderr all=off uptime,level,tags

Environment Variables:
JAVA_HOME=C:\Program Files\Java\jdk-14
JAVA_TOOL_OPTIONS=-Dfile.encoding=UTF-8 -Djava.util.logging.config.file=logging.properties
CLASSPATH=D:\git\Util\bin
PATH=C:/Program Files/Java/jdk-14/bin/server;C:/Program Files/Java/jdk-14/bin;C:\Program Files (x86)\Intel\Intel(R) Management Engine Components\iCLS\;C:\Program Files\Intel\Intel(R) Management Engine Components\iCLS\;C:\Windows\system32;C:\Windows;C:\Windows\System32\Wbem;C:\Windows\System32\WindowsPowerShell\v1.0\;C:\Windows\System32\OpenSSH\;C:\Program Files (x86)\Intel\Intel(R) Management Engine Components\DAL;C:\Program Files\Intel\Intel(R) Management Engine Components\DAL;C:\app\vim82-kaoriya-win64;D:\bin;C:\Program Files\Git\cmd;C:\Program Files\Java\jdk-14\bin;C:\Program Files\TortoiseGit\bin;C:\Users\saka1\AppData\Local\Microsoft\WindowsApps;;C:\Windows\system32;
USERNAME=saka1
OS=Windows_NT
PROCESSOR_IDENTIFIER=Intel64 Family 6 Model 142 Stepping 12, GenuineIntel



---------------  S Y S T E M  ---------------

OS: Windows 10 , 64 bit Build 18362 (10.0.18362.959)
OS uptime: 3 days 20:08 hours

CPU:total 8 (initial active 8) (4 cores per cpu, 2 threads per core) family 6 model 142 stepping 12, cmov, cx8, fxsr, mmx, sse, sse2, sse3, ssse3, sse4.1, sse4.2, popcnt, avx, avx2, aes, clmul, erms, 3dnowpref, lzcnt, ht, tsc, tscinvbit, bmi1, bmi2, adx, fma

Memory: 4k page, system-wide physical 7986M (1647M free)
TotalPageFile size 17714M (AvailPageFile size 6538M)
current process WorkingSet (physical memory assigned to process): 61M, peak: 61M
current process commit charge ("private bytes"): 221M, peak: 221M

vm_info: Java HotSpot(TM) 64-Bit Server VM (14+36-1461) for windows-amd64 JRE (14+36-1461), built on Feb  6 2020 19:08:04 by "mach5one" with MS VC++ 15.9 (VS2017)

END.
