#
# A fatal error has been detected by the Java Runtime Environment:
#
#  EXCEPTION_ACCESS_VIOLATION (0xc0000005) at pc=0x00007ffed526f74a, pid=7028, tid=12260
#
# JRE version: Java(TM) SE Runtime Environment (14.0+36) (build 14+36-1461)
# Java VM: Java HotSpot(TM) 64-Bit Server VM (14+36-1461, mixed mode, sharing, tiered, compressed oops, g1 gc, windows-amd64)
# Problematic frame:
# C  [awt.dll+0x8f74a]
#
# No core dump will be written. Minidumps are not enabled by default on client versions of Windows
#
# If you would like to submit a bug report, please visit:
#   https://bugreport.java.com/bugreport/crash.jsp
# The crash happened outside the Java Virtual Machine in native code.
# See problematic frame for where to report the bug.
#

---------------  S U M M A R Y ------------

Command Line: -Dfile.encoding=UTF-8 -Djava.util.logging.config.file=logging.properties -agentlib:jdwp=transport=dt_socket,suspend=y,address=localhost:51708 -javaagent:C:\app\eclipse\java-2020-06\eclipse\configuration\org.eclipse.osgi\222\0\.cp\lib\javaagent-shaded.jar -Dfile.encoding=UTF-8 --enable-preview test.puzzle.TestLifeGame

Host: Intel(R) Core(TM) i5-8265U CPU @ 1.60GHz, 8 cores, 7G,  Windows 10 , 64 bit Build 18362 (10.0.18362.959)
Time: Wed Jul 22 15:14:02 2020 ???? (?W?€??) elapsed time: 0 seconds (0d 0h 0m 0s)

---------------  T H R E A D  ---------------

Current thread (0x000001bda6fbd800):  JavaThread "main" [_thread_in_native, id=12260, stack(0x0000008d6f900000,0x0000008d6fa00000)]

Stack: [0x0000008d6f900000,0x0000008d6fa00000],  sp=0x0000008d6f9fee30,  free space=1019k
Native frames: (J=compiled Java code, j=interpreted, Vv=VM code, C=native code)
C  [awt.dll+0x8f74a]

Java frames: (J=compiled Java code, j=interpreted, Vv=VM code)
j  sun.awt.windows.WComponentPeer._setFont(Ljava/awt/Font;)V+0 java.desktop@14
j  sun.awt.windows.WComponentPeer.setFont(Ljava/awt/Font;)V+7 java.desktop@14
j  sun.awt.windows.WWindowPeer.initialize()V+42 java.desktop@14
j  sun.awt.windows.WFramePeer.initialize()V+1 java.desktop@14
j  sun.awt.windows.WComponentPeer.<init>(Ljava/awt/Component;)V+83 java.desktop@14
j  sun.awt.windows.WCanvasPeer.<init>(Ljava/awt/Component;)V+2 java.desktop@14
j  sun.awt.windows.WPanelPeer.<init>(Ljava/awt/Component;)V+2 java.desktop@14
j  sun.awt.windows.WWindowPeer.<init>(Ljava/awt/Window;)V+2 java.desktop@14
j  sun.awt.windows.WFramePeer.<init>(Ljava/awt/Frame;)V+2 java.desktop@14
j  sun.awt.windows.WToolkit.createFrame(Ljava/awt/Frame;)Ljava/awt/peer/FramePeer;+5 java.desktop@14
j  java.awt.Frame.addNotify()V+20 java.desktop@14
j  java.awt.Window.pack()V+28 java.desktop@14
j  test.puzzle.TestLifeGame$1.<init>()V+52
j  test.puzzle.TestLifeGame.main([Ljava/lang/String;)V+4
v  ~StubRoutines::call_stub

siginfo: EXCEPTION_ACCESS_VIOLATION (0xc0000005), reading address 0x0000000000000058


Register to memory mapping:

RIP=0x00007ffed526f74a awt.dll
RAX=0x00007ffed52ea660 awt.dll
RBX=0x000001bda6fbdb10 points into unknown readable memory: a0 2a 6b b9 fe 7f 00 00
RCX=0x000001bdc718b7b0 points into unknown readable memory: 60 a6 2e d5 fe 7f 00 00
RDX=0x0 is NULL
RSP=0x0000008d6f9fee30 is pointing into the stack for thread: 0x000001bda6fbd800
RBP=0x0 is NULL
RSI=0x000001bdc718fea0 is a global jni handle
RDI=0x000001bdc718feb8 is a global jni handle
R8 =0x0000000000000042 is an unknown value
R9 =0x0000000800b76650 is a pointer to class: 
java.awt.Font {0x0000000800b76658}
R10=0x0000000000008000 is an unknown value
R11=0x0000008d6f9fee30 is pointing into the stack for thread: 0x000001bda6fbd800
R12=0x0 is NULL
R13={method} {0x000001bdc6250550} '_setFont' '(Ljava/awt/Font;)V' in 'sun/awt/windows/WComponentPeer'
R14=0x000001bdc718b7b0 points into unknown readable memory: 60 a6 2e d5 fe 7f 00 00
R15=0x000001bdc6bcac60 points into unknown readable memory: a0 fe 18 c7 bd 01 00 00


Registers:
RAX=0x00007ffed52ea660, RBX=0x000001bda6fbdb10, RCX=0x000001bdc718b7b0, RDX=0x0000000000000000
RSP=0x0000008d6f9fee30, RBP=0x0000000000000000, RSI=0x000001bdc718fea0, RDI=0x000001bdc718feb8
R8 =0x0000000000000042, R9 =0x0000000800b76650, R10=0x0000000000008000, R11=0x0000008d6f9fee30
R12=0x0000000000000000, R13=0x000001bdc6250548, R14=0x000001bdc718b7b0, R15=0x000001bdc6bcac60
RIP=0x00007ffed526f74a, EFLAGS=0x0000000000010206

Top of Stack: (sp=0x0000008d6f9fee30)
0x0000008d6f9fee30:   000001bdc6bcac60 000001bdc718b7b0
0x0000008d6f9fee40:   000001bdc6bcac60 000001bdc718b7b0
0x0000008d6f9fee50:   000001bdc718feb8 00007ffed5274655
0x0000008d6f9fee60:   000001bda6fbdb10 000001bda6fbdb10
0x0000008d6f9fee70:   0000000000000000 000001bdc718fea0
0x0000008d6f9fee80:   000001bda6fbd800 0000008d6f9fefd8
0x0000008d6f9fee90:   000001bdc6bcac60 00007ffed52ad59b
0x0000008d6f9feea0:   00007ffed532f018 0000008d6f9fefb0
0x0000008d6f9feeb0:   00007ffed5274528 0000000000000000
0x0000008d6f9feec0:   fffffffffffffffe fffffffffffffffe
0x0000008d6f9feed0:   000001bdc718fea0 00007ffed527581c
0x0000008d6f9feee0:   000001bdc718feb8 0000008d6f9fefd0
0x0000008d6f9feef0:   0000008d6f9fefd0 00007ffed532f018
0x0000008d6f9fef00:   fffffffffffffffe 00007ffeb9026c19
0x0000008d6f9fef10:   000001bdaf76cda9 000001bdaf777741
0x0000008d6f9fef20:   000001bdc6250548 0000000000000269 

Instructions: (pc=0x00007ffed526f74a)
0x00007ffed526f64a:   00 48 8b d9 e8 d9 dc ff ff 48 8b f8 48 85 c0 75
0x00007ffed526f65a:   04 48 8b 7b 48 48 8b cf e8 93 15 05 00 48 8b d8
0x00007ffed526f66a:   48 85 c0 74 60 83 64 24 20 00 0f 57 c0 83 64 24
0x00007ffed526f67a:   34 00 b9 11 00 00 00 83 64 24 38 00 f3 0f 7f 44
0x00007ffed526f68a:   24 24 ff 15 86 bc 0b 00 4c 8d 44 24 40 ba 5c 00
0x00007ffed526f69a:   00 00 48 8b c8 ff 15 2b bf 0b 00 83 f8 5c 75 0d
0x00007ffed526f6aa:   48 8d 54 24 40 48 8b cb e8 f2 15 05 00 48 8d 54
0x00007ffed526f6ba:   24 20 48 8b cb e8 09 16 05 00 48 8b d3 48 8b cf
0x00007ffed526f6ca:   e8 b6 15 05 00 48 8b 8c 24 a0 00 00 00 48 33 cc
0x00007ffed526f6da:   e8 e1 22 05 00 48 8b 9c 24 c8 00 00 00 48 81 c4
0x00007ffed526f6ea:   b0 00 00 00 5f c3 40 53 48 83 ec 20 48 8b d9 ff
0x00007ffed526f6fa:   15 69 c4 0b 00 48 85 c0 75 0a 48 8b 4b 48 ff 15
0x00007ffed526f70a:   52 c4 0b 00 48 83 c4 20 5b c3 4c 63 c2 48 8b 15
0x00007ffed526f71a:   2a a8 0b 00 48 ff 25 e3 c2 0b 00 cc cc cc 48 8b
0x00007ffed526f72a:   d1 48 8b 0d 1e d8 0b 00 48 89 15 17 d8 0b 00 e9
0x00007ffed526f73a:   f6 63 04 00 cc cc 48 89 5c 24 08 57 48 83 ec 20
0x00007ffed526f74a:   83 7a 58 00 48 8b da 48 8b f9 7d 08 48 8b ca e8
0x00007ffed526f75a:   4a 95 01 00 4c 8b 43 48 45 33 c9 48 8b 4f 48 4d
0x00007ffed526f76a:   8b 00 41 8d 51 30 ff 15 5a c5 0b 00 48 8b 4f 48
0x00007ffed526f77a:   33 d2 44 8d 42 01 48 8b 5c 24 30 48 83 c4 20 5f
0x00007ffed526f78a:   48 ff 25 f7 c3 0b 00 cc cc cc 48 8b c4 48 89 58
0x00007ffed526f79a:   08 48 89 68 10 48 89 70 18 48 89 78 20 41 56 48
0x00007ffed526f7aa:   83 ec 20 4c 8b f2 48 8b f9 48 8b 0d 3e f6 0b 00
0x00007ffed526f7ba:   ba 02 00 01 00 41 8b e8 e8 04 21 05 00 48 8b 97
0x00007ffed526f7ca:   c0 00 00 00 33 db 48 8b f0 48 85 d2 74 0d 4c 8b
0x00007ffed526f7da:   08 48 8b c8 41 ff 91 b0 00 00 00 4d 85 f6 74 14
0x00007ffed526f7ea:   48 8b 06 49 8b d6 48 8b ce ff 90 a8 00 00 00 48
0x00007ffed526f7fa:   8b d8 eb 05 bd 01 00 00 00 48 89 9f c0 00 00 00
0x00007ffed526f80a:   89 af c8 00 00 00 48 8b 5c 24 30 48 8b 6c 24 38
0x00007ffed526f81a:   48 8b 74 24 40 48 8b 7c 24 48 48 83 c4 20 41 5e
0x00007ffed526f82a:   c3 cc 48 89 5c 24 08 48 89 6c 24 10 48 89 74 24
0x00007ffed526f83a:   18 57 48 83 ec 20 33 db 48 8b f9 48 85 c9 75 09 


Stack slot to memory mapping:
stack at sp + 0 slots: 0x000001bdc6bcac60 points into unknown readable memory: a0 fe 18 c7 bd 01 00 00
stack at sp + 1 slots: 0x000001bdc718b7b0 points into unknown readable memory: 60 a6 2e d5 fe 7f 00 00
stack at sp + 2 slots: 0x000001bdc6bcac60 points into unknown readable memory: a0 fe 18 c7 bd 01 00 00
stack at sp + 3 slots: 0x000001bdc718b7b0 points into unknown readable memory: 60 a6 2e d5 fe 7f 00 00
stack at sp + 4 slots: 0x000001bdc718feb8 is a global jni handle
stack at sp + 5 slots: 0x00007ffed5274655 awt.dll
stack at sp + 6 slots: 0x000001bda6fbdb10 points into unknown readable memory: a0 2a 6b b9 fe 7f 00 00
stack at sp + 7 slots: 0x000001bda6fbdb10 points into unknown readable memory: a0 2a 6b b9 fe 7f 00 00


---------------  P R O C E S S  ---------------

Threads class SMR info:
_java_thread_list=0x000001bdc7118e20, length=19, elements={
0x000001bda6fbd800, 0x000001bdc5f34000, 0x000001bdc5f35800, 0x000001bdc5f51800,
0x000001bdc5f54800, 0x000001bdc5f56800, 0x000001bdc5f60000, 0x000001bdc5f64800,
0x000001bdc5f7a800, 0x000001bdc6924800, 0x000001bdc6947800, 0x000001bdc6acd000,
0x000001bdc6ace800, 0x000001bdc6a16800, 0x000001bdc6927000, 0x000001bdc6927800,
0x000001bdc6926000, 0x000001bdc692a000, 0x000001bdc692b000
}

Java Threads: ( => current thread )
=>0x000001bda6fbd800 JavaThread "main" [_thread_in_native, id=12260, stack(0x0000008d6f900000,0x0000008d6fa00000)]
  0x000001bdc5f34000 JavaThread "Reference Handler" daemon [_thread_blocked, id=10936, stack(0x0000008d70000000,0x0000008d70100000)]
  0x000001bdc5f35800 JavaThread "Finalizer" daemon [_thread_blocked, id=9936, stack(0x0000008d70100000,0x0000008d70200000)]
  0x000001bdc5f51800 JavaThread "Signal Dispatcher" daemon [_thread_blocked, id=1376, stack(0x0000008d70200000,0x0000008d70300000)]
  0x000001bdc5f54800 JavaThread "Attach Listener" daemon [_thread_blocked, id=5880, stack(0x0000008d70300000,0x0000008d70400000)]
  0x000001bdc5f56800 JavaThread "Service Thread" daemon [_thread_blocked, id=5580, stack(0x0000008d70400000,0x0000008d70500000)]
  0x000001bdc5f60000 JavaThread "C2 CompilerThread0" daemon [_thread_blocked, id=11984, stack(0x0000008d70500000,0x0000008d70600000)]
  0x000001bdc5f64800 JavaThread "C1 CompilerThread0" daemon [_thread_blocked, id=7024, stack(0x0000008d70600000,0x0000008d70700000)]
  0x000001bdc5f7a800 JavaThread "Sweeper thread" daemon [_thread_blocked, id=5836, stack(0x0000008d70700000,0x0000008d70800000)]
  0x000001bdc6924800 JavaThread "Common-Cleaner" daemon [_thread_blocked, id=2792, stack(0x0000008d70800000,0x0000008d70900000)]
  0x000001bdc6947800 JavaThread "C2 CompilerThread1" daemon [_thread_blocked, id=4960, stack(0x0000008d70900000,0x0000008d70a00000)]
  0x000001bdc6acd000 JavaThread "JDWP Transport Listener: dt_socket" daemon [_thread_blocked, id=9616, stack(0x0000008d70a00000,0x0000008d70b00000)]
  0x000001bdc6ace800 JavaThread "JDWP Event Helper Thread" daemon [_thread_blocked, id=6240, stack(0x0000008d70b00000,0x0000008d70c00000)]
  0x000001bdc6a16800 JavaThread "JDWP Command Reader" daemon [_thread_in_native, id=8636, stack(0x0000008d70c00000,0x0000008d70d00000)]
  0x000001bdc6927000 JavaThread "Notification Thread" daemon [_thread_blocked, id=216, stack(0x0000008d70d00000,0x0000008d70e00000)]
  0x000001bdc6927800 JavaThread "Java2D Disposer" daemon [_thread_blocked, id=10916, stack(0x0000008d70f00000,0x0000008d71000000)]
  0x000001bdc6926000 JavaThread "AWT-Shutdown" [_thread_blocked, id=9412, stack(0x0000008d71000000,0x0000008d71100000)]
  0x000001bdc692a000 JavaThread "AWT-Windows" daemon [_thread_in_native, id=3384, stack(0x0000008d71100000,0x0000008d71200000)]
  0x000001bdc692b000 JavaThread "AWT-EventQueue-0" [_thread_blocked, id=11844, stack(0x0000008d71200000,0x0000008d71300000)]

Other Threads:
  0x000001bdc5f32000 VMThread "VM Thread" [stack: 0x0000008d6ff00000,0x0000008d70000000] [id=6908]
  0x000001bdc6bd6800 WatcherThread [stack: 0x0000008d70e00000,0x0000008d70f00000] [id=5068]
  0x000001bda6fff800 GCTaskThread "GC Thread#0" [stack: 0x0000008d6fa00000,0x0000008d6fb00000] [id=11700]
  0x000001bda7011000 ConcurrentGCThread "G1 Main Marker" [stack: 0x0000008d6fb00000,0x0000008d6fc00000] [id=11780]
  0x000001bda7012800 ConcurrentGCThread "G1 Conc#0" [stack: 0x0000008d6fc00000,0x0000008d6fd00000] [id=9944]
  0x000001bda708e000 ConcurrentGCThread "G1 Refine#0" [stack: 0x0000008d6fd00000,0x0000008d6fe00000] [id=12108]
  0x000001bdc5da5800 ConcurrentGCThread "G1 Young RemSet Sampling" [stack: 0x0000008d6fe00000,0x0000008d6ff00000] [id=8780]

Threads with active compile tasks:

VM state:not at safepoint (normal execution)

VM Mutex/Monitor currently owned by a thread: None

Heap address: 0x0000000083200000, size: 1998 MB, Compressed Oops mode: 32-bit
Narrow klass base: 0x0000000800000000, Narrow klass shift: 3
Compressed class space size: 1073741824 Address: 0x0000000800b30000

Heap:
 garbage-first heap   total 129024K, used 11264K [0x0000000083200000, 0x0000000100000000)
  region size 1024K, 13 young (13312K), 0 survivors (0K)
 Metaspace       used 7818K, capacity 8112K, committed 8192K, reserved 1056768K
  class space    used 836K, capacity 977K, committed 1024K, reserved 1048576K
Heap Regions: E=young(eden), S=young(survivor), O=old, HS=humongous(starts), HC=humongous(continues), CS=collection set, F=free, OA=open archive, CA=closed archive, TAMS=top-at-mark-start (previous, next)
|   0|0x0000000083200000, 0x0000000083200000, 0x0000000083300000|  0%| F|  |TAMS 0x0000000083200000, 0x0000000083200000| Untracked 
|   1|0x0000000083300000, 0x0000000083300000, 0x0000000083400000|  0%| F|  |TAMS 0x0000000083300000, 0x0000000083300000| Untracked 
|   2|0x0000000083400000, 0x0000000083400000, 0x0000000083500000|  0%| F|  |TAMS 0x0000000083400000, 0x0000000083400000| Untracked 
|   3|0x0000000083500000, 0x0000000083500000, 0x0000000083600000|  0%| F|  |TAMS 0x0000000083500000, 0x0000000083500000| Untracked 
|   4|0x0000000083600000, 0x0000000083600000, 0x0000000083700000|  0%| F|  |TAMS 0x0000000083600000, 0x0000000083600000| Untracked 
|   5|0x0000000083700000, 0x0000000083700000, 0x0000000083800000|  0%| F|  |TAMS 0x0000000083700000, 0x0000000083700000| Untracked 
|   6|0x0000000083800000, 0x0000000083800000, 0x0000000083900000|  0%| F|  |TAMS 0x0000000083800000, 0x0000000083800000| Untracked 
|   7|0x0000000083900000, 0x0000000083900000, 0x0000000083a00000|  0%| F|  |TAMS 0x0000000083900000, 0x0000000083900000| Untracked 
|   8|0x0000000083a00000, 0x0000000083a00000, 0x0000000083b00000|  0%| F|  |TAMS 0x0000000083a00000, 0x0000000083a00000| Untracked 
|   9|0x0000000083b00000, 0x0000000083b00000, 0x0000000083c00000|  0%| F|  |TAMS 0x0000000083b00000, 0x0000000083b00000| Untracked 
|  10|0x0000000083c00000, 0x0000000083c00000, 0x0000000083d00000|  0%| F|  |TAMS 0x0000000083c00000, 0x0000000083c00000| Untracked 
|  11|0x0000000083d00000, 0x0000000083d00000, 0x0000000083e00000|  0%| F|  |TAMS 0x0000000083d00000, 0x0000000083d00000| Untracked 
|  12|0x0000000083e00000, 0x0000000083e00000, 0x0000000083f00000|  0%| F|  |TAMS 0x0000000083e00000, 0x0000000083e00000| Untracked 
|  13|0x0000000083f00000, 0x0000000083f00000, 0x0000000084000000|  0%| F|  |TAMS 0x0000000083f00000, 0x0000000083f00000| Untracked 
|  14|0x0000000084000000, 0x0000000084000000, 0x0000000084100000|  0%| F|  |TAMS 0x0000000084000000, 0x0000000084000000| Untracked 
|  15|0x0000000084100000, 0x0000000084100000, 0x0000000084200000|  0%| F|  |TAMS 0x0000000084100000, 0x0000000084100000| Untracked 
|  16|0x0000000084200000, 0x0000000084200000, 0x0000000084300000|  0%| F|  |TAMS 0x0000000084200000, 0x0000000084200000| Untracked 
|  17|0x0000000084300000, 0x0000000084300000, 0x0000000084400000|  0%| F|  |TAMS 0x0000000084300000, 0x0000000084300000| Untracked 
|  18|0x0000000084400000, 0x0000000084400000, 0x0000000084500000|  0%| F|  |TAMS 0x0000000084400000, 0x0000000084400000| Untracked 
|  19|0x0000000084500000, 0x0000000084500000, 0x0000000084600000|  0%| F|  |TAMS 0x0000000084500000, 0x0000000084500000| Untracked 
|  20|0x0000000084600000, 0x0000000084600000, 0x0000000084700000|  0%| F|  |TAMS 0x0000000084600000, 0x0000000084600000| Untracked 
|  21|0x0000000084700000, 0x0000000084700000, 0x0000000084800000|  0%| F|  |TAMS 0x0000000084700000, 0x0000000084700000| Untracked 
|  22|0x0000000084800000, 0x0000000084800000, 0x0000000084900000|  0%| F|  |TAMS 0x0000000084800000, 0x0000000084800000| Untracked 
|  23|0x0000000084900000, 0x0000000084900000, 0x0000000084a00000|  0%| F|  |TAMS 0x0000000084900000, 0x0000000084900000| Untracked 
|  24|0x0000000084a00000, 0x0000000084a00000, 0x0000000084b00000|  0%| F|  |TAMS 0x0000000084a00000, 0x0000000084a00000| Untracked 
|  25|0x0000000084b00000, 0x0000000084b00000, 0x0000000084c00000|  0%| F|  |TAMS 0x0000000084b00000, 0x0000000084b00000| Untracked 
|  26|0x0000000084c00000, 0x0000000084c00000, 0x0000000084d00000|  0%| F|  |TAMS 0x0000000084c00000, 0x0000000084c00000| Untracked 
|  27|0x0000000084d00000, 0x0000000084d00000, 0x0000000084e00000|  0%| F|  |TAMS 0x0000000084d00000, 0x0000000084d00000| Untracked 
|  28|0x0000000084e00000, 0x0000000084e00000, 0x0000000084f00000|  0%| F|  |TAMS 0x0000000084e00000, 0x0000000084e00000| Untracked 
|  29|0x0000000084f00000, 0x0000000084f00000, 0x0000000085000000|  0%| F|  |TAMS 0x0000000084f00000, 0x0000000084f00000| Untracked 
|  30|0x0000000085000000, 0x0000000085000000, 0x0000000085100000|  0%| F|  |TAMS 0x0000000085000000, 0x0000000085000000| Untracked 
|  31|0x0000000085100000, 0x0000000085100000, 0x0000000085200000|  0%| F|  |TAMS 0x0000000085100000, 0x0000000085100000| Untracked 
|  32|0x0000000085200000, 0x0000000085200000, 0x0000000085300000|  0%| F|  |TAMS 0x0000000085200000, 0x0000000085200000| Untracked 
|  33|0x0000000085300000, 0x0000000085300000, 0x0000000085400000|  0%| F|  |TAMS 0x0000000085300000, 0x0000000085300000| Untracked 
|  34|0x0000000085400000, 0x0000000085400000, 0x0000000085500000|  0%| F|  |TAMS 0x0000000085400000, 0x0000000085400000| Untracked 
|  35|0x0000000085500000, 0x0000000085500000, 0x0000000085600000|  0%| F|  |TAMS 0x0000000085500000, 0x0000000085500000| Untracked 
|  36|0x0000000085600000, 0x0000000085600000, 0x0000000085700000|  0%| F|  |TAMS 0x0000000085600000, 0x0000000085600000| Untracked 
|  37|0x0000000085700000, 0x0000000085700000, 0x0000000085800000|  0%| F|  |TAMS 0x0000000085700000, 0x0000000085700000| Untracked 
|  38|0x0000000085800000, 0x0000000085800000, 0x0000000085900000|  0%| F|  |TAMS 0x0000000085800000, 0x0000000085800000| Untracked 
|  39|0x0000000085900000, 0x0000000085900000, 0x0000000085a00000|  0%| F|  |TAMS 0x0000000085900000, 0x0000000085900000| Untracked 
|  40|0x0000000085a00000, 0x0000000085a00000, 0x0000000085b00000|  0%| F|  |TAMS 0x0000000085a00000, 0x0000000085a00000| Untracked 
|  41|0x0000000085b00000, 0x0000000085b00000, 0x0000000085c00000|  0%| F|  |TAMS 0x0000000085b00000, 0x0000000085b00000| Untracked 
|  42|0x0000000085c00000, 0x0000000085c00000, 0x0000000085d00000|  0%| F|  |TAMS 0x0000000085c00000, 0x0000000085c00000| Untracked 
|  43|0x0000000085d00000, 0x0000000085d00000, 0x0000000085e00000|  0%| F|  |TAMS 0x0000000085d00000, 0x0000000085d00000| Untracked 
|  44|0x0000000085e00000, 0x0000000085e00000, 0x0000000085f00000|  0%| F|  |TAMS 0x0000000085e00000, 0x0000000085e00000| Untracked 
|  45|0x0000000085f00000, 0x0000000085f00000, 0x0000000086000000|  0%| F|  |TAMS 0x0000000085f00000, 0x0000000085f00000| Untracked 
|  46|0x0000000086000000, 0x0000000086000000, 0x0000000086100000|  0%| F|  |TAMS 0x0000000086000000, 0x0000000086000000| Untracked 
|  47|0x0000000086100000, 0x0000000086100000, 0x0000000086200000|  0%| F|  |TAMS 0x0000000086100000, 0x0000000086100000| Untracked 
|  48|0x0000000086200000, 0x0000000086200000, 0x0000000086300000|  0%| F|  |TAMS 0x0000000086200000, 0x0000000086200000| Untracked 
|  49|0x0000000086300000, 0x0000000086300000, 0x0000000086400000|  0%| F|  |TAMS 0x0000000086300000, 0x0000000086300000| Untracked 
|  50|0x0000000086400000, 0x0000000086400000, 0x0000000086500000|  0%| F|  |TAMS 0x0000000086400000, 0x0000000086400000| Untracked 
|  51|0x0000000086500000, 0x0000000086500000, 0x0000000086600000|  0%| F|  |TAMS 0x0000000086500000, 0x0000000086500000| Untracked 
|  52|0x0000000086600000, 0x0000000086600000, 0x0000000086700000|  0%| F|  |TAMS 0x0000000086600000, 0x0000000086600000| Untracked 
|  53|0x0000000086700000, 0x0000000086700000, 0x0000000086800000|  0%| F|  |TAMS 0x0000000086700000, 0x0000000086700000| Untracked 
|  54|0x0000000086800000, 0x0000000086800000, 0x0000000086900000|  0%| F|  |TAMS 0x0000000086800000, 0x0000000086800000| Untracked 
|  55|0x0000000086900000, 0x0000000086900000, 0x0000000086a00000|  0%| F|  |TAMS 0x0000000086900000, 0x0000000086900000| Untracked 
|  56|0x0000000086a00000, 0x0000000086a00000, 0x0000000086b00000|  0%| F|  |TAMS 0x0000000086a00000, 0x0000000086a00000| Untracked 
|  57|0x0000000086b00000, 0x0000000086b00000, 0x0000000086c00000|  0%| F|  |TAMS 0x0000000086b00000, 0x0000000086b00000| Untracked 
|  58|0x0000000086c00000, 0x0000000086c00000, 0x0000000086d00000|  0%| F|  |TAMS 0x0000000086c00000, 0x0000000086c00000| Untracked 
|  59|0x0000000086d00000, 0x0000000086d00000, 0x0000000086e00000|  0%| F|  |TAMS 0x0000000086d00000, 0x0000000086d00000| Untracked 
|  60|0x0000000086e00000, 0x0000000086e00000, 0x0000000086f00000|  0%| F|  |TAMS 0x0000000086e00000, 0x0000000086e00000| Untracked 
|  61|0x0000000086f00000, 0x0000000086f00000, 0x0000000087000000|  0%| F|  |TAMS 0x0000000086f00000, 0x0000000086f00000| Untracked 
|  62|0x0000000087000000, 0x0000000087000000, 0x0000000087100000|  0%| F|  |TAMS 0x0000000087000000, 0x0000000087000000| Untracked 
|  63|0x0000000087100000, 0x0000000087100000, 0x0000000087200000|  0%| F|  |TAMS 0x0000000087100000, 0x0000000087100000| Untracked 
|  64|0x0000000087200000, 0x0000000087200000, 0x0000000087300000|  0%| F|  |TAMS 0x0000000087200000, 0x0000000087200000| Untracked 
|  65|0x0000000087300000, 0x0000000087300000, 0x0000000087400000|  0%| F|  |TAMS 0x0000000087300000, 0x0000000087300000| Untracked 
|  66|0x0000000087400000, 0x0000000087400000, 0x0000000087500000|  0%| F|  |TAMS 0x0000000087400000, 0x0000000087400000| Untracked 
|  67|0x0000000087500000, 0x0000000087500000, 0x0000000087600000|  0%| F|  |TAMS 0x0000000087500000, 0x0000000087500000| Untracked 
|  68|0x0000000087600000, 0x0000000087600000, 0x0000000087700000|  0%| F|  |TAMS 0x0000000087600000, 0x0000000087600000| Untracked 
|  69|0x0000000087700000, 0x0000000087700000, 0x0000000087800000|  0%| F|  |TAMS 0x0000000087700000, 0x0000000087700000| Untracked 
|  70|0x0000000087800000, 0x0000000087800000, 0x0000000087900000|  0%| F|  |TAMS 0x0000000087800000, 0x0000000087800000| Untracked 
|  71|0x0000000087900000, 0x0000000087900000, 0x0000000087a00000|  0%| F|  |TAMS 0x0000000087900000, 0x0000000087900000| Untracked 
|  72|0x0000000087a00000, 0x0000000087a00000, 0x0000000087b00000|  0%| F|  |TAMS 0x0000000087a00000, 0x0000000087a00000| Untracked 
|  73|0x0000000087b00000, 0x0000000087b00000, 0x0000000087c00000|  0%| F|  |TAMS 0x0000000087b00000, 0x0000000087b00000| Untracked 
|  74|0x0000000087c00000, 0x0000000087c00000, 0x0000000087d00000|  0%| F|  |TAMS 0x0000000087c00000, 0x0000000087c00000| Untracked 
|  75|0x0000000087d00000, 0x0000000087d00000, 0x0000000087e00000|  0%| F|  |TAMS 0x0000000087d00000, 0x0000000087d00000| Untracked 
|  76|0x0000000087e00000, 0x0000000087e00000, 0x0000000087f00000|  0%| F|  |TAMS 0x0000000087e00000, 0x0000000087e00000| Untracked 
|  77|0x0000000087f00000, 0x0000000087f00000, 0x0000000088000000|  0%| F|  |TAMS 0x0000000087f00000, 0x0000000087f00000| Untracked 
|  78|0x0000000088000000, 0x0000000088000000, 0x0000000088100000|  0%| F|  |TAMS 0x0000000088000000, 0x0000000088000000| Untracked 
|  79|0x0000000088100000, 0x0000000088100000, 0x0000000088200000|  0%| F|  |TAMS 0x0000000088100000, 0x0000000088100000| Untracked 
|  80|0x0000000088200000, 0x0000000088200000, 0x0000000088300000|  0%| F|  |TAMS 0x0000000088200000, 0x0000000088200000| Untracked 
|  81|0x0000000088300000, 0x0000000088300000, 0x0000000088400000|  0%| F|  |TAMS 0x0000000088300000, 0x0000000088300000| Untracked 
|  82|0x0000000088400000, 0x0000000088400000, 0x0000000088500000|  0%| F|  |TAMS 0x0000000088400000, 0x0000000088400000| Untracked 
|  83|0x0000000088500000, 0x0000000088500000, 0x0000000088600000|  0%| F|  |TAMS 0x0000000088500000, 0x0000000088500000| Untracked 
|  84|0x0000000088600000, 0x0000000088600000, 0x0000000088700000|  0%| F|  |TAMS 0x0000000088600000, 0x0000000088600000| Untracked 
|  85|0x0000000088700000, 0x0000000088700000, 0x0000000088800000|  0%| F|  |TAMS 0x0000000088700000, 0x0000000088700000| Untracked 
|  86|0x0000000088800000, 0x0000000088800000, 0x0000000088900000|  0%| F|  |TAMS 0x0000000088800000, 0x0000000088800000| Untracked 
|  87|0x0000000088900000, 0x0000000088900000, 0x0000000088a00000|  0%| F|  |TAMS 0x0000000088900000, 0x0000000088900000| Untracked 
|  88|0x0000000088a00000, 0x0000000088a00000, 0x0000000088b00000|  0%| F|  |TAMS 0x0000000088a00000, 0x0000000088a00000| Untracked 
|  89|0x0000000088b00000, 0x0000000088b00000, 0x0000000088c00000|  0%| F|  |TAMS 0x0000000088b00000, 0x0000000088b00000| Untracked 
|  90|0x0000000088c00000, 0x0000000088c00000, 0x0000000088d00000|  0%| F|  |TAMS 0x0000000088c00000, 0x0000000088c00000| Untracked 
|  91|0x0000000088d00000, 0x0000000088d00000, 0x0000000088e00000|  0%| F|  |TAMS 0x0000000088d00000, 0x0000000088d00000| Untracked 
|  92|0x0000000088e00000, 0x0000000088e00000, 0x0000000088f00000|  0%| F|  |TAMS 0x0000000088e00000, 0x0000000088e00000| Untracked 
|  93|0x0000000088f00000, 0x0000000088f00000, 0x0000000089000000|  0%| F|  |TAMS 0x0000000088f00000, 0x0000000088f00000| Untracked 
|  94|0x0000000089000000, 0x0000000089000000, 0x0000000089100000|  0%| F|  |TAMS 0x0000000089000000, 0x0000000089000000| Untracked 
|  95|0x0000000089100000, 0x0000000089100000, 0x0000000089200000|  0%| F|  |TAMS 0x0000000089100000, 0x0000000089100000| Untracked 
|  96|0x0000000089200000, 0x0000000089200000, 0x0000000089300000|  0%| F|  |TAMS 0x0000000089200000, 0x0000000089200000| Untracked 
|  97|0x0000000089300000, 0x0000000089300000, 0x0000000089400000|  0%| F|  |TAMS 0x0000000089300000, 0x0000000089300000| Untracked 
|  98|0x0000000089400000, 0x0000000089400000, 0x0000000089500000|  0%| F|  |TAMS 0x0000000089400000, 0x0000000089400000| Untracked 
|  99|0x0000000089500000, 0x0000000089500000, 0x0000000089600000|  0%| F|  |TAMS 0x0000000089500000, 0x0000000089500000| Untracked 
| 100|0x0000000089600000, 0x0000000089600000, 0x0000000089700000|  0%| F|  |TAMS 0x0000000089600000, 0x0000000089600000| Untracked 
| 101|0x0000000089700000, 0x0000000089700000, 0x0000000089800000|  0%| F|  |TAMS 0x0000000089700000, 0x0000000089700000| Untracked 
| 102|0x0000000089800000, 0x0000000089800000, 0x0000000089900000|  0%| F|  |TAMS 0x0000000089800000, 0x0000000089800000| Untracked 
| 103|0x0000000089900000, 0x0000000089900000, 0x0000000089a00000|  0%| F|  |TAMS 0x0000000089900000, 0x0000000089900000| Untracked 
| 104|0x0000000089a00000, 0x0000000089a00000, 0x0000000089b00000|  0%| F|  |TAMS 0x0000000089a00000, 0x0000000089a00000| Untracked 
| 105|0x0000000089b00000, 0x0000000089b00000, 0x0000000089c00000|  0%| F|  |TAMS 0x0000000089b00000, 0x0000000089b00000| Untracked 
| 106|0x0000000089c00000, 0x0000000089c00000, 0x0000000089d00000|  0%| F|  |TAMS 0x0000000089c00000, 0x0000000089c00000| Untracked 
| 107|0x0000000089d00000, 0x0000000089d00000, 0x0000000089e00000|  0%| F|  |TAMS 0x0000000089d00000, 0x0000000089d00000| Untracked 
| 108|0x0000000089e00000, 0x0000000089e00000, 0x0000000089f00000|  0%| F|  |TAMS 0x0000000089e00000, 0x0000000089e00000| Untracked 
| 109|0x0000000089f00000, 0x0000000089f00000, 0x000000008a000000|  0%| F|  |TAMS 0x0000000089f00000, 0x0000000089f00000| Untracked 
| 110|0x000000008a000000, 0x000000008a000000, 0x000000008a100000|  0%| F|  |TAMS 0x000000008a000000, 0x000000008a000000| Untracked 
| 111|0x000000008a100000, 0x000000008a100000, 0x000000008a200000|  0%| F|  |TAMS 0x000000008a100000, 0x000000008a100000| Untracked 
| 112|0x000000008a200000, 0x000000008a200000, 0x000000008a300000|  0%| F|  |TAMS 0x000000008a200000, 0x000000008a200000| Untracked 
| 113|0x000000008a300000, 0x000000008a376438, 0x000000008a400000| 46%| E|  |TAMS 0x000000008a300000, 0x000000008a300000| Complete 
| 114|0x000000008a400000, 0x000000008a500000, 0x000000008a500000|100%| E|CS|TAMS 0x000000008a400000, 0x000000008a400000| Complete 
| 115|0x000000008a500000, 0x000000008a600000, 0x000000008a600000|100%| E|CS|TAMS 0x000000008a500000, 0x000000008a500000| Complete 
| 116|0x000000008a600000, 0x000000008a700000, 0x000000008a700000|100%| E|CS|TAMS 0x000000008a600000, 0x000000008a600000| Complete 
| 117|0x000000008a700000, 0x000000008a800000, 0x000000008a800000|100%| E|CS|TAMS 0x000000008a700000, 0x000000008a700000| Complete 
| 118|0x000000008a800000, 0x000000008a900000, 0x000000008a900000|100%| E|CS|TAMS 0x000000008a800000, 0x000000008a800000| Complete 
| 119|0x000000008a900000, 0x000000008aa00000, 0x000000008aa00000|100%| E|CS|TAMS 0x000000008a900000, 0x000000008a900000| Complete 
| 120|0x000000008aa00000, 0x000000008ab00000, 0x000000008ab00000|100%| E|  |TAMS 0x000000008aa00000, 0x000000008aa00000| Complete 
| 121|0x000000008ab00000, 0x000000008ac00000, 0x000000008ac00000|100%| E|CS|TAMS 0x000000008ab00000, 0x000000008ab00000| Complete 
| 122|0x000000008ac00000, 0x000000008ad00000, 0x000000008ad00000|100%| E|CS|TAMS 0x000000008ac00000, 0x000000008ac00000| Complete 
| 123|0x000000008ad00000, 0x000000008ae00000, 0x000000008ae00000|100%| E|CS|TAMS 0x000000008ad00000, 0x000000008ad00000| Complete 
| 124|0x000000008ae00000, 0x000000008af00000, 0x000000008af00000|100%| E|CS|TAMS 0x000000008ae00000, 0x000000008ae00000| Complete 
| 125|0x000000008af00000, 0x000000008b000000, 0x000000008b000000|100%| E|CS|TAMS 0x000000008af00000, 0x000000008af00000| Complete 

Card table byte_map: [0x000001bdbeea0000,0x000001bdbf290000] _byte_map_base: 0x000001bdbea87000

Marking Bits (Prev, Next): (CMBitMap*) 0x000001bda7000408, (CMBitMap*) 0x000001bda7000448
 Prev Bits: [0x000001bdbf680000, 0x000001bdc15b8000)
 Next Bits: [0x000001bdc15c0000, 0x000001bdc34f8000)

Polling page: 0x000001bda4f70000

Metaspace:

Usage:
  Non-class:      6.97 MB capacity,     6.82 MB ( 98%) used,   130.41 KB (  2%) free+waste,    23.13 KB ( <1%) overhead. 
      Class:    977.00 KB capacity,   836.56 KB ( 86%) used,   125.13 KB ( 13%) free+waste,    15.31 KB (  2%) overhead. 
       Both:      7.92 MB capacity,     7.63 MB ( 96%) used,   255.53 KB (  3%) free+waste,    38.44 KB ( <1%) overhead. 

Virtual space:
  Non-class space:        8.00 MB reserved,       7.00 MB ( 88%) committed 
      Class space:        1.00 GB reserved,       1.00 MB ( <1%) committed 
             Both:        1.01 GB reserved,       8.00 MB ( <1%) committed 

Chunk freelists:
   Non-Class:  33.00 KB
       Class:  15.00 KB
        Both:  48.00 KB

MaxMetaspaceSize: 17179869184.00 GB
CompressedClassSpaceSize: 1.00 GB

CodeHeap 'non-profiled nmethods': size=120000Kb used=302Kb max_used=302Kb free=119697Kb
 bounds [0x000001bdb7230000, 0x000001bdb74a0000, 0x000001bdbe760000]
CodeHeap 'profiled nmethods': size=120000Kb used=1437Kb max_used=1437Kb free=118562Kb
 bounds [0x000001bdafd00000, 0x000001bdaff70000, 0x000001bdb7230000]
CodeHeap 'non-nmethods': size=5760Kb used=1332Kb max_used=1346Kb free=4427Kb
 bounds [0x000001bdaf760000, 0x000001bdaf9d0000, 0x000001bdafd00000]
 total_blobs=1898 nmethods=915 adapters=434
 compilation: enabled
              stopped_count=0, restarted_count=0
 full_count=0

Compilation events (20 events):
Event: 0.847 Thread 0x000001bdc5f64800  901   !   3       java.lang.invoke.MethodHandle::setVarargs (25 bytes)
Event: 0.848 Thread 0x000001bdc5f64800 nmethod 901 0x000001bdafe5ce90 code [0x000001bdafe5d0a0, 0x000001bdafe5d778]
Event: 0.848 Thread 0x000001bdc5f64800  903       3       java.lang.invoke.DirectMethodHandle$Holder::invokeStatic (17 bytes)
Event: 0.848 Thread 0x000001bdc5f64800 nmethod 903 0x000001bdafe5d990 code [0x000001bdafe5db60, 0x000001bdafe5e058]
Event: 0.848 Thread 0x000001bdc5f64800  904       3       java.lang.StringCoding::hasNegatives (25 bytes)
Event: 0.848 Thread 0x000001bdc5f64800 nmethod 904 0x000001bdafe5e190 code [0x000001bdafe5e340, 0x000001bdafe5e558]
Event: 0.848 Thread 0x000001bdc5f64800  902       3       java.lang.invoke.MemberName::isVarargs (23 bytes)
Event: 0.849 Thread 0x000001bdc5f64800 nmethod 902 0x000001bdafe5e690 code [0x000001bdafe5e860, 0x000001bdafe5ed18]
Event: 0.850 Thread 0x000001bdc6947800 nmethod 897 0x000001bdb727ab10 code [0x000001bdb727ace0, 0x000001bdb727b058]
Event: 0.852 Thread 0x000001bdc5f64800  905       3       java.lang.invoke.MethodType$ConcurrentWeakInternSet::add (66 bytes)
Event: 0.853 Thread 0x000001bdc5f64800 nmethod 905 0x000001bdafe5ee90 code [0x000001bdafe5f120, 0x000001bdafe60108]
Event: 0.853 Thread 0x000001bdc5f64800  908       3       java.lang.invoke.LambdaForm::lastUseIndex (76 bytes)
Event: 0.854 Thread 0x000001bdc5f64800 nmethod 908 0x000001bdafe60690 code [0x000001bdafe60840, 0x000001bdafe60b68]
Event: 0.854 Thread 0x000001bdc5f64800  906       3       java.lang.invoke.LambdaFormEditor$Transform::of (49 bytes)
Event: 0.854 Thread 0x000001bdc5f64800 nmethod 906 0x000001bdafe60d10 code [0x000001bdafe60f60, 0x000001bdafe61878]
Event: 0.854 Thread 0x000001bdc5f64800  910       3       java.lang.invoke.InvokerBytecodeGenerator::emitPushArguments (45 bytes)
Event: 0.855 Thread 0x000001bdc5f64800 nmethod 910 0x000001bdafe61c10 code [0x000001bdafe61e00, 0x000001bdafe622b8]
Event: 0.855 Thread 0x000001bdc5f64800  909       3       java.util.Arrays::fill (28 bytes)
Event: 0.855 Thread 0x000001bdc5f64800 nmethod 909 0x000001bdafe62590 code [0x000001bdafe62740, 0x000001bdafe62ae8]
Event: 0.855 Thread 0x000001bdc5f64800  911       3       java.lang.invoke.InvokerBytecodeGenerator::isStaticallyInvocable (165 bytes)

GC Heap History (0 events):
No events

Deoptimization events (20 events):
Event: 0.519 Thread 0x000001bda6fbd800 DEOPT PACKING pc=0x000001bdafd8c681 sp=0x0000008d6f9f7b70
Event: 0.519 Thread 0x000001bda6fbd800 DEOPT UNPACKING pc=0x000001bdaf7a964e sp=0x0000008d6f9f7038 mode 0
Event: 0.519 Thread 0x000001bda6fbd800 DEOPT PACKING pc=0x000001bdafd8c681 sp=0x0000008d6f9f7b70
Event: 0.519 Thread 0x000001bda6fbd800 DEOPT UNPACKING pc=0x000001bdaf7a964e sp=0x0000008d6f9f7038 mode 0
Event: 0.520 Thread 0x000001bda6fbd800 DEOPT PACKING pc=0x000001bdafd8c681 sp=0x0000008d6f9f7b70
Event: 0.520 Thread 0x000001bda6fbd800 DEOPT UNPACKING pc=0x000001bdaf7a964e sp=0x0000008d6f9f7038 mode 0
Event: 0.520 Thread 0x000001bda6fbd800 DEOPT PACKING pc=0x000001bdafd8c44c sp=0x0000008d6f9f7b70
Event: 0.520 Thread 0x000001bda6fbd800 DEOPT UNPACKING pc=0x000001bdaf7a964e sp=0x0000008d6f9f7038 mode 0
Event: 0.522 Thread 0x000001bda6fbd800 DEOPT PACKING pc=0x000001bdafd8c44c sp=0x0000008d6f9f7b70
Event: 0.522 Thread 0x000001bda6fbd800 DEOPT UNPACKING pc=0x000001bdaf7a964e sp=0x0000008d6f9f7038 mode 0
Event: 0.530 Thread 0x000001bda6fbd800 DEOPT PACKING pc=0x000001bdafd8c44c sp=0x0000008d6f9fb330
Event: 0.530 Thread 0x000001bda6fbd800 DEOPT UNPACKING pc=0x000001bdaf7a964e sp=0x0000008d6f9fa7f8 mode 0
Event: 0.530 Thread 0x000001bda6fbd800 DEOPT PACKING pc=0x000001bdafd8c681 sp=0x0000008d6f9fb330
Event: 0.530 Thread 0x000001bda6fbd800 DEOPT UNPACKING pc=0x000001bdaf7a964e sp=0x0000008d6f9fa7f8 mode 0
Event: 0.531 Thread 0x000001bda6fbd800 DEOPT PACKING pc=0x000001bdafd8c681 sp=0x0000008d6f9fb330
Event: 0.531 Thread 0x000001bda6fbd800 DEOPT UNPACKING pc=0x000001bdaf7a964e sp=0x0000008d6f9fa7f8 mode 0
Event: 0.597 Thread 0x000001bda6fbd800 Uncommon trap: trap_request=0xffffff45 fr.pc=0x000001bdb7253eb8 relative=0x0000000000000178
Event: 0.597 Thread 0x000001bda6fbd800 Uncommon trap: reason=unstable_if action=reinterpret pc=0x000001bdb7253eb8 method=java.lang.StringCoding.hasNegatives([BII)Z @ 12 c2
Event: 0.597 Thread 0x000001bda6fbd800 DEOPT PACKING pc=0x000001bdb7253eb8 sp=0x0000008d6f9fc7e0
Event: 0.597 Thread 0x000001bda6fbd800 DEOPT UNPACKING pc=0x000001bdaf7a912f sp=0x0000008d6f9fc788 mode 2

Classes unloaded (0 events):
No events

Classes redefined (0 events):
No events

Internal exceptions (20 events):
Event: 0.724 Thread 0x000001bda6fbd800 Exception <a 'java/lang/NoSuchMethodError'{0x000000008a6ad978}: 'java.lang.Object java.lang.invoke.DirectMethodHandle$Holder.invokeStatic(java.lang.Object, int, java.lang.Object)'> (0x000000008a6ad978) 
thrown [t:/workspace/open/src/hotspot/share/interpreter/linkResolver.cpp, line 766]
Event: 0.754 Thread 0x000001bda6fbd800 Exception <a 'java/lang/ClassNotFoundException'{0x000000008a5606b0}: com/sun/swing/internal/plaf/metal/resources/spi/metalProvider> (0x000000008a5606b0) 
thrown [t:/workspace/open/src/hotspot/share/classfile/systemDictionary.cpp, line 226]
Event: 0.756 Thread 0x000001bda6fbd800 Exception <a 'java/lang/ClassNotFoundException'{0x000000008a568978}: com/sun/swing/internal/plaf/basic/resources/spi/basicProvider> (0x000000008a568978) 
thrown [t:/workspace/open/src/hotspot/share/classfile/systemDictionary.cpp, line 226]
Event: 0.768 Thread 0x000001bda6fbd800 Exception <a 'java/lang/NoSuchMethodError'{0x000000008a5b03b8}: 'java.lang.Object java.lang.invoke.DirectMethodHandle$Holder.invokeStaticInit(java.lang.Object, java.lang.Object, java.lang.Object, java.lang.Object, java.lang.Object, java.lang.Object, java.lang.Object)'> (0x000000008a5b03b8) 
thrown [t:/workspace/open/src/hotspot/share/interpreter/linkResolver.cpp, line 766]
Event: 0.769 Thread 0x000001bda6fbd800 Exception <a 'java/lang/NoSuchMethodError'{0x000000008a5b4ee0}: 'java.lang.Object java.lang.invoke.DirectMethodHandle$Holder.invokeSpecial(java.lang.Object, java.lang.Object, java.lang.Object, java.lang.Object, java.lang.Object, java.lang.Object, java.lang.Object, java.lang.Object, java.lang.Object)'> (0x000000008a5b4ee0) 
thrown [t:/workspace/open/src/hotspot/share/interpreter/linkResolver.cpp, line 766]
Event: 0.770 Thread 0x000001bda6fbd800 Exception <a 'java/lang/NoSuchMethodError'{0x000000008a5b87c0}: 'java.lang.Object java.lang.invoke.Invokers$Holder.invoke_MT(java.lang.Object, java.lang.Object, java.lang.Object, java.lang.Object, java.lang.Object, java.lang.Object, java.lang.Object, java.lang.Object, java.lang.Object)'> (0x000000008a5b87c0) 
thrown [t:/workspace/open/src/hotspot/share/interpreter/linkResolver.cpp, line 766]
Event: 0.777 Thread 0x000001bda6fbd800 Exception <a 'java/lang/NoSuchMethodError'{0x000000008a5dfed0}: 'java.lang.Object java.lang.invoke.DirectMethodHandle$Holder.invokeStatic(java.lang.Object, java.lang.Object, java.lang.Object, int)'> (0x000000008a5dfed0) 
thrown [t:/workspace/open/src/hotspot/share/interpreter/linkResolver.cpp, line 766]
Event: 0.778 Thread 0x000001bda6fbd800 Exception <a 'java/lang/NoSuchMethodError'{0x000000008a5e5c38}: 'int java.lang.invoke.DirectMethodHandle$Holder.invokeVirtual(java.lang.Object, java.lang.Object, java.lang.Object)'> (0x000000008a5e5c38) 
thrown [t:/workspace/open/src/hotspot/share/interpreter/linkResolver.cpp, line 766]
Event: 0.778 Thread 0x000001bda6fbd800 Exception <a 'java/lang/NoSuchMethodError'{0x000000008a5e8d38}: 'int java.lang.invoke.DirectMethodHandle$Holder.invokeVirtual(java.lang.Object, java.lang.Object)'> (0x000000008a5e8d38) 
thrown [t:/workspace/open/src/hotspot/share/interpreter/linkResolver.cpp, line 766]
Event: 0.779 Thread 0x000001bda6fbd800 Exception <a 'java/lang/NoSuchMethodError'{0x000000008a5ec590}: 'int java.lang.invoke.DirectMethodHandle$Holder.invokeStaticInit(java.lang.Object, java.lang.Object, java.lang.Object)'> (0x000000008a5ec590) 
thrown [t:/workspace/open/src/hotspot/share/interpreter/linkResolver.cpp, line 766]
Event: 0.779 Thread 0x000001bda6fbd800 Exception <a 'java/lang/NoSuchMethodError'{0x000000008a5ef3d0}: 'int java.lang.invoke.DirectMethodHandle$Holder.invokeStaticInit(java.lang.Object, int, int)'> (0x000000008a5ef3d0) 
thrown [t:/workspace/open/src/hotspot/share/interpreter/linkResolver.cpp, line 766]
Event: 0.780 Thread 0x000001bda6fbd800 Exception <a 'java/lang/NoSuchMethodError'{0x000000008a5f5690}: 'int java.lang.invoke.DirectMethodHandle$Holder.invokeStaticInit(java.lang.Object, long, long)'> (0x000000008a5f5690) 
thrown [t:/workspace/open/src/hotspot/share/interpreter/linkResolver.cpp, line 766]
Event: 0.781 Thread 0x000001bda6fbd800 Exception <a 'java/lang/NoSuchMethodError'{0x000000008a5faf50}: 'int java.lang.invoke.DirectMethodHandle$Holder.invokeStaticInit(java.lang.Object, float, float)'> (0x000000008a5faf50) 
thrown [t:/workspace/open/src/hotspot/share/interpreter/linkResolver.cpp, line 766]
Event: 0.782 Thread 0x000001bda6fbd800 Exception <a 'java/lang/NoSuchMethodError'{0x000000008a401010}: 'int java.lang.invoke.DirectMethodHandle$Holder.invokeStaticInit(java.lang.Object, double, double)'> (0x000000008a401010) 
thrown [t:/workspace/open/src/hotspot/share/interpreter/linkResolver.cpp, line 766]
Event: 0.783 Thread 0x000001bda6fbd800 Exception <a 'java/lang/NoSuchMethodError'{0x000000008a405098}: 'int java.lang.invoke.DirectMethodHandle$Holder.invokeStatic(java.lang.Object, long)'> (0x000000008a405098) 
thrown [t:/workspace/open/src/hotspot/share/interpreter/linkResolver.cpp, line 766]
Event: 0.786 Thread 0x000001bda6fbd800 Exception <a 'java/lang/NoSuchMethodError'{0x000000008a41da68}: 'int java.lang.invoke.Invokers$Holder.linkToTargetMethod(java.lang.Object, java.lang.Object)'> (0x000000008a41da68) 
thrown [t:/workspace/open/src/hotspot/share/interpreter/linkResolver.cpp, line 766]
Event: 0.821 Thread 0x000001bda6fbd800 Exception <a 'java/lang/NoSuchMethodError'{0x000000008a490008}: 'void java.lang.invoke.DirectMethodHandle$Holder.invokeStaticInit(java.lang.Object)'> (0x000000008a490008) 
thrown [t:/workspace/open/src/hotspot/share/interpreter/linkResolver.cpp, line 766]
Event: 0.832 Thread 0x000001bda6fbd800 Exception <a 'java/io/FileNotFoundException'{0x000000008a4cbab8}> (0x000000008a4cbab8) 
thrown [t:/workspace/open/src/hotspot/share/prims/jni.cpp, line 599]
Event: 0.833 Thread 0x000001bda6fbd800 Exception <a 'java/lang/NullPointerException'{0x000000008a4cc3a8}> (0x000000008a4cc3a8) 
thrown [t:/workspace/open/src/hotspot/share/interpreter/linkResolver.cpp, line 1348]
Event: 0.855 Thread 0x000001bda6fbd800 Exception <a 'java/lang/NoSuchMethodError'{0x000000008a34cee8}: 'java.lang.Object java.lang.invoke.Invokers$Holder.linkToTargetMethod(java.lang.Object, int, java.lang.Object)'> (0x000000008a34cee8) 
thrown [t:/workspace/open/src/hotspot/share/interpreter/linkResolver.cpp, line 766]

Events (20 events):
Event: 0.847 loading class sun/awt/Win32FontManager$2
Event: 0.847 loading class sun/awt/Win32FontManager$2 done
Event: 0.848 loading class sun/awt/FontConfiguration$2
Event: 0.848 loading class sun/awt/FontConfiguration$2 done
Event: 0.848 loading class sun/awt/windows/WDefaultFontCharset
Event: 0.848 loading class sun/awt/AWTCharset
Event: 0.848 loading class sun/awt/AWTCharset done
Event: 0.848 loading class sun/awt/windows/WDefaultFontCharset done
Event: 0.849 loading class sun/awt/windows/WDefaultFontCharset$Encoder
Event: 0.850 loading class sun/awt/AWTCharset$Encoder
Event: 0.850 loading class sun/awt/AWTCharset$Encoder done
Event: 0.850 loading class sun/awt/windows/WDefaultFontCharset$Encoder done
Event: 0.851 loading class sun/awt/windows/WingDings
Event: 0.851 loading class sun/awt/windows/WingDings done
Event: 0.851 loading class sun/awt/windows/WingDings$Encoder
Event: 0.851 loading class sun/awt/windows/WingDings$Encoder done
Event: 0.852 loading class sun/awt/Symbol
Event: 0.852 loading class sun/awt/Symbol done
Event: 0.852 loading class sun/awt/Symbol$Encoder
Event: 0.852 loading class sun/awt/Symbol$Encoder done


Dynamic libraries:
0x00007ff6e1890000 - 0x00007ff6e189f000 	C:\Program Files\Java\jdk-14\bin\javaw.exe
0x00007fff0c560000 - 0x00007fff0c750000 	C:\Windows\SYSTEM32\ntdll.dll
0x00007fff0c130000 - 0x00007fff0c1e2000 	C:\Windows\System32\KERNEL32.DLL
0x00007fff0a250000 - 0x00007fff0a4f4000 	C:\Windows\System32\KERNELBASE.dll
0x00007fff09fb0000 - 0x00007fff0a0aa000 	C:\Windows\System32\ucrtbase.dll
0x00007ffef1800000 - 0x00007ffef1815000 	C:\Program Files\Java\jdk-14\bin\VCRUNTIME140.dll
0x00007ffef05a0000 - 0x00007ffef05b8000 	C:\Program Files\Java\jdk-14\bin\jli.dll
0x00007fff0c3c0000 - 0x00007fff0c463000 	C:\Windows\System32\ADVAPI32.dll
0x00007fff0b3d0000 - 0x00007fff0b46e000 	C:\Windows\System32\msvcrt.dll
0x00007fff0b600000 - 0x00007fff0b697000 	C:\Windows\System32\sechost.dll
0x00007fff0b900000 - 0x00007fff0ba20000 	C:\Windows\System32\RPCRT4.dll
0x00007fff0b6a0000 - 0x00007fff0b834000 	C:\Windows\System32\USER32.dll
0x00007fff0a5e0000 - 0x00007fff0a601000 	C:\Windows\System32\win32u.dll
0x00007ffeee1a0000 - 0x00007ffeee424000 	C:\Windows\WinSxS\amd64_microsoft.windows.common-controls_6595b64144ccf1df_6.0.18362.959_none_e6c7bbbf130c62bb\COMCTL32.dll
0x00007fff0aab0000 - 0x00007fff0aad6000 	C:\Windows\System32\GDI32.dll
0x00007fff0a770000 - 0x00007fff0aaa5000 	C:\Windows\System32\combase.dll
0x00007fff0a0b0000 - 0x00007fff0a246000 	C:\Windows\System32\gdi32full.dll
0x00007fff096d0000 - 0x00007fff0976e000 	C:\Windows\System32\msvcp_win.dll
0x00007fff0a500000 - 0x00007fff0a580000 	C:\Windows\System32\bcryptPrimitives.dll
0x00007fff02ad0000 - 0x00007fff02ada000 	C:\Windows\SYSTEM32\VERSION.dll
0x00007fff0b120000 - 0x00007fff0b14e000 	C:\Windows\System32\IMM32.DLL
0x00007ffeed690000 - 0x00007ffeed72b000 	C:\Program Files\Java\jdk-14\bin\msvcp140.dll
0x00007ffeb8cf0000 - 0x00007ffeb980f000 	C:\Program Files\Java\jdk-14\bin\server\jvm.dll
0x00007fff0c1f0000 - 0x00007fff0c1f8000 	C:\Windows\System32\PSAPI.DLL
0x00007fff06e70000 - 0x00007fff06e94000 	C:\Windows\SYSTEM32\WINMM.dll
0x00007ffeeed80000 - 0x00007ffeeed89000 	C:\Windows\SYSTEM32\WSOCK32.dll
0x00007fff0afb0000 - 0x00007fff0b01f000 	C:\Windows\System32\WS2_32.dll
0x00007fff06e40000 - 0x00007fff06e6d000 	C:\Windows\SYSTEM32\WINMMBASE.dll
0x00007fff09500000 - 0x00007fff0954a000 	C:\Windows\System32\cfgmgr32.dll
0x00007fff094a0000 - 0x00007fff094b1000 	C:\Windows\System32\kernel.appcore.dll
0x00007fff05520000 - 0x00007fff0552a000 	C:\Program Files\Java\jdk-14\bin\jimage.dll
0x00007fff07bb0000 - 0x00007fff07da4000 	C:\Windows\SYSTEM32\DBGHELP.DLL
0x00007fff07b80000 - 0x00007fff07baa000 	C:\Windows\SYSTEM32\dbgcore.DLL
0x00007ffef0110000 - 0x00007ffef0148000 	C:\Program Files\Java\jdk-14\bin\jdwp.dll
0x00007ffefb690000 - 0x00007ffefb6b5000 	C:\Program Files\Java\jdk-14\bin\java.dll
0x00007fff05530000 - 0x00007fff0553e000 	C:\Program Files\Java\jdk-14\bin\instrument.dll
0x00007ffefaee0000 - 0x00007ffefaef7000 	C:\Program Files\Java\jdk-14\bin\zip.dll
0x00007fff0ba20000 - 0x00007fff0c106000 	C:\Windows\System32\SHELL32.dll
0x00007fff0c470000 - 0x00007fff0c519000 	C:\Windows\System32\shcore.dll
0x00007fff09770000 - 0x00007fff09ef2000 	C:\Windows\System32\windows.storage.dll
0x00007fff09470000 - 0x00007fff09493000 	C:\Windows\System32\profapi.dll
0x00007fff09420000 - 0x00007fff0946a000 	C:\Windows\System32\powrprof.dll
0x00007fff09410000 - 0x00007fff09420000 	C:\Windows\System32\UMPDC.dll
0x00007fff0b840000 - 0x00007fff0b892000 	C:\Windows\System32\shlwapi.dll
0x00007fff094e0000 - 0x00007fff094f7000 	C:\Windows\System32\cryptsp.dll
0x00007ffefadb0000 - 0x00007ffefadbb000 	C:\Program Files\Java\jdk-14\bin\dt_socket.dll
0x00007fff08930000 - 0x00007fff0896a000 	C:\Windows\SYSTEM32\IPHLPAPI.DLL
0x00007fff08c20000 - 0x00007fff08c87000 	C:\Windows\system32\mswsock.dll
0x00007fff08970000 - 0x00007fff08a3b000 	C:\Windows\SYSTEM32\DNSAPI.dll
0x00007fff0c3b0000 - 0x00007fff0c3b8000 	C:\Windows\System32\NSI.dll
0x00007ffefb610000 - 0x00007ffefb61a000 	C:\Windows\System32\rasadhlp.dll
0x00007ffefe540000 - 0x00007ffefe5b7000 	C:\Windows\System32\fwpuclnt.dll
0x00007fff096a0000 - 0x00007fff096c6000 	C:\Windows\System32\bcrypt.dll
0x00007ffefaec0000 - 0x00007ffefaed9000 	C:\Program Files\Java\jdk-14\bin\net.dll
0x00007fff07960000 - 0x00007fff07a50000 	C:\Windows\SYSTEM32\WINHTTP.dll
0x00007ffefaea0000 - 0x00007ffefaeb2000 	C:\Program Files\Java\jdk-14\bin\nio.dll
0x00007fff02070000 - 0x00007fff02080000 	C:\Program Files\Java\jdk-14\bin\verify.dll
0x00007ffed51e0000 - 0x00007ffed5378000 	C:\Program Files\Java\jdk-14\bin\awt.dll
0x00007fff0b300000 - 0x00007fff0b3c5000 	C:\Windows\System32\OLEAUT32.dll
0x00007fff06d10000 - 0x00007fff06d9f000 	C:\Windows\SYSTEM32\apphelp.dll
0x00007fff076c0000 - 0x00007fff076ed000 	C:\Windows\system32\DWMAPI.DLL
0x00007fff070c0000 - 0x00007fff07159000 	C:\Windows\system32\uxtheme.dll
0x00007ffeef3c0000 - 0x00007ffeef516000 	C:\Windows\system32\opengl32.dll
0x00007ffef98b0000 - 0x00007ffef98dc000 	C:\Windows\SYSTEM32\GLU32.dll
0x00007fff08080000 - 0x00007fff080a0000 	C:\Windows\SYSTEM32\dxcore.dll
0x00007fff0b1c0000 - 0x00007fff0b2f5000 	C:\Windows\System32\MSCTF.dll
0x00007fff0a610000 - 0x00007fff0a767000 	C:\Windows\System32\ole32.dll
0x00007ffee5210000 - 0x00007ffee5292000 	C:\Program Files\Java\jdk-14\bin\freetype.dll
0x00007ffedee70000 - 0x00007ffedef16000 	C:\Program Files\Java\jdk-14\bin\fontmanager.dll

dbghelp: loaded successfully - version: 4.0.5 - missing functions: none
symbol engine: initialized successfully - sym options: 0x614 - pdb path: .;C:\Program Files\Java\jdk-14\bin;C:\Windows\SYSTEM32;C:\Windows\WinSxS\amd64_microsoft.windows.common-controls_6595b64144ccf1df_6.0.18362.959_none_e6c7bbbf130c62bb;C:\Program Files\Java\jdk-14\bin\server

VM Arguments:
jvm_args: -Dfile.encoding=UTF-8 -Djava.util.logging.config.file=logging.properties -agentlib:jdwp=transport=dt_socket,suspend=y,address=localhost:51708 -javaagent:C:\app\eclipse\java-2020-06\eclipse\configuration\org.eclipse.osgi\222\0\.cp\lib\javaagent-shaded.jar -Dfile.encoding=UTF-8 --enable-preview 
java_command: test.puzzle.TestLifeGame
java_class_path (initial): D:\git\Puzzle\target\test-classes;D:\git\Puzzle\target\classes;C:\Users\saka1\.p2\pool\plugins\org.junit.jupiter.api_5.6.0.v20200203-2009.jar;C:\Users\saka1\.p2\pool\plugins\org.junit.jupiter.engine_5.6.0.v20200203-2009.jar;C:\Users\saka1\.p2\pool\plugins\org.junit.jupiter.migrationsupport_5.6.0.v20200203-2009.jar;C:\Users\saka1\.p2\pool\plugins\org.junit.jupiter.params_5.6.0.v20200203-2009.jar;C:\Users\saka1\.p2\pool\plugins\org.junit.platform.commons_1.6.0.v20200203-2009.jar;C:\Users\saka1\.p2\pool\plugins\org.junit.platform.engine_1.6.0.v20200203-2009.jar;C:\Users\saka1\.p2\pool\plugins\org.junit.platform.launcher_1.6.0.v20200203-2009.jar;C:\Users\saka1\.p2\pool\plugins\org.junit.platform.runner_1.6.0.v20200203-2009.jar;C:\Users\saka1\.p2\pool\plugins\org.junit.platform.suite.api_1.6.0.v20200203-2009.jar;C:\Users\saka1\.p2\pool\plugins\org.junit.vintage.engine_5.6.0.v20200203-2009.jar;C:\Users\saka1\.p2\pool\plugins\org.opentest4j_1.2.0.v20190826-0900.jar;C:\Users\saka1\.p2\pool\plugins\org.apiguardian_1.1.0.v20190826-0900.jar;C:\Users\saka1\.p2\pool\plugins\org.junit_4.13.0.v20200204-1500.jar;C:\Users\saka1\.p2\pool\plugins\org.hamcrest.core_1.3.0.v20180420-1519.jar;C:\Users\saka1\.m2\repository\junit\junit\3.8.1\junit-3.8.1.jar
Launcher Type: SUN_STANDARD

[Global flags]
     intx CICompilerCount                          = 4                                         {product} {ergonomic}
     uint ConcGCThreads                            = 2                                         {product} {ergonomic}
     uint G1ConcRefinementThreads                  = 8                                         {product} {ergonomic}
   size_t G1HeapRegionSize                         = 1048576                                   {product} {ergonomic}
    uintx GCDrainStackTargetSize                   = 64                                        {product} {ergonomic}
   size_t InitialHeapSize                          = 132120576                                 {product} {ergonomic}
   size_t MarkStackSize                            = 4194304                                   {product} {ergonomic}
   size_t MaxHeapSize                              = 2095054848                                {product} {ergonomic}
   size_t MaxNewSize                               = 1256194048                                {product} {ergonomic}
   size_t MinHeapDeltaBytes                        = 1048576                                   {product} {ergonomic}
   size_t MinHeapSize                              = 8388608                                   {product} {ergonomic}
    uintx NonNMethodCodeHeapSize                   = 5839372                                {pd product} {ergonomic}
    uintx NonProfiledCodeHeapSize                  = 122909434                              {pd product} {ergonomic}
    uintx ProfiledCodeHeapSize                     = 122909434                              {pd product} {ergonomic}
    uintx ReservedCodeCacheSize                    = 251658240                              {pd product} {ergonomic}
     bool SegmentedCodeCache                       = true                                      {product} {ergonomic}
   size_t SoftMaxHeapSize                          = 2095054848                             {manageable} {ergonomic}
     bool UseCompressedClassPointers               = true                                 {lp64_product} {ergonomic}
     bool UseCompressedOops                        = true                                 {lp64_product} {ergonomic}
     bool UseG1GC                                  = true                                      {product} {ergonomic}
     bool UseLargePagesIndividualAllocation        = false                                  {pd product} {ergonomic}

Logging:
Log output configuration:
 #0: stdout all=warning uptime,level,tags
 #1: stderr all=off uptime,level,tags

Environment Variables:
JAVA_HOME=C:\Program Files\Java\jdk-14
JAVA_TOOL_OPTIONS=-Dfile.encoding=UTF-8 -Djava.util.logging.config.file=logging.properties
CLASSPATH=D:\git\Util\bin
PATH=C:/Program Files/Java/jdk-14/bin/server;C:/Program Files/Java/jdk-14/bin;C:\Program Files (x86)\Intel\Intel(R) Management Engine Components\iCLS\;C:\Program Files\Intel\Intel(R) Management Engine Components\iCLS\;C:\Windows\system32;C:\Windows;C:\Windows\System32\Wbem;C:\Windows\System32\WindowsPowerShell\v1.0\;C:\Windows\System32\OpenSSH\;C:\Program Files (x86)\Intel\Intel(R) Management Engine Components\DAL;C:\Program Files\Intel\Intel(R) Management Engine Components\DAL;C:\app\vim82-kaoriya-win64;D:\bin;C:\Program Files\Git\cmd;C:\Program Files\Java\jdk-14\bin;C:\Program Files\TortoiseGit\bin;C:\Users\saka1\AppData\Local\Microsoft\WindowsApps;;C:\Windows\System32;
USERNAME=saka1
OS=Windows_NT
PROCESSOR_IDENTIFIER=Intel64 Family 6 Model 142 Stepping 12, GenuineIntel



---------------  S Y S T E M  ---------------

OS: Windows 10 , 64 bit Build 18362 (10.0.18362.959)
OS uptime: 0 days 10:00 hours

CPU:total 8 (initial active 8) (4 cores per cpu, 2 threads per core) family 6 model 142 stepping 12, cmov, cx8, fxsr, mmx, sse, sse2, sse3, ssse3, sse4.1, sse4.2, popcnt, avx, avx2, aes, clmul, erms, 3dnowpref, lzcnt, ht, tsc, tscinvbit, bmi1, bmi2, adx, fma

Memory: 4k page, system-wide physical 7986M (1650M free)
TotalPageFile size 16690M (AvailPageFile size 7720M)
current process WorkingSet (physical memory assigned to process): 62M, peak: 62M
current process commit charge ("private bytes"): 222M, peak: 222M

vm_info: Java HotSpot(TM) 64-Bit Server VM (14+36-1461) for windows-amd64 JRE (14+36-1461), built on Feb  6 2020 19:08:04 by "mach5one" with MS VC++ 15.9 (VS2017)

END.
