#
# There is insufficient memory for the Java Runtime Environment to continue.
# Native memory allocation (malloc) failed to allocate 32744 bytes for ChunkPool::allocate
# Possible reasons:
#   The system is out of physical RAM or swap space
#   The process is running with CompressedOops enabled, and the Java Heap may be blocking the growth of the native heap
# Possible solutions:
#   Reduce memory load on the system
#   Increase physical memory or swap space
#   Check if swap backing store is full
#   Decrease Java heap size (-Xmx/-Xms)
#   Decrease number of Java threads
#   Decrease Java thread stack sizes (-Xss)
#   Set larger code cache with -XX:ReservedCodeCacheSize=
#   JVM is running with Unscaled Compressed Oops mode in which the Java heap is
#     placed in the first 4GB address space. The Java Heap base address is the
#     maximum limit for the native heap growth. Please use -XX:HeapBaseMinAddress
#     to set the Java Heap base and to place the Java Heap above 4GB virtual address.
# This output file may be truncated or incomplete.
#
#  Out of Memory Error (t:/workspace/open/src/hotspot/share/memory/arena.cpp:79), pid=10368, tid=5344
#
# JRE version: Java(TM) SE Runtime Environment (14.0+36) (build 14+36-1461)
# Java VM: Java HotSpot(TM) 64-Bit Server VM (14+36-1461, mixed mode, sharing, tiered, compressed oops, g1 gc, windows-amd64)
# No core dump will be written. Minidumps are not enabled by default on client versions of Windows
#

---------------  S U M M A R Y ------------

Command Line: -Dfile.encoding=UTF-8 -Djava.util.logging.config.file=logging.properties -agentlib:jdwp=transport=dt_socket,suspend=y,address=localhost:57522 -ea -Xss1024m -javaagent:C:\app\eclipse\java-2020-03\eclipse\configuration\org.eclipse.osgi\508\0\.cp\lib\javaagent-shaded.jar -Dfile.encoding=UTF-8 --enable-preview org.eclipse.jdt.internal.junit.runner.RemoteTestRunner -version 3 -port 57520 -testLoaderClass org.eclipse.jdt.internal.junit5.runner.JUnit5TestLoader -loaderpluginname org.eclipse.jdt.junit5.runtime -classNames test.puzzle.TestCollatz

Host: Intel(R) Core(TM) i5-8265U CPU @ 1.60GHz, 8 cores, 7G,  Windows 10 , 64 bit Build 18362 (10.0.18362.900)
Time: Sun Jul 12 11:10:57 2020 ???? (?W?€??) elapsed time: 83 seconds (0d 0h 1m 23s)

---------------  T H R E A D  ---------------

Current thread (0x0000025c1f2c4000):  VMThread "VM Thread" [stack: 0x000000f4e2900000,0x000000f4e2a00000] [id=5344] _threads_hazard_ptr=0x0000025c20b6cf50

Stack: [0x000000f4e2900000,0x000000f4e2a00000]
[error occurred during error reporting (printing stack bounds), id 0xc0000005, EXCEPTION_ACCESS_VIOLATION (0xc0000005) at pc=0x0000025c086d10ad]

Native frames: (J=compiled Java code, j=interpreted, Vv=VM code, C=native code)
V  [jvm.dll+0x5f83ea]
V  [jvm.dll+0x741e2a]
V  [jvm.dll+0x7435df]
V  [jvm.dll+0x743b85]
V  [jvm.dll+0x743b3b]
V  [jvm.dll+0x5f791f]
V  [jvm.dll+0x5f8088]
C  [ntdll.dll+0xa11cf]
C  [ntdll.dll+0x6a209]
C  [ntdll.dll+0x9fe3e]
C  0x0000025c086d10ad

VM_Operation (0x000000f7e2dfec40): HandshakeOneThread, mode: no safepoint, requested by thread 0x0000025c1fcb9000


---------------  P R O C E S S  ---------------

Threads class SMR info:
_java_thread_list=0x0000025c20b6cf50, length=15, elements={
0x0000025c7fb40800, 0x0000025c1f2c6000, 0x0000025c1f2c7000, 0x0000025c1f2e6000,
0x0000025c1f2e9000, 0x0000025c1f2eb000, 0x0000025c1f2ee800, 0x0000025c1f2f5000,
0x0000025c1f309800, 0x0000025c1fcb8800, 0x0000025c1fd6b800, 0x0000025c1fd6c800,
0x0000025c1fd6d800, 0x0000025c1fcb7800, 0x0000025c1fcb9000
}

Java Threads: ( => current thread )
  0x0000025c7fb40800 JavaThread "main" [_thread_blocked, id=1216, stack(0x000000f480000000,0x000000f4c0000000)]
  0x0000025c1f2c6000 JavaThread "Reference Handler" daemon [_thread_blocked, id=6596, stack(0x000000f4e2a00000,0x000000f522a00000)]
  0x0000025c1f2c7000 JavaThread "Finalizer" daemon [_thread_blocked, id=6360, stack(0x000000f522a00000,0x000000f562a00000)]
  0x0000025c1f2e6000 JavaThread "Signal Dispatcher" daemon [_thread_blocked, id=6096, stack(0x000000f562a00000,0x000000f5a2a00000)]
  0x0000025c1f2e9000 JavaThread "Attach Listener" daemon [_thread_blocked, id=7864, stack(0x000000f5a2a00000,0x000000f5e2a00000)]
  0x0000025c1f2eb000 JavaThread "Service Thread" daemon [_thread_blocked, id=7376, stack(0x000000f5e2a00000,0x000000f622a00000)]
  0x0000025c1f2ee800 JavaThread "C2 CompilerThread0" daemon [_thread_blocked, id=9004, stack(0x000000f622a00000,0x000000f622b00000)]
  0x0000025c1f2f5000 JavaThread "C1 CompilerThread0" daemon [_thread_blocked, id=3276, stack(0x000000f622b00000,0x000000f622c00000)]
  0x0000025c1f309800 JavaThread "Sweeper thread" daemon [_thread_blocked, id=2612, stack(0x000000f622c00000,0x000000f662c00000)]
  0x0000025c1fcb8800 JavaThread "Common-Cleaner" daemon [_thread_blocked, id=5644, stack(0x000000f662c00000,0x000000f6a2c00000)]
  0x0000025c1fd6b800 JavaThread "JDWP Transport Listener: dt_socket" daemon [_thread_blocked, id=1392, stack(0x000000f6a2d00000,0x000000f6e2d00000)] _threads_hazard_ptr=0x0000025c20b6cf50
  0x0000025c1fd6c800 JavaThread "JDWP Event Helper Thread" daemon [_thread_blocked, id=11932, stack(0x000000f6e2d00000,0x000000f722d00000)]
  0x0000025c1fd6d800 JavaThread "JDWP Command Reader" daemon [_thread_in_native, id=4824, stack(0x000000f722d00000,0x000000f762d00000)]
  0x0000025c1fcb7800 JavaThread "Notification Thread" daemon [_thread_blocked, id=8184, stack(0x000000f762d00000,0x000000f7a2d00000)]
  0x0000025c1fcb9000 JavaThread "ReaderThread" [_thread_blocked, id=6404, stack(0x000000f7a2e00000,0x000000f7e2e00000)]

Other Threads:
=>0x0000025c1f2c4000 VMThread "VM Thread" [stack: 0x000000f4e2900000,0x000000f4e2a00000] [id=5344] _threads_hazard_ptr=0x0000025c20b6cf50
  0x0000025c1ffad800 WatcherThread [stack: 0x000000f7a2d00000,0x000000f7a2e00000] [id=5164]
  0x0000025c7fb83800 GCTaskThread "GC Thread#0" [stack: 0x000000f4e2400000,0x000000f4e2500000] [id=4068]
  0x0000025c20b1e800 GCTaskThread "GC Thread#1" [stack: 0x000000f7e2e00000,0x000000f7e2f00000] [id=7800]
  0x0000025c20b1f000 GCTaskThread "GC Thread#2" [stack: 0x000000f7e2f00000,0x000000f7e3000000] [id=6704]
  0x0000025c205b8000 GCTaskThread "GC Thread#3" [stack: 0x000000f7e3000000,0x000000f7e3100000] [id=5840]
  0x0000025c7fb94800 ConcurrentGCThread "G1 Main Marker" [stack: 0x000000f4e2500000,0x000000f4e2600000] [id=8656]
  0x0000025c7fb95800 ConcurrentGCThread "G1 Conc#0" [stack: 0x000000f4e2600000,0x000000f4e2700000] [id=11076]
  0x0000025c1f133800 ConcurrentGCThread "G1 Refine#0" [stack: 0x000000f4e2700000,0x000000f4e2800000] [id=2892]
  0x0000025c20a01800 ConcurrentGCThread "G1 Refine#1" [stack: 0x000000f7e3100000,0x000000f7e3200000] [id=920]
  0x0000025c20a02000 ConcurrentGCThread "G1 Refine#2" [stack: 0x000000f7e3200000,0x000000f7e3300000] [id=4788]
  0x0000025c20a04000 ConcurrentGCThread "G1 Refine#3" [stack: 0x000000f7e3300000,0x000000f7e3400000] [id=4216]
  0x0000025c20a04800 ConcurrentGCThread "G1 Refine#4" [stack: 0x000000f7e3400000,0x000000f7e3500000] [id=1328]
  0x0000025c205f7800 ConcurrentGCThread "G1 Refine#5" [stack: 0x000000f7e3500000,0x000000f7e3600000] [id=11468]
  0x0000025c1f135800 ConcurrentGCThread "G1 Young RemSet Sampling" [stack: 0x000000f4e2800000,0x000000f4e2900000] [id=11624]

Threads with active compile tasks:

VM state:not at safepoint (normal execution)

VM Mutex/Monitor currently owned by a thread:  ([mutex/lock_event])
[0x0000025c7fb3b910] Threads_lock - owner thread: 0x0000025c1f2c4000

OutOfMemory and StackOverflow Exception counts:
StackOverflowErrors=1
LinkageErrors=25

Heap address: 0x0000000083200000, size: 1998 MB, Compressed Oops mode: 32-bit
Narrow klass base: 0x0000000800000000, Narrow klass shift: 3
Compressed class space size: 1073741824 Address: 0x0000000800b30000

Heap:
 garbage-first heap   total 129024K, used 74746K [0x0000000083200000, 0x0000000100000000)
  region size 1024K, 60 young (61440K), 5 survivors (5120K)
 Metaspace       used 6785K, capacity 7487K, committed 7680K, reserved 1056768K
  class space    used 781K, capacity 941K, committed 1024K, reserved 1048576K
Heap Regions: E=young(eden), S=young(survivor), O=old, HS=humongous(starts), HC=humongous(continues), CS=collection set, F=free, OA=open archive, CA=closed archive, TAMS=top-at-mark-start (previous, next)
|   0|0x0000000083200000, 0x0000000083300000, 0x0000000083300000|100%|HS|  |TAMS 0x0000000083200000, 0x0000000083200000| Complete 
|   1|0x0000000083300000, 0x0000000083400000, 0x0000000083400000|100%|HC|  |TAMS 0x0000000083300000, 0x0000000083300000| Complete 
|   2|0x0000000083400000, 0x0000000083500000, 0x0000000083500000|100%|HC|  |TAMS 0x0000000083400000, 0x0000000083400000| Complete 
|   3|0x0000000083500000, 0x0000000083600000, 0x0000000083600000|100%|HC|  |TAMS 0x0000000083500000, 0x0000000083500000| Complete 
|   4|0x0000000083600000, 0x0000000083700000, 0x0000000083700000|100%|HC|  |TAMS 0x0000000083600000, 0x0000000083600000| Complete 
|   5|0x0000000083700000, 0x0000000083800000, 0x0000000083800000|100%| O|  |TAMS 0x0000000083700000, 0x0000000083700000| Untracked 
|   6|0x0000000083800000, 0x0000000083900000, 0x0000000083900000|100%| O|  |TAMS 0x0000000083800000, 0x0000000083800000| Untracked 
|   7|0x0000000083900000, 0x0000000083a00000, 0x0000000083a00000|100%| O|  |TAMS 0x0000000083900000, 0x0000000083900000| Untracked 
|   8|0x0000000083a00000, 0x0000000083b00000, 0x0000000083b00000|100%| O|  |TAMS 0x0000000083a00000, 0x0000000083a00000| Untracked 
|   9|0x0000000083b00000, 0x0000000083c00000, 0x0000000083c00000|100%| O|  |TAMS 0x0000000083b00000, 0x0000000083b00000| Untracked 
|  10|0x0000000083c00000, 0x0000000083d00000, 0x0000000083d00000|100%| O|  |TAMS 0x0000000083c00000, 0x0000000083c00000| Untracked 
|  11|0x0000000083d00000, 0x0000000083e00000, 0x0000000083e00000|100%| O|  |TAMS 0x0000000083d00000, 0x0000000083d00000| Untracked 
|  12|0x0000000083e00000, 0x0000000083f00000, 0x0000000083f00000|100%| O|  |TAMS 0x0000000083e00000, 0x0000000083e00000| Untracked 
|  13|0x0000000083f00000, 0x0000000083ffea00, 0x0000000084000000| 99%| O|  |TAMS 0x0000000083f00000, 0x0000000083f00000| Untracked 
|  14|0x0000000084000000, 0x0000000084000000, 0x0000000084100000|  0%| F|  |TAMS 0x0000000084000000, 0x0000000084000000| Untracked 
|  15|0x0000000084100000, 0x0000000084100000, 0x0000000084200000|  0%| F|  |TAMS 0x0000000084100000, 0x0000000084100000| Untracked 
|  16|0x0000000084200000, 0x0000000084200000, 0x0000000084300000|  0%| F|  |TAMS 0x0000000084200000, 0x0000000084200000| Untracked 
|  17|0x0000000084300000, 0x0000000084300000, 0x0000000084400000|  0%| F|  |TAMS 0x0000000084300000, 0x0000000084300000| Untracked 
|  18|0x0000000084400000, 0x0000000084400000, 0x0000000084500000|  0%| F|  |TAMS 0x0000000084400000, 0x0000000084400000| Untracked 
|  19|0x0000000084500000, 0x0000000084500000, 0x0000000084600000|  0%| F|  |TAMS 0x0000000084500000, 0x0000000084500000| Untracked 
|  20|0x0000000084600000, 0x0000000084600000, 0x0000000084700000|  0%| F|  |TAMS 0x0000000084600000, 0x0000000084600000| Untracked 
|  21|0x0000000084700000, 0x0000000084700000, 0x0000000084800000|  0%| F|  |TAMS 0x0000000084700000, 0x0000000084700000| Untracked 
|  22|0x0000000084800000, 0x0000000084800000, 0x0000000084900000|  0%| F|  |TAMS 0x0000000084800000, 0x0000000084800000| Untracked 
|  23|0x0000000084900000, 0x0000000084900000, 0x0000000084a00000|  0%| F|  |TAMS 0x0000000084900000, 0x0000000084900000| Untracked 
|  24|0x0000000084a00000, 0x0000000084a00000, 0x0000000084b00000|  0%| F|  |TAMS 0x0000000084a00000, 0x0000000084a00000| Untracked 
|  25|0x0000000084b00000, 0x0000000084b00000, 0x0000000084c00000|  0%| F|  |TAMS 0x0000000084b00000, 0x0000000084b00000| Untracked 
|  26|0x0000000084c00000, 0x0000000084c00000, 0x0000000084d00000|  0%| F|  |TAMS 0x0000000084c00000, 0x0000000084c00000| Untracked 
|  27|0x0000000084d00000, 0x0000000084d00000, 0x0000000084e00000|  0%| F|  |TAMS 0x0000000084d00000, 0x0000000084d00000| Untracked 
|  28|0x0000000084e00000, 0x0000000084e00000, 0x0000000084f00000|  0%| F|  |TAMS 0x0000000084e00000, 0x0000000084e00000| Untracked 
|  29|0x0000000084f00000, 0x0000000084f00000, 0x0000000085000000|  0%| F|  |TAMS 0x0000000084f00000, 0x0000000084f00000| Untracked 
|  30|0x0000000085000000, 0x0000000085000000, 0x0000000085100000|  0%| F|  |TAMS 0x0000000085000000, 0x0000000085000000| Untracked 
|  31|0x0000000085100000, 0x0000000085100000, 0x0000000085200000|  0%| F|  |TAMS 0x0000000085100000, 0x0000000085100000| Untracked 
|  32|0x0000000085200000, 0x0000000085200000, 0x0000000085300000|  0%| F|  |TAMS 0x0000000085200000, 0x0000000085200000| Untracked 
|  33|0x0000000085300000, 0x0000000085300000, 0x0000000085400000|  0%| F|  |TAMS 0x0000000085300000, 0x0000000085300000| Untracked 
|  34|0x0000000085400000, 0x0000000085400000, 0x0000000085500000|  0%| F|  |TAMS 0x0000000085400000, 0x0000000085400000| Untracked 
|  35|0x0000000085500000, 0x0000000085500000, 0x0000000085600000|  0%| F|  |TAMS 0x0000000085500000, 0x0000000085500000| Untracked 
|  36|0x0000000085600000, 0x0000000085600000, 0x0000000085700000|  0%| F|  |TAMS 0x0000000085600000, 0x0000000085600000| Untracked 
|  37|0x0000000085700000, 0x0000000085700000, 0x0000000085800000|  0%| F|  |TAMS 0x0000000085700000, 0x0000000085700000| Untracked 
|  38|0x0000000085800000, 0x0000000085800000, 0x0000000085900000|  0%| F|  |TAMS 0x0000000085800000, 0x0000000085800000| Untracked 
|  39|0x0000000085900000, 0x0000000085900000, 0x0000000085a00000|  0%| F|  |TAMS 0x0000000085900000, 0x0000000085900000| Untracked 
|  40|0x0000000085a00000, 0x0000000085a00000, 0x0000000085b00000|  0%| F|  |TAMS 0x0000000085a00000, 0x0000000085a00000| Untracked 
|  41|0x0000000085b00000, 0x0000000085b00000, 0x0000000085c00000|  0%| F|  |TAMS 0x0000000085b00000, 0x0000000085b00000| Untracked 
|  42|0x0000000085c00000, 0x0000000085c00000, 0x0000000085d00000|  0%| F|  |TAMS 0x0000000085c00000, 0x0000000085c00000| Untracked 
|  43|0x0000000085d00000, 0x0000000085d00000, 0x0000000085e00000|  0%| F|  |TAMS 0x0000000085d00000, 0x0000000085d00000| Untracked 
|  44|0x0000000085e00000, 0x0000000085e00000, 0x0000000085f00000|  0%| F|  |TAMS 0x0000000085e00000, 0x0000000085e00000| Untracked 
|  45|0x0000000085f00000, 0x0000000085f00000, 0x0000000086000000|  0%| F|  |TAMS 0x0000000085f00000, 0x0000000085f00000| Untracked 
|  46|0x0000000086000000, 0x0000000086000000, 0x0000000086100000|  0%| F|  |TAMS 0x0000000086000000, 0x0000000086000000| Untracked 
|  47|0x0000000086100000, 0x0000000086100000, 0x0000000086200000|  0%| F|  |TAMS 0x0000000086100000, 0x0000000086100000| Untracked 
|  48|0x0000000086200000, 0x0000000086200000, 0x0000000086300000|  0%| F|  |TAMS 0x0000000086200000, 0x0000000086200000| Untracked 
|  49|0x0000000086300000, 0x0000000086300000, 0x0000000086400000|  0%| F|  |TAMS 0x0000000086300000, 0x0000000086300000| Untracked 
|  50|0x0000000086400000, 0x0000000086400000, 0x0000000086500000|  0%| F|  |TAMS 0x0000000086400000, 0x0000000086400000| Untracked 
|  51|0x0000000086500000, 0x0000000086500000, 0x0000000086600000|  0%| F|  |TAMS 0x0000000086500000, 0x0000000086500000| Untracked 
|  52|0x0000000086600000, 0x0000000086600000, 0x0000000086700000|  0%| F|  |TAMS 0x0000000086600000, 0x0000000086600000| Untracked 
|  53|0x0000000086700000, 0x0000000086700000, 0x0000000086800000|  0%| F|  |TAMS 0x0000000086700000, 0x0000000086700000| Untracked 
|  54|0x0000000086800000, 0x0000000086800000, 0x0000000086900000|  0%| F|  |TAMS 0x0000000086800000, 0x0000000086800000| Untracked 
|  55|0x0000000086900000, 0x0000000086900000, 0x0000000086a00000|  0%| F|  |TAMS 0x0000000086900000, 0x0000000086900000| Untracked 
|  56|0x0000000086a00000, 0x0000000086a00000, 0x0000000086b00000|  0%| F|  |TAMS 0x0000000086a00000, 0x0000000086a00000| Untracked 
|  57|0x0000000086b00000, 0x0000000086b00000, 0x0000000086c00000|  0%| F|  |TAMS 0x0000000086b00000, 0x0000000086b00000| Untracked 
|  58|0x0000000086c00000, 0x0000000086c00000, 0x0000000086d00000|  0%| F|  |TAMS 0x0000000086c00000, 0x0000000086c00000| Untracked 
|  59|0x0000000086d00000, 0x0000000086d00000, 0x0000000086e00000|  0%| F|  |TAMS 0x0000000086d00000, 0x0000000086d00000| Untracked 
|  60|0x0000000086e00000, 0x0000000086e00000, 0x0000000086f00000|  0%| F|  |TAMS 0x0000000086e00000, 0x0000000086e00000| Untracked 
|  61|0x0000000086f00000, 0x0000000086f00000, 0x0000000087000000|  0%| F|  |TAMS 0x0000000086f00000, 0x0000000086f00000| Untracked 
|  62|0x0000000087000000, 0x0000000087000000, 0x0000000087100000|  0%| F|  |TAMS 0x0000000087000000, 0x0000000087000000| Untracked 
|  63|0x0000000087100000, 0x0000000087100000, 0x0000000087200000|  0%| F|  |TAMS 0x0000000087100000, 0x0000000087100000| Untracked 
|  64|0x0000000087200000, 0x0000000087200000, 0x0000000087300000|  0%| F|  |TAMS 0x0000000087200000, 0x0000000087200000| Untracked 
|  65|0x0000000087300000, 0x0000000087300000, 0x0000000087400000|  0%| F|  |TAMS 0x0000000087300000, 0x0000000087300000| Untracked 
|  66|0x0000000087400000, 0x0000000087500000, 0x0000000087500000|100%| E|  |TAMS 0x0000000087400000, 0x0000000087400000| Complete 
|  67|0x0000000087500000, 0x0000000087600000, 0x0000000087600000|100%| E|CS|TAMS 0x0000000087500000, 0x0000000087500000| Complete 
|  68|0x0000000087600000, 0x0000000087700000, 0x0000000087700000|100%| E|CS|TAMS 0x0000000087600000, 0x0000000087600000| Complete 
|  69|0x0000000087700000, 0x0000000087800000, 0x0000000087800000|100%| E|CS|TAMS 0x0000000087700000, 0x0000000087700000| Complete 
|  70|0x0000000087800000, 0x0000000087900000, 0x0000000087900000|100%| E|CS|TAMS 0x0000000087800000, 0x0000000087800000| Complete 
|  71|0x0000000087900000, 0x0000000087a00000, 0x0000000087a00000|100%| E|CS|TAMS 0x0000000087900000, 0x0000000087900000| Complete 
|  72|0x0000000087a00000, 0x0000000087b00000, 0x0000000087b00000|100%| E|CS|TAMS 0x0000000087a00000, 0x0000000087a00000| Complete 
|  73|0x0000000087b00000, 0x0000000087c00000, 0x0000000087c00000|100%| E|CS|TAMS 0x0000000087b00000, 0x0000000087b00000| Complete 
|  74|0x0000000087c00000, 0x0000000087d00000, 0x0000000087d00000|100%| E|CS|TAMS 0x0000000087c00000, 0x0000000087c00000| Complete 
|  75|0x0000000087d00000, 0x0000000087e00000, 0x0000000087e00000|100%| E|CS|TAMS 0x0000000087d00000, 0x0000000087d00000| Complete 
|  76|0x0000000087e00000, 0x0000000087f00000, 0x0000000087f00000|100%| E|CS|TAMS 0x0000000087e00000, 0x0000000087e00000| Complete 
|  77|0x0000000087f00000, 0x0000000088000000, 0x0000000088000000|100%| E|CS|TAMS 0x0000000087f00000, 0x0000000087f00000| Complete 
|  78|0x0000000088000000, 0x0000000088100000, 0x0000000088100000|100%| E|CS|TAMS 0x0000000088000000, 0x0000000088000000| Complete 
|  79|0x0000000088100000, 0x0000000088200000, 0x0000000088200000|100%| E|CS|TAMS 0x0000000088100000, 0x0000000088100000| Complete 
|  80|0x0000000088200000, 0x0000000088300000, 0x0000000088300000|100%| E|CS|TAMS 0x0000000088200000, 0x0000000088200000| Complete 
|  81|0x0000000088300000, 0x0000000088400000, 0x0000000088400000|100%| E|CS|TAMS 0x0000000088300000, 0x0000000088300000| Complete 
|  82|0x0000000088400000, 0x0000000088500000, 0x0000000088500000|100%| E|CS|TAMS 0x0000000088400000, 0x0000000088400000| Complete 
|  83|0x0000000088500000, 0x0000000088600000, 0x0000000088600000|100%| E|CS|TAMS 0x0000000088500000, 0x0000000088500000| Complete 
|  84|0x0000000088600000, 0x0000000088700000, 0x0000000088700000|100%| E|CS|TAMS 0x0000000088600000, 0x0000000088600000| Complete 
|  85|0x0000000088700000, 0x0000000088800000, 0x0000000088800000|100%| E|CS|TAMS 0x0000000088700000, 0x0000000088700000| Complete 
|  86|0x0000000088800000, 0x0000000088900000, 0x0000000088900000|100%| E|CS|TAMS 0x0000000088800000, 0x0000000088800000| Complete 
|  87|0x0000000088900000, 0x0000000088a00000, 0x0000000088a00000|100%| S|CS|TAMS 0x0000000088900000, 0x0000000088900000| Complete 
|  88|0x0000000088a00000, 0x0000000088b00000, 0x0000000088b00000|100%| S|CS|TAMS 0x0000000088a00000, 0x0000000088a00000| Complete 
|  89|0x0000000088b00000, 0x0000000088c00000, 0x0000000088c00000|100%| S|CS|TAMS 0x0000000088b00000, 0x0000000088b00000| Complete 
|  90|0x0000000088c00000, 0x0000000088d00000, 0x0000000088d00000|100%| S|CS|TAMS 0x0000000088c00000, 0x0000000088c00000| Complete 
|  91|0x0000000088d00000, 0x0000000088e00000, 0x0000000088e00000|100%| S|CS|TAMS 0x0000000088d00000, 0x0000000088d00000| Complete 
|  92|0x0000000088e00000, 0x0000000088f00000, 0x0000000088f00000|100%| E|CS|TAMS 0x0000000088e00000, 0x0000000088e00000| Complete 
|  93|0x0000000088f00000, 0x0000000089000000, 0x0000000089000000|100%| E|CS|TAMS 0x0000000088f00000, 0x0000000088f00000| Complete 
|  94|0x0000000089000000, 0x0000000089100000, 0x0000000089100000|100%| E|CS|TAMS 0x0000000089000000, 0x0000000089000000| Complete 
|  95|0x0000000089100000, 0x0000000089200000, 0x0000000089200000|100%| E|CS|TAMS 0x0000000089100000, 0x0000000089100000| Complete 
|  96|0x0000000089200000, 0x0000000089300000, 0x0000000089300000|100%| E|CS|TAMS 0x0000000089200000, 0x0000000089200000| Complete 
|  97|0x0000000089300000, 0x0000000089400000, 0x0000000089400000|100%| E|CS|TAMS 0x0000000089300000, 0x0000000089300000| Complete 
|  98|0x0000000089400000, 0x0000000089500000, 0x0000000089500000|100%| E|CS|TAMS 0x0000000089400000, 0x0000000089400000| Complete 
|  99|0x0000000089500000, 0x0000000089600000, 0x0000000089600000|100%| E|CS|TAMS 0x0000000089500000, 0x0000000089500000| Complete 
| 100|0x0000000089600000, 0x0000000089700000, 0x0000000089700000|100%| E|CS|TAMS 0x0000000089600000, 0x0000000089600000| Complete 
| 101|0x0000000089700000, 0x0000000089800000, 0x0000000089800000|100%| E|CS|TAMS 0x0000000089700000, 0x0000000089700000| Complete 
| 102|0x0000000089800000, 0x0000000089900000, 0x0000000089900000|100%| E|CS|TAMS 0x0000000089800000, 0x0000000089800000| Complete 
| 103|0x0000000089900000, 0x0000000089a00000, 0x0000000089a00000|100%| E|CS|TAMS 0x0000000089900000, 0x0000000089900000| Complete 
| 104|0x0000000089a00000, 0x0000000089b00000, 0x0000000089b00000|100%| E|CS|TAMS 0x0000000089a00000, 0x0000000089a00000| Complete 
| 105|0x0000000089b00000, 0x0000000089c00000, 0x0000000089c00000|100%| E|CS|TAMS 0x0000000089b00000, 0x0000000089b00000| Complete 
| 106|0x0000000089c00000, 0x0000000089d00000, 0x0000000089d00000|100%| E|CS|TAMS 0x0000000089c00000, 0x0000000089c00000| Complete 
| 107|0x0000000089d00000, 0x0000000089e00000, 0x0000000089e00000|100%| E|CS|TAMS 0x0000000089d00000, 0x0000000089d00000| Complete 
| 108|0x0000000089e00000, 0x0000000089f00000, 0x0000000089f00000|100%| E|CS|TAMS 0x0000000089e00000, 0x0000000089e00000| Complete 
| 109|0x0000000089f00000, 0x000000008a000000, 0x000000008a000000|100%| E|CS|TAMS 0x0000000089f00000, 0x0000000089f00000| Complete 
| 110|0x000000008a000000, 0x000000008a100000, 0x000000008a100000|100%| E|CS|TAMS 0x000000008a000000, 0x000000008a000000| Complete 
| 111|0x000000008a100000, 0x000000008a200000, 0x000000008a200000|100%| E|CS|TAMS 0x000000008a100000, 0x000000008a100000| Complete 
| 112|0x000000008a200000, 0x000000008a300000, 0x000000008a300000|100%| E|CS|TAMS 0x000000008a200000, 0x000000008a200000| Complete 
| 113|0x000000008a300000, 0x000000008a400000, 0x000000008a400000|100%| E|CS|TAMS 0x000000008a300000, 0x000000008a300000| Complete 
| 114|0x000000008a400000, 0x000000008a500000, 0x000000008a500000|100%| E|CS|TAMS 0x000000008a400000, 0x000000008a400000| Complete 
| 115|0x000000008a500000, 0x000000008a600000, 0x000000008a600000|100%| E|CS|TAMS 0x000000008a500000, 0x000000008a500000| Complete 
| 116|0x000000008a600000, 0x000000008a700000, 0x000000008a700000|100%| E|CS|TAMS 0x000000008a600000, 0x000000008a600000| Complete 
| 117|0x000000008a700000, 0x000000008a800000, 0x000000008a800000|100%| E|CS|TAMS 0x000000008a700000, 0x000000008a700000| Complete 
| 118|0x000000008a800000, 0x000000008a900000, 0x000000008a900000|100%| E|CS|TAMS 0x000000008a800000, 0x000000008a800000| Complete 
| 119|0x000000008a900000, 0x000000008aa00000, 0x000000008aa00000|100%| E|CS|TAMS 0x000000008a900000, 0x000000008a900000| Complete 
| 120|0x000000008aa00000, 0x000000008ab00000, 0x000000008ab00000|100%| E|CS|TAMS 0x000000008aa00000, 0x000000008aa00000| Complete 
| 121|0x000000008ab00000, 0x000000008ac00000, 0x000000008ac00000|100%| E|CS|TAMS 0x000000008ab00000, 0x000000008ab00000| Complete 
| 122|0x000000008ac00000, 0x000000008ad00000, 0x000000008ad00000|100%| E|CS|TAMS 0x000000008ac00000, 0x000000008ac00000| Complete 
| 123|0x000000008ad00000, 0x000000008ae00000, 0x000000008ae00000|100%| E|CS|TAMS 0x000000008ad00000, 0x000000008ad00000| Complete 
| 124|0x000000008ae00000, 0x000000008af00000, 0x000000008af00000|100%| E|CS|TAMS 0x000000008ae00000, 0x000000008ae00000| Complete 
| 125|0x000000008af00000, 0x000000008b000000, 0x000000008b000000|100%| E|CS|TAMS 0x000000008af00000, 0x000000008af00000| Complete 

Card table byte_map: [0x0000025c18230000,0x0000025c18620000] _byte_map_base: 0x0000025c17e17000

Marking Bits (Prev, Next): (CMBitMap*) 0x0000025c7fb84158, (CMBitMap*) 0x0000025c7fb84198
 Prev Bits: [0x0000025c18a10000, 0x0000025c1a948000)
 Next Bits: [0x0000025c1a950000, 0x0000025c1c888000)

Polling page: 0x0000025c7fc10000

Metaspace:

Usage:
  Non-class:      6.39 MB capacity,     5.86 MB ( 92%) used,   501.27 KB (  8%) free+waste,    40.69 KB ( <1%) overhead. 
      Class:    941.00 KB capacity,   781.48 KB ( 83%) used,   138.52 KB ( 15%) free+waste,    21.00 KB (  2%) overhead. 
       Both:      7.31 MB capacity,     6.63 MB ( 91%) used,   639.79 KB (  9%) free+waste,    61.69 KB ( <1%) overhead. 

Virtual space:
  Non-class space:        8.00 MB reserved,       6.50 MB ( 81%) committed 
      Class space:        1.00 GB reserved,       1.00 MB ( <1%) committed 
             Both:        1.01 GB reserved,       7.50 MB ( <1%) committed 

Chunk freelists:
   Non-Class:  0 bytes
       Class:  0 bytes
        Both:  0 bytes

MaxMetaspaceSize: 17179869184.00 GB
CompressedClassSpaceSize: 1.00 GB

CodeHeap 'non-profiled nmethods': size=120000Kb used=583Kb max_used=583Kb free=119416Kb
 bounds [0x0000025c101a0000, 0x0000025c10410000, 0x0000025c176d0000]
CodeHeap 'profiled nmethods': size=120000Kb used=3041Kb max_used=3041Kb free=116958Kb
 bounds [0x0000025c08c70000, 0x0000025c08f70000, 0x0000025c101a0000]
CodeHeap 'non-nmethods': size=5760Kb used=1258Kb max_used=1279Kb free=4501Kb
 bounds [0x0000025c086d0000, 0x0000025c08940000, 0x0000025c08c70000]
 total_blobs=2444 nmethods=1382 adapters=339
 compilation: enabled
              stopped_count=0, restarted_count=0
 full_count=0

Compilation events (20 events):
Event: 0.958 Thread 0x0000025c1f2ee800 1373       4       java.lang.Integer::hashCode (8 bytes)
Event: 0.958 Thread 0x0000025c1f2f5000 nmethod 1371 0x0000025c08f65090 code [0x0000025c08f65240, 0x0000025c08f65638]
Event: 0.958 Thread 0x0000025c1f2ee800 nmethod 1373 0x0000025c1022d510 code [0x0000025c1022d680, 0x0000025c1022d6f8]
Event: 0.958 Thread 0x0000025c1f2ee800 1374       4       test.puzzle.TestCollatz$1::collatz (76 bytes)
Event: 0.958 Thread 0x0000025c1fcf0800 nmethod 1372 0x0000025c1022d810 code [0x0000025c1022d9a0, 0x0000025c1022da78]
Event: 0.959 Thread 0x0000025c1fcf0800 1375       4       java.lang.Integer::equals (29 bytes)
Event: 0.960 Thread 0x0000025c1fcf0800 nmethod 1375 0x0000025c1022db90 code [0x0000025c1022dd40, 0x0000025c1022de58]
Event: 0.981 Thread 0x0000025c1f2f5000 1376 %     3       test.puzzle.TestCollatz$1::run @ 5 (23 bytes)
Event: 0.981 Thread 0x0000025c1f2f5000 nmethod 1376% 0x0000025c08f65710 code [0x0000025c08f658c0, 0x0000025c08f65b48]
Event: 0.981 Thread 0x0000025c1f2f5000 1377       3       test.puzzle.TestCollatz$1::run (23 bytes)
Event: 0.981 Thread 0x0000025c1f2f5000 nmethod 1377 0x0000025c08f65c90 code [0x0000025c08f65e40, 0x0000025c08f66088]
Event: 0.983 Thread 0x0000025c1f2ee800 nmethod 1374 0x0000025c1022df90 code [0x0000025c1022e480, 0x0000025c102301e0]
Event: 1.013 Thread 0x0000025c1f2f5000 1379   !   3       java.lang.ref.ReferenceQueue::enqueue (119 bytes)
Event: 1.014 Thread 0x0000025c1f2f5000 nmethod 1379 0x0000025c08f66190 code [0x0000025c08f66380, 0x0000025c08f66ba8]
Event: 1.014 Thread 0x0000025c1f2f5000 1381       3       java.lang.ref.ReferenceQueue::reallyPoll (65 bytes)
Event: 1.014 Thread 0x0000025c1f2f5000 nmethod 1381 0x0000025c08f66d90 code [0x0000025c08f66f60, 0x0000025c08f67498]
Event: 1.014 Thread 0x0000025c1f2f5000 1382   !   3       java.lang.ref.ReferenceQueue::remove (125 bytes)
Event: 1.015 Thread 0x0000025c1f2f5000 nmethod 1382 0x0000025c08f67590 code [0x0000025c08f677c0, 0x0000025c08f68118]
Event: 1.015 Thread 0x0000025c1fcf0800 1383 %     4       test.puzzle.TestCollatz$1::run @ 5 (23 bytes)
Event: 1.017 Thread 0x0000025c1fcf0800 nmethod 1383% 0x0000025c10231990 code [0x0000025c10231b40, 0x0000025c10231cc8]

GC Heap History (4 events):
Event: 0.706 GC heap before
{Heap before GC invocations=0 (full 0):
 garbage-first heap   total 129024K, used 22528K [0x0000000083200000, 0x0000000100000000)
  region size 1024K, 23 young (23552K), 0 survivors (0K)
 Metaspace       used 4998K, capacity 6016K, committed 6272K, reserved 1056768K
  class space    used 506K, capacity 599K, committed 640K, reserved 1048576K
}
Event: 0.710 GC heap after
{Heap after GC invocations=1 (full 0):
 garbage-first heap   total 129024K, used 2828K [0x0000000083200000, 0x0000000100000000)
  region size 1024K, 3 young (3072K), 3 survivors (3072K)
 Metaspace       used 4998K, capacity 6016K, committed 6272K, reserved 1056768K
  class space    used 506K, capacity 599K, committed 640K, reserved 1048576K
}
Event: 0.991 GC heap before
{Heap before GC invocations=1 (full 0):
 garbage-first heap   total 129024K, used 39692K [0x0000000083200000, 0x0000000100000000)
  region size 1024K, 34 young (34816K), 3 survivors (3072K)
 Metaspace       used 6780K, capacity 7487K, committed 7680K, reserved 1056768K
  class space    used 781K, capacity 941K, committed 1024K, reserved 1048576K
}
Event: 1.013 GC heap after
{Heap after GC invocations=2 (full 0):
 garbage-first heap   total 129024K, used 19450K [0x0000000083200000, 0x0000000100000000)
  region size 1024K, 5 young (5120K), 5 survivors (5120K)
 Metaspace       used 6780K, capacity 7487K, committed 7680K, reserved 1056768K
  class space    used 781K, capacity 941K, committed 1024K, reserved 1048576K
}

Deoptimization events (20 events):
Event: 0.784 Thread 0x0000025c7fb40800 DEOPT PACKING pc=0x0000025c08d9e803 sp=0x000000f4bfffcb10
Event: 0.784 Thread 0x0000025c7fb40800 DEOPT UNPACKING pc=0x0000025c0871964e sp=0x000000f4bfffbff0 mode 0
Event: 0.860 Thread 0x0000025c7fb40800 DEOPT PACKING pc=0x0000025c08eb8d22 sp=0x000000f4bfffc9b0
Event: 0.860 Thread 0x0000025c7fb40800 DEOPT UNPACKING pc=0x0000025c0871964e sp=0x000000f4bfffbe40 mode 0
Event: 0.867 Thread 0x0000025c7fb40800 DEOPT PACKING pc=0x0000025c08eb8d22 sp=0x000000f4bfffb2e0
Event: 0.867 Thread 0x0000025c7fb40800 DEOPT UNPACKING pc=0x0000025c0871964e sp=0x000000f4bfffa770 mode 0
Event: 0.935 Thread 0x0000025c7fb40800 DEOPT PACKING pc=0x0000025c08e0c55f sp=0x000000f4bfffab40
Event: 0.935 Thread 0x0000025c7fb40800 DEOPT UNPACKING pc=0x0000025c0871964e sp=0x000000f4bfffa088 mode 0
Event: 0.984 Thread 0x0000025c7fb40800 DEOPT PACKING pc=0x0000025c08f65ac1 sp=0x000000f4bfffc990
Event: 0.984 Thread 0x0000025c7fb40800 DEOPT UNPACKING pc=0x0000025c0871964e sp=0x000000f4bfffbe50 mode 0
Event: 0.986 Thread 0x0000025c7fb40800 DEOPT PACKING pc=0x0000025c08f65ac1 sp=0x000000f4bfffc990
Event: 0.986 Thread 0x0000025c7fb40800 DEOPT UNPACKING pc=0x0000025c0871964e sp=0x000000f4bfffbe50 mode 0
Event: 0.988 Thread 0x0000025c7fb40800 DEOPT PACKING pc=0x0000025c08f65ac1 sp=0x000000f4bfffc990
Event: 0.988 Thread 0x0000025c7fb40800 DEOPT UNPACKING pc=0x0000025c0871964e sp=0x000000f4bfffbe50 mode 0
Event: 0.990 Thread 0x0000025c7fb40800 DEOPT PACKING pc=0x0000025c08f65ac1 sp=0x000000f4bfffc990
Event: 0.990 Thread 0x0000025c7fb40800 DEOPT UNPACKING pc=0x0000025c0871964e sp=0x000000f4bfffbe50 mode 0
Event: 1.015 Thread 0x0000025c7fb40800 DEOPT PACKING pc=0x0000025c08f65ac1 sp=0x000000f4bfffc990
Event: 1.015 Thread 0x0000025c7fb40800 DEOPT UNPACKING pc=0x0000025c0871964e sp=0x000000f4bfffbe50 mode 0
Event: 1.018 Thread 0x0000025c7fb40800 DEOPT PACKING pc=0x0000025c08f65ac1 sp=0x000000f4bfffc990
Event: 1.018 Thread 0x0000025c7fb40800 DEOPT UNPACKING pc=0x0000025c0871964e sp=0x000000f4bfffbe50 mode 0

Classes unloaded (0 events):
No events

Classes redefined (0 events):
No events

Internal exceptions (20 events):
Event: 0.674 Thread 0x0000025c7fb40800 Exception <a 'java/lang/NoSuchMethodError'{0x0000000089a60828}: 'java.lang.Object java.lang.invoke.DirectMethodHandle$Holder.invokeStaticInit(java.lang.Object, java.lang.Object, java.lang.Object)'> (0x0000000089a60828) 
thrown [t:/workspace/open/src/hotspot/share/interpreter/linkResolver.cpp, line 766]
Event: 0.675 Thread 0x0000025c7fb40800 Exception <a 'java/lang/NoSuchMethodError'{0x0000000089a66d60}: 'void java.lang.invoke.DirectMethodHandle$Holder.invokeStaticInit(java.lang.Object, java.lang.Object, java.lang.Object)'> (0x0000000089a66d60) 
thrown [t:/workspace/open/src/hotspot/share/interpreter/linkResolver.cpp, line 766]
Event: 0.737 Thread 0x0000025c7fb40800 Exception <a 'java/lang/NoSuchMethodError'{0x000000008ad05930}: 'java.lang.Object java.lang.invoke.DirectMethodHandle$Holder.invokeSpecialIFC(java.lang.Object, java.lang.Object, java.lang.Object, java.lang.Object)'> (0x000000008ad05930) 
thrown [t:/workspace/open/src/hotspot/share/interpreter/linkResolver.cpp, line 766]
Event: 0.753 Thread 0x0000025c7fb40800 Exception <a 'java/lang/NoSuchMethodError'{0x000000008add4070}: 'void java.lang.invoke.DirectMethodHandle$Holder.invokeSpecial(java.lang.Object, java.lang.Object, java.lang.Object, java.lang.Object)'> (0x000000008add4070) 
thrown [t:/workspace/open/src/hotspot/share/interpreter/linkResolver.cpp, line 766]
Event: 0.757 Thread 0x0000025c7fb40800 Exception <a 'java/lang/NoSuchMethodError'{0x000000008ac36f58}: 'java.lang.Object java.lang.invoke.Invokers$Holder.linkToTargetMethod(java.lang.Object, java.lang.Object, java.lang.Object, java.lang.Object, java.lang.Object, java.lang.Object)'> (0x000000008ac36f58) 
thrown [t:/workspace/open/src/hotspot/share/interpreter/linkResolver.cpp, line 766]
Event: 0.763 Thread 0x0000025c7fb40800 Exception <a 'java/lang/NoSuchMethodError'{0x000000008accd6c0}: 'void java.lang.invoke.DirectMethodHandle$Holder.invokeInterface(java.lang.Object, java.lang.Object, java.lang.Object, java.lang.Object, java.lang.Object)'> (0x000000008accd6c0) 
thrown [t:/workspace/open/src/hotspot/share/interpreter/linkResolver.cpp, line 766]
Event: 0.763 Thread 0x0000025c7fb40800 Exception <a 'java/lang/IncompatibleClassChangeError'{0x000000008acd08a0}: Found class java.lang.Object, but interface was expected> (0x000000008acd08a0) 
thrown [t:/workspace/open/src/hotspot/share/interpreter/linkResolver.cpp, line 832]
Event: 0.770 Thread 0x0000025c7fb40800 Exception <a 'java/lang/IncompatibleClassChangeError'{0x000000008ab1bdb8}: Found class java.lang.Object, but interface was expected> (0x000000008ab1bdb8) 
thrown [t:/workspace/open/src/hotspot/share/interpreter/linkResolver.cpp, line 832]
Event: 0.774 Thread 0x0000025c7fb40800 Exception <a 'java/lang/NoSuchMethodError'{0x000000008ab51eb8}: 'void java.lang.invoke.DirectMethodHandle$Holder.invokeSpecial(java.lang.Object, java.lang.Object, java.lang.Object, java.lang.Object, java.lang.Object)'> (0x000000008ab51eb8) 
thrown [t:/workspace/open/src/hotspot/share/interpreter/linkResolver.cpp, line 766]
Event: 0.826 Thread 0x0000025c7fb40800 Exception <a 'java/lang/NoSuchMethodError'{0x000000008a79e0a0}: 'java.lang.Object java.lang.invoke.DirectMethodHandle$Holder.invokeVirtual(java.lang.Object, java.lang.Object, java.lang.Object)'> (0x000000008a79e0a0) 
thrown [t:/workspace/open/src/hotspot/share/interpreter/linkResolver.cpp, line 766]
Event: 0.835 Thread 0x0000025c7fb40800 Exception <a 'java/lang/NoSuchMethodError'{0x000000008a6226c8}: 'void java.lang.invoke.DirectMethodHandle$Holder.invokeInterface(java.lang.Object, java.lang.Object, java.lang.Object, java.lang.Object)'> (0x000000008a6226c8) 
thrown [t:/workspace/open/src/hotspot/share/interpreter/linkResolver.cpp, line 766]
Event: 0.836 Thread 0x0000025c7fb40800 Exception <a 'java/lang/IncompatibleClassChangeError'{0x000000008a6250f0}: Found class java.lang.Object, but interface was expected> (0x000000008a6250f0) 
thrown [t:/workspace/open/src/hotspot/share/interpreter/linkResolver.cpp, line 832]
Event: 0.838 Thread 0x0000025c7fb40800 Exception <a 'java/lang/NoSuchMethodError'{0x000000008a6483e8}: 'void java.lang.invoke.DirectMethodHandle$Holder.invokeStatic(java.lang.Object, java.lang.Object, java.lang.Object, java.lang.Object)'> (0x000000008a6483e8) 
thrown [t:/workspace/open/src/hotspot/share/interpreter/linkResolver.cpp, line 766]
Event: 0.850 Thread 0x0000025c7fb40800 Exception <a 'java/lang/NoSuchMethodError'{0x000000008a52ae48}: 'java.lang.Object java.lang.invoke.Invokers$Holder.invokeExact_MT(java.lang.Object, java.lang.Object, java.lang.Object, java.lang.Object, java.lang.Object, java.lang.Object)'> (0x000000008a52ae48) 
thrown [t:/workspace/open/src/hotspot/share/interpreter/linkResolver.cpp, line 766]
Event: 0.871 Thread 0x0000025c7fb40800 Exception <a 'java/lang/NoSuchMethodError'{0x000000008a4c0930}: 'void java.lang.invoke.DirectMethodHandle$Holder.invokeSpecial(java.lang.Object, java.lang.Object)'> (0x000000008a4c0930) 
thrown [t:/workspace/open/src/hotspot/share/interpreter/linkResolver.cpp, line 766]
Event: 0.895 Thread 0x0000025c7fb40800 Exception <a 'java/lang/NoSuchMethodError'{0x000000008a2682f0}: 'int java.lang.invoke.DirectMethodHandle$Holder.invokeStaticInit(java.lang.Object, java.lang.Object, java.lang.Object)'> (0x000000008a2682f0) 
thrown [t:/workspace/open/src/hotspot/share/interpreter/linkResolver.cpp, line 766]
Event: 0.919 Thread 0x0000025c7fb40800 Exception <a 'java/lang/NoSuchMethodError'{0x000000008a13a3a0}: 'int java.lang.invoke.DirectMethodHandle$Holder.invokeStaticInit(java.lang.Object, java.lang.Object)'> (0x000000008a13a3a0) 
thrown [t:/workspace/open/src/hotspot/share/interpreter/linkResolver.cpp, line 766]
Event: 0.931 Thread 0x0000025c7fb40800 Exception <a 'java/lang/NoSuchMethodError'{0x000000008a1a60a0}: 'java.lang.Object java.lang.invoke.DirectMethodHandle$Holder.invokeInterface(java.lang.Object, java.lang.Object, java.lang.Object, java.lang.Object, java.lang.Object)'> (0x000000008a1a60a0) 
thrown [t:/workspace/open/src/hotspot/share/interpreter/linkResolver.cpp, line 766]
Event: 0.931 Thread 0x0000025c7fb40800 Exception <a 'java/lang/IncompatibleClassChangeError'{0x000000008a1a93a8}: Found class java.lang.Object, but interface was expected> (0x000000008a1a93a8) 
thrown [t:/workspace/open/src/hotspot/share/interpreter/linkResolver.cpp, line 832]
Event: 5.689 Thread 0x0000025c7fb40800 StackOverflowError at 0x0000025c1022e4b0

Events (20 events):
Event: 0.921 loading class java/util/stream/SpinedBuffer
Event: 0.922 loading class java/util/stream/AbstractSpinedBuffer
Event: 0.922 loading class java/util/stream/AbstractSpinedBuffer done
Event: 0.922 loading class java/util/stream/SpinedBuffer done
Event: 0.922 loading class java/util/function/BooleanSupplier
Event: 0.922 loading class java/util/function/BooleanSupplier done
Event: 0.934 loading class java/util/ArrayList$ListItr
Event: 0.934 loading class java/util/ArrayList$ListItr done
Event: 0.934 Executing VM operation: HandshakeAllThreads
Event: 0.934 Executing VM operation: HandshakeAllThreads done
Event: 0.938 loading class sun/nio/ch/IOStatus
Event: 0.938 loading class sun/nio/ch/IOStatus done
Event: 0.950 loading class java/time/format/DateTimeParseException
Event: 0.950 loading class java/time/DateTimeException
Event: 0.950 loading class java/time/DateTimeException done
Event: 0.950 loading class java/time/format/DateTimeParseException done
Event: 0.991 Executing VM operation: G1CollectForAllocation
Event: 1.013 Executing VM operation: G1CollectForAllocation done
Event: 8.415 Thread 0x0000025c1fcf0800 Thread exited: 0x0000025c1fcf0800
Event: 8.431 Executing VM operation: HandshakeOneThread


Dynamic libraries:
0x00007ff69a8b0000 - 0x00007ff69a8bf000 	C:\Program Files\Java\jdk-14\bin\javaw.exe
0x00007ffb4ede0000 - 0x00007ffb4efd0000 	C:\Windows\SYSTEM32\ntdll.dll
0x00007ffb4dd00000 - 0x00007ffb4ddb2000 	C:\Windows\System32\KERNEL32.DLL
0x00007ffb4c8f0000 - 0x00007ffb4cb94000 	C:\Windows\System32\KERNELBASE.dll
0x00007ffb4bdc0000 - 0x00007ffb4beba000 	C:\Windows\System32\ucrtbase.dll
0x00007ffb30c90000 - 0x00007ffb30ca5000 	C:\Program Files\Java\jdk-14\bin\VCRUNTIME140.dll
0x00007ffb30970000 - 0x00007ffb30988000 	C:\Program Files\Java\jdk-14\bin\jli.dll
0x00007ffb4dfe0000 - 0x00007ffb4e083000 	C:\Windows\System32\ADVAPI32.dll
0x00007ffb4eae0000 - 0x00007ffb4eb7e000 	C:\Windows\System32\msvcrt.dll
0x00007ffb4eca0000 - 0x00007ffb4ed37000 	C:\Windows\System32\sechost.dll
0x00007ffb4eb80000 - 0x00007ffb4eca0000 	C:\Windows\System32\RPCRT4.dll
0x00007ffb4de40000 - 0x00007ffb4dfd4000 	C:\Windows\System32\USER32.dll
0x00007ffb4c840000 - 0x00007ffb4c861000 	C:\Windows\System32\win32u.dll
0x00007ffb4dbe0000 - 0x00007ffb4dc06000 	C:\Windows\System32\GDI32.dll
0x00007ffb4ccf0000 - 0x00007ffb4ce85000 	C:\Windows\System32\gdi32full.dll
0x00007ffb37dc0000 - 0x00007ffb38044000 	C:\Windows\WinSxS\amd64_microsoft.windows.common-controls_6595b64144ccf1df_6.0.18362.900_none_e6beb9d913147d17\COMCTL32.dll
0x00007ffb4bf10000 - 0x00007ffb4bfae000 	C:\Windows\System32\msvcp_win.dll
0x00007ffb4e230000 - 0x00007ffb4e565000 	C:\Windows\System32\combase.dll
0x00007ffb4c870000 - 0x00007ffb4c8f0000 	C:\Windows\System32\bcryptPrimitives.dll
0x00007ffb457a0000 - 0x00007ffb457aa000 	C:\Windows\SYSTEM32\VERSION.dll
0x00007ffb4e570000 - 0x00007ffb4e59e000 	C:\Windows\System32\IMM32.DLL
0x00007ffb30430000 - 0x00007ffb304cb000 	C:\Program Files\Java\jdk-14\bin\msvcp140.dll
0x00007ffaffc40000 - 0x00007ffb0075f000 	C:\Program Files\Java\jdk-14\bin\server\jvm.dll
0x00007ffb4ce90000 - 0x00007ffb4ce98000 	C:\Windows\System32\PSAPI.DLL
0x00007ffb497f0000 - 0x00007ffb49814000 	C:\Windows\SYSTEM32\WINMM.dll
0x00007ffb31e90000 - 0x00007ffb31e99000 	C:\Windows\SYSTEM32\WSOCK32.dll
0x00007ffb4dc90000 - 0x00007ffb4dcff000 	C:\Windows\System32\WS2_32.dll
0x00007ffb49320000 - 0x00007ffb4934d000 	C:\Windows\SYSTEM32\WINMMBASE.dll
0x00007ffb4bd70000 - 0x00007ffb4bdba000 	C:\Windows\System32\cfgmgr32.dll
0x00007ffb4bd20000 - 0x00007ffb4bd31000 	C:\Windows\System32\kernel.appcore.dll
0x00007ffb473f0000 - 0x00007ffb473fa000 	C:\Program Files\Java\jdk-14\bin\jimage.dll
0x00007ffb4a490000 - 0x00007ffb4a684000 	C:\Windows\SYSTEM32\DBGHELP.DLL
0x00007ffb4a440000 - 0x00007ffb4a46a000 	C:\Windows\SYSTEM32\dbgcore.DLL
0x00007ffb30930000 - 0x00007ffb30968000 	C:\Program Files\Java\jdk-14\bin\jdwp.dll
0x00007ffb39580000 - 0x00007ffb395a5000 	C:\Program Files\Java\jdk-14\bin\java.dll
0x00007ffb431d0000 - 0x00007ffb431de000 	C:\Program Files\Java\jdk-14\bin\instrument.dll
0x00007ffb3be40000 - 0x00007ffb3be57000 	C:\Program Files\Java\jdk-14\bin\zip.dll
0x00007ffb4d2e0000 - 0x00007ffb4d9c6000 	C:\Windows\System32\SHELL32.dll
0x00007ffb4d050000 - 0x00007ffb4d0f9000 	C:\Windows\System32\shcore.dll
0x00007ffb4bfb0000 - 0x00007ffb4c730000 	C:\Windows\System32\windows.storage.dll
0x00007ffb4bd40000 - 0x00007ffb4bd63000 	C:\Windows\System32\profapi.dll
0x00007ffb4bcd0000 - 0x00007ffb4bd1a000 	C:\Windows\System32\powrprof.dll
0x00007ffb4bca0000 - 0x00007ffb4bcb0000 	C:\Windows\System32\UMPDC.dll
0x00007ffb4e090000 - 0x00007ffb4e0e2000 	C:\Windows\System32\shlwapi.dll
0x00007ffb4bec0000 - 0x00007ffb4bed7000 	C:\Windows\System32\cryptsp.dll
0x00007ffb3b480000 - 0x00007ffb3b48b000 	C:\Program Files\Java\jdk-14\bin\dt_socket.dll
0x00007ffb4b1c0000 - 0x00007ffb4b1fa000 	C:\Windows\SYSTEM32\IPHLPAPI.DLL
0x00007ffb4b4b0000 - 0x00007ffb4b517000 	C:\Windows\system32\mswsock.dll
0x00007ffb4b200000 - 0x00007ffb4b2cb000 	C:\Windows\SYSTEM32\DNSAPI.dll
0x00007ffb4d100000 - 0x00007ffb4d108000 	C:\Windows\System32\NSI.dll
0x00007ffb3b9a0000 - 0x00007ffb3b9aa000 	C:\Windows\System32\rasadhlp.dll
0x00007ffb416f0000 - 0x00007ffb41767000 	C:\Windows\System32\fwpuclnt.dll
0x00007ffb4bee0000 - 0x00007ffb4bf06000 	C:\Windows\System32\bcrypt.dll
0x00007ffb3b1b0000 - 0x00007ffb3b1c9000 	C:\Program Files\Java\jdk-14\bin\net.dll
0x00007ffb4a200000 - 0x00007ffb4a2f0000 	C:\Windows\SYSTEM32\WINHTTP.dll
0x00007ffb38520000 - 0x00007ffb38532000 	C:\Program Files\Java\jdk-14\bin\nio.dll
0x00007ffb472c0000 - 0x00007ffb472d0000 	C:\Program Files\Java\jdk-14\bin\verify.dll
0x00007ffb417d0000 - 0x00007ffb417e6000 	C:\Windows\SYSTEM32\dhcpcsvc6.DLL
0x00007ffb42010000 - 0x00007ffb4202c000 	C:\Windows\SYSTEM32\dhcpcsvc.DLL

dbghelp: loaded successfully - version: 4.0.5 - missing functions: none
symbol engine: initialized successfully - sym options: 0x614 - pdb path: .;C:\Program Files\Java\jdk-14\bin;C:\Windows\SYSTEM32;C:\Windows\WinSxS\amd64_microsoft.windows.common-controls_6595b64144ccf1df_6.0.18362.900_none_e6beb9d913147d17;C:\Program Files\Java\jdk-14\bin\server

VM Arguments:
jvm_args: -Dfile.encoding=UTF-8 -Djava.util.logging.config.file=logging.properties -agentlib:jdwp=transport=dt_socket,suspend=y,address=localhost:57522 -ea -Xss1024m -javaagent:C:\app\eclipse\java-2020-03\eclipse\configuration\org.eclipse.osgi\508\0\.cp\lib\javaagent-shaded.jar -Dfile.encoding=UTF-8 --enable-preview 
java_command: org.eclipse.jdt.internal.junit.runner.RemoteTestRunner -version 3 -port 57520 -testLoaderClass org.eclipse.jdt.internal.junit5.runner.JUnit5TestLoader -loaderpluginname org.eclipse.jdt.junit5.runtime -classNames test.puzzle.TestCollatz
java_class_path (initial): D:\git\Puzzle\target\test-classes;D:\git\Puzzle\target\classes;C:\Users\saka1\.p2\pool\plugins\org.junit.jupiter.api_5.6.0.v20200203-2009.jar;C:\Users\saka1\.p2\pool\plugins\org.junit.jupiter.engine_5.6.0.v20200203-2009.jar;C:\Users\saka1\.p2\pool\plugins\org.junit.jupiter.migrationsupport_5.6.0.v20200203-2009.jar;C:\Users\saka1\.p2\pool\plugins\org.junit.jupiter.params_5.6.0.v20200203-2009.jar;C:\Users\saka1\.p2\pool\plugins\org.junit.platform.commons_1.6.0.v20200203-2009.jar;C:\Users\saka1\.p2\pool\plugins\org.junit.platform.engine_1.6.0.v20200203-2009.jar;C:\Users\saka1\.p2\pool\plugins\org.junit.platform.launcher_1.6.0.v20200203-2009.jar;C:\Users\saka1\.p2\pool\plugins\org.junit.platform.runner_1.6.0.v20200203-2009.jar;C:\Users\saka1\.p2\pool\plugins\org.junit.platform.suite.api_1.6.0.v20200203-2009.jar;C:\Users\saka1\.p2\pool\plugins\org.junit.vintage.engine_5.6.0.v20200203-2009.jar;C:\Users\saka1\.p2\pool\plugins\org.opentest4j_1.2.0.v20190826-0900.jar;C:\Users\saka1\.p2\pool\plugins\org.apiguardian_1.1.0.v20190826-0900.jar;C:\Users\saka1\.p2\pool\plugins\org.junit_4.13.0.v20200204-1500.jar;C:\Users\saka1\.p2\pool\plugins\org.hamcrest.core_1.3.0.v20180420-1519.jar;C:\Users\saka1\.m2\repository\junit\junit\3.8.1\junit-3.8.1.jar;C:\app\eclipse\java-2020-03\eclipse\configuration\org.eclipse.osgi\222\0\.cp;C:\app\eclipse\java-2020-03\eclipse\configuration\org.eclipse.osgi\220\0\.cp
Launcher Type: SUN_STANDARD

[Global flags]
     intx CICompilerCount                          = 4                                         {product} {ergonomic}
     uint ConcGCThreads                            = 2                                         {product} {ergonomic}
     uint G1ConcRefinementThreads                  = 8                                         {product} {ergonomic}
   size_t G1HeapRegionSize                         = 1048576                                   {product} {ergonomic}
    uintx GCDrainStackTargetSize                   = 64                                        {product} {ergonomic}
   size_t InitialHeapSize                          = 132120576                                 {product} {ergonomic}
   size_t MarkStackSize                            = 4194304                                   {product} {ergonomic}
   size_t MaxHeapSize                              = 2095054848                                {product} {ergonomic}
   size_t MaxNewSize                               = 1256194048                                {product} {ergonomic}
   size_t MinHeapDeltaBytes                        = 1048576                                   {product} {ergonomic}
   size_t MinHeapSize                              = 8388608                                   {product} {ergonomic}
    uintx NonNMethodCodeHeapSize                   = 5839372                                {pd product} {ergonomic}
    uintx NonProfiledCodeHeapSize                  = 122909434                              {pd product} {ergonomic}
    uintx ProfiledCodeHeapSize                     = 122909434                              {pd product} {ergonomic}
    uintx ReservedCodeCacheSize                    = 251658240                              {pd product} {ergonomic}
     bool SegmentedCodeCache                       = true                                      {product} {ergonomic}
   size_t SoftMaxHeapSize                          = 2095054848                             {manageable} {ergonomic}
     intx ThreadStackSize                          = 1048576                                {pd product} {command line}
     bool UseCompressedClassPointers               = true                                 {lp64_product} {ergonomic}
     bool UseCompressedOops                        = true                                 {lp64_product} {ergonomic}
     bool UseG1GC                                  = true                                      {product} {ergonomic}
     bool UseLargePagesIndividualAllocation        = false                                  {pd product} {ergonomic}

Logging:
Log output configuration:
 #0: stdout all=warning uptime,level,tags
 #1: stderr all=off uptime,level,tags

Environment Variables:
JAVA_HOME=C:\Program Files\Java\jdk-14
JAVA_TOOL_OPTIONS=-Dfile.encoding=UTF-8 -Djava.util.logging.config.file=logging.properties
CLASSPATH=D:\git\Util\bin
PATH=C:/Program Files/Java/jdk-14/bin/server;C:/Program Files/Java/jdk-14/bin;C:\Program Files (x86)\Intel\Intel(R) Management Engine Components\iCLS\;C:\Program Files\Intel\Intel(R) Management Engine Components\iCLS\;C:\Windows\system32;C:\Windows;C:\Windows\System32\Wbem;C:\Windows\System32\WindowsPowerShell\v1.0\;C:\Windows\System32\OpenSSH\;C:\Program Files (x86)\Intel\Intel(R) Management Engine Components\DAL;C:\Program Files\Intel\Intel(R) Management Engine Components\DAL;C:\app\vim82-kaoriya-win64;D:\bin;C:\Program Files\Git\cmd;C:\Program Files\Java\jdk-14\bin;C:\Program Files\TortoiseGit\bin;C:\Users\saka1\AppData\Local\Microsoft\WindowsApps;;C:\Windows\system32;
USERNAME=saka1
OS=Windows_NT
PROCESSOR_IDENTIFIER=Intel64 Family 6 Model 142 Stepping 12, GenuineIntel



---------------  S Y S T E M  ---------------

OS: Windows 10 , 64 bit Build 18362 (10.0.18362.900)
OS uptime: 0 days 2:53 hours

CPU:total 8 (initial active 8) (4 cores per cpu, 2 threads per core) family 6 model 142 stepping 12, cmov, cx8, fxsr, mmx, sse, sse2, sse3, ssse3, sse4.1, sse4.2, popcnt, avx, avx2, aes, clmul, erms, 3dnowpref, lzcnt, ht, tsc, tscinvbit, bmi1, bmi2, adx, fma

Memory: 4k page, system-wide physical 7986M (111M free)
TotalPageFile size 32562M (AvailPageFile size 11M)
current process WorkingSet (physical memory assigned to process): 3M, peak: 2549M
current process commit charge ("private bytes"): 24654M, peak: 24654M

vm_info: Java HotSpot(TM) 64-Bit Server VM (14+36-1461) for windows-amd64 JRE (14+36-1461), built on Feb  6 2020 19:08:04 by "mach5one" with MS VC++ 15.9 (VS2017)

END.
