#
# A fatal error has been detected by the Java Runtime Environment:
#
#  EXCEPTION_ACCESS_VIOLATION (0xc0000005) at pc=0x00007ff8dbd8f74a, pid=16832, tid=12260
#
# JRE version: Java(TM) SE Runtime Environment (14.0+36) (build 14+36-1461)
# Java VM: Java HotSpot(TM) 64-Bit Server VM (14+36-1461, mixed mode, sharing, tiered, compressed oops, g1 gc, windows-amd64)
# Problematic frame:
# C  [awt.dll+0x8f74a]
#
# No core dump will be written. Minidumps are not enabled by default on client versions of Windows
#
# If you would like to submit a bug report, please visit:
#   https://bugreport.java.com/bugreport/crash.jsp
# The crash happened outside the Java Virtual Machine in native code.
# See problematic frame for where to report the bug.
#

---------------  S U M M A R Y ------------

Command Line: -Dfile.encoding=UTF-8 -Djava.util.logging.config.file=logging.properties -agentlib:jdwp=transport=dt_socket,suspend=y,address=localhost:63448 -ea -javaagent:C:\app\eclipse\java-2020-06\eclipse\configuration\org.eclipse.osgi\222\0\.cp\lib\javaagent-shaded.jar -Dfile.encoding=UTF-8 --enable-preview org.eclipse.jdt.internal.junit.runner.RemoteTestRunner -version 3 -port 63447 -testLoaderClass org.eclipse.jdt.internal.junit5.runner.JUnit5TestLoader -loaderpluginname org.eclipse.jdt.junit5.runtime -test test.puzzle.TestLifeGame:testAWT

Host: Intel(R) Core(TM) i5-8265U CPU @ 1.60GHz, 8 cores, 7G,  Windows 10 , 64 bit Build 18362 (10.0.18362.959)
Time: Tue Jul 21 22:51:42 2020 ???? (?W?€??) elapsed time: 1 seconds (0d 0h 0m 1s)

---------------  T H R E A D  ---------------

Current thread (0x000002f570396000):  JavaThread "main" [_thread_in_native, id=12260, stack(0x000000fbac800000,0x000000fbac900000)]

Stack: [0x000000fbac800000,0x000000fbac900000],  sp=0x000000fbac8fbd40,  free space=1007k
Native frames: (J=compiled Java code, j=interpreted, Vv=VM code, C=native code)
C  [awt.dll+0x8f74a]

Java frames: (J=compiled Java code, j=interpreted, Vv=VM code)
j  sun.awt.windows.WComponentPeer._setFont(Ljava/awt/Font;)V+0 java.desktop@14
j  sun.awt.windows.WComponentPeer.setFont(Ljava/awt/Font;)V+7 java.desktop@14
j  sun.awt.windows.WWindowPeer.initialize()V+42 java.desktop@14
j  sun.awt.windows.WFramePeer.initialize()V+1 java.desktop@14
j  sun.awt.windows.WComponentPeer.<init>(Ljava/awt/Component;)V+83 java.desktop@14
j  sun.awt.windows.WCanvasPeer.<init>(Ljava/awt/Component;)V+2 java.desktop@14
j  sun.awt.windows.WPanelPeer.<init>(Ljava/awt/Component;)V+2 java.desktop@14
j  sun.awt.windows.WWindowPeer.<init>(Ljava/awt/Window;)V+2 java.desktop@14
j  sun.awt.windows.WFramePeer.<init>(Ljava/awt/Frame;)V+2 java.desktop@14
j  sun.awt.windows.WToolkit.createFrame(Ljava/awt/Frame;)Ljava/awt/peer/FramePeer;+5 java.desktop@14
j  java.awt.Frame.addNotify()V+20 java.desktop@14
j  java.awt.Window.show()V+8 java.desktop@14
j  java.awt.Component.show(Z)V+5 java.desktop@14
j  java.awt.Component.setVisible(Z)V+2 java.desktop@14
j  java.awt.Window.setVisible(Z)V+2 java.desktop@14
j  test.puzzle.TestLifeGame.testAWT()V+8
v  ~StubRoutines::call_stub
j  jdk.internal.reflect.NativeMethodAccessorImpl.invoke0(Ljava/lang/reflect/Method;Ljava/lang/Object;[Ljava/lang/Object;)Ljava/lang/Object;+0 java.base@14
j  jdk.internal.reflect.NativeMethodAccessorImpl.invoke(Ljava/lang/Object;[Ljava/lang/Object;)Ljava/lang/Object;+100 java.base@14
j  jdk.internal.reflect.DelegatingMethodAccessorImpl.invoke(Ljava/lang/Object;[Ljava/lang/Object;)Ljava/lang/Object;+6 java.base@14
j  java.lang.reflect.Method.invoke(Ljava/lang/Object;[Ljava/lang/Object;)Ljava/lang/Object;+59 java.base@14
j  org.junit.platform.commons.util.ReflectionUtils.invokeMethod(Ljava/lang/reflect/Method;Ljava/lang/Object;[Ljava/lang/Object;)Ljava/lang/Object;+41
j  org.junit.jupiter.engine.execution.MethodInvocation.proceed()Ljava/lang/Object;+16
j  org.junit.jupiter.engine.execution.InvocationInterceptorChain$ValidatingInvocation.proceed()Ljava/lang/Object;+8
j  org.junit.jupiter.engine.extension.TimeoutExtension.intercept(Lorg/junit/jupiter/api/extension/InvocationInterceptor$Invocation;Lorg/junit/jupiter/api/extension/ReflectiveInvocationContext;Lorg/junit/jupiter/api/extension/ExtensionContext;Lorg/junit/jupiter/engine/extension/TimeoutDuration;Lorg/junit/jupiter/engine/extension/TimeoutExtension$TimeoutProvider;)Ljava/lang/Object;+28
j  org.junit.jupiter.engine.extension.TimeoutExtension.interceptTestableMethod(Lorg/junit/jupiter/api/extension/InvocationInterceptor$Invocation;Lorg/junit/jupiter/api/extension/ReflectiveInvocationContext;Lorg/junit/jupiter/api/extension/ExtensionContext;Lorg/junit/jupiter/engine/extension/TimeoutExtension$TimeoutProvider;)Ljava/lang/Object;+31
j  org.junit.jupiter.engine.extension.TimeoutExtension.interceptTestMethod(Lorg/junit/jupiter/api/extension/InvocationInterceptor$Invocation;Lorg/junit/jupiter/api/extension/ReflectiveInvocationContext;Lorg/junit/jupiter/api/extension/ExtensionContext;)V+9
j  org.junit.jupiter.engine.descriptor.TestMethodTestDescriptor$$Lambda$138.apply(Lorg/junit/jupiter/api/extension/InvocationInterceptor;Lorg/junit/jupiter/api/extension/InvocationInterceptor$Invocation;Lorg/junit/jupiter/api/extension/ReflectiveInvocationContext;Lorg/junit/jupiter/api/extension/ExtensionContext;)V+5
j  org.junit.jupiter.engine.execution.ExecutableInvoker$ReflectiveInterceptorCall.lambda$ofVoidMethod$0(Lorg/junit/jupiter/engine/execution/ExecutableInvoker$ReflectiveInterceptorCall$VoidMethodInterceptorCall;Lorg/junit/jupiter/api/extension/InvocationInterceptor;Lorg/junit/jupiter/api/extension/InvocationInterceptor$Invocation;Lorg/junit/jupiter/api/extension/ReflectiveInvocationContext;Lorg/junit/jupiter/api/extension/ExtensionContext;)Ljava/lang/Void;+6
j  org.junit.jupiter.engine.execution.ExecutableInvoker$ReflectiveInterceptorCall$$Lambda$139.apply(Lorg/junit/jupiter/api/extension/InvocationInterceptor;Lorg/junit/jupiter/api/extension/InvocationInterceptor$Invocation;Lorg/junit/jupiter/api/extension/ReflectiveInvocationContext;Lorg/junit/jupiter/api/extension/ExtensionContext;)Ljava/lang/Object;+9
j  org.junit.jupiter.engine.execution.ExecutableInvoker.lambda$invoke$0(Lorg/junit/jupiter/engine/execution/ExecutableInvoker$ReflectiveInterceptorCall;Lorg/junit/jupiter/api/extension/ReflectiveInvocationContext;Lorg/junit/jupiter/api/extension/ExtensionContext;Lorg/junit/jupiter/api/extension/InvocationInterceptor;Lorg/junit/jupiter/api/extension/InvocationInterceptor$Invocation;)Ljava/lang/Object;+6
j  org.junit.jupiter.engine.execution.ExecutableInvoker$$Lambda$277.apply(Lorg/junit/jupiter/api/extension/InvocationInterceptor;Lorg/junit/jupiter/api/extension/InvocationInterceptor$Invocation;)Ljava/lang/Object;+14
j  org.junit.jupiter.engine.execution.InvocationInterceptorChain$InterceptedInvocation.proceed()Ljava/lang/Object;+12
j  org.junit.jupiter.engine.execution.InvocationInterceptorChain.proceed(Lorg/junit/jupiter/api/extension/InvocationInterceptor$Invocation;)Ljava/lang/Object;+1
j  org.junit.jupiter.engine.execution.InvocationInterceptorChain.chainAndInvoke(Lorg/junit/jupiter/api/extension/InvocationInterceptor$Invocation;Lorg/junit/jupiter/engine/execution/InvocationInterceptorChain$InterceptorCall;Ljava/util/List;)Ljava/lang/Object;+24
j  org.junit.jupiter.engine.execution.InvocationInterceptorChain.invoke(Lorg/junit/jupiter/api/extension/InvocationInterceptor$Invocation;Lorg/junit/jupiter/engine/extension/ExtensionRegistry;Lorg/junit/jupiter/engine/execution/InvocationInterceptorChain$InterceptorCall;)Ljava/lang/Object;+31
j  org.junit.jupiter.engine.execution.ExecutableInvoker.invoke(Lorg/junit/jupiter/api/extension/InvocationInterceptor$Invocation;Lorg/junit/jupiter/api/extension/ReflectiveInvocationContext;Lorg/junit/jupiter/api/extension/ExtensionContext;Lorg/junit/jupiter/engine/extension/ExtensionRegistry;Lorg/junit/jupiter/engine/execution/ExecutableInvoker$ReflectiveInterceptorCall;)Ljava/lang/Object;+15
j  org.junit.jupiter.engine.execution.ExecutableInvoker.invoke(Ljava/lang/reflect/Method;Ljava/lang/Object;Lorg/junit/jupiter/api/extension/ExtensionContext;Lorg/junit/jupiter/engine/extension/ExtensionRegistry;Lorg/junit/jupiter/engine/execution/ExecutableInvoker$ReflectiveInterceptorCall;)Ljava/lang/Object;+56
j  org.junit.jupiter.engine.descriptor.TestMethodTestDescriptor.lambda$invokeTestMethod$6(Lorg/junit/jupiter/api/extension/ExtensionContext;Lorg/junit/jupiter/engine/execution/JupiterEngineExecutionContext;)V+28
j  org.junit.jupiter.engine.descriptor.TestMethodTestDescriptor$$Lambda$287.execute()V+12
j  org.junit.platform.engine.support.hierarchical.ThrowableCollector.execute(Lorg/junit/platform/engine/support/hierarchical/ThrowableCollector$Executable;)V+1
j  org.junit.jupiter.engine.descriptor.TestMethodTestDescriptor.invokeTestMethod(Lorg/junit/jupiter/engine/execution/JupiterEngineExecutionContext;Lorg/junit/platform/engine/support/hierarchical/Node$DynamicTestExecutor;)V+21
j  org.junit.jupiter.engine.descriptor.TestMethodTestDescriptor.execute(Lorg/junit/jupiter/engine/execution/JupiterEngineExecutionContext;Lorg/junit/platform/engine/support/hierarchical/Node$DynamicTestExecutor;)Lorg/junit/jupiter/engine/execution/JupiterEngineExecutionContext;+44
j  org.junit.jupiter.engine.descriptor.TestMethodTestDescriptor.execute(Lorg/junit/platform/engine/support/hierarchical/EngineExecutionContext;Lorg/junit/platform/engine/support/hierarchical/Node$DynamicTestExecutor;)Lorg/junit/platform/engine/support/hierarchical/EngineExecutionContext;+6
j  org.junit.platform.engine.support.hierarchical.NodeTestTask.lambda$executeRecursively$5()V+79
j  org.junit.platform.engine.support.hierarchical.NodeTestTask$$Lambda$220.execute()V+4
j  org.junit.platform.engine.support.hierarchical.ThrowableCollector.execute(Lorg/junit/platform/engine/support/hierarchical/ThrowableCollector$Executable;)V+1
j  org.junit.platform.engine.support.hierarchical.NodeTestTask.lambda$executeRecursively$7(Lorg/junit/platform/engine/support/hierarchical/EngineExecutionContext;)V+15
j  org.junit.platform.engine.support.hierarchical.NodeTestTask$$Lambda$219.invoke(Lorg/junit/platform/engine/support/hierarchical/EngineExecutionContext;)V+5
j  org.junit.platform.engine.support.hierarchical.Node.around(Lorg/junit/platform/engine/support/hierarchical/EngineExecutionContext;Lorg/junit/platform/engine/support/hierarchical/Node$Invocation;)V+2
j  org.junit.platform.engine.support.hierarchical.NodeTestTask.lambda$executeRecursively$8()V+14
j  org.junit.platform.engine.support.hierarchical.NodeTestTask$$Lambda$218.execute()V+4
j  org.junit.platform.engine.support.hierarchical.ThrowableCollector.execute(Lorg/junit/platform/engine/support/hierarchical/ThrowableCollector$Executable;)V+1
j  org.junit.platform.engine.support.hierarchical.NodeTestTask.executeRecursively()V+31
j  org.junit.platform.engine.support.hierarchical.NodeTestTask.execute()V+55
j  org.junit.platform.engine.support.hierarchical.SameThreadHierarchicalTestExecutorService$$Lambda$224.accept(Ljava/lang/Object;)V+4
j  java.util.ArrayList.forEach(Ljava/util/function/Consumer;)V+46 java.base@14
j  org.junit.platform.engine.support.hierarchical.SameThreadHierarchicalTestExecutorService.invokeAll(Ljava/util/List;)V+6
j  org.junit.platform.engine.support.hierarchical.NodeTestTask.lambda$executeRecursively$5()V+116
j  org.junit.platform.engine.support.hierarchical.NodeTestTask$$Lambda$220.execute()V+4
j  org.junit.platform.engine.support.hierarchical.ThrowableCollector.execute(Lorg/junit/platform/engine/support/hierarchical/ThrowableCollector$Executable;)V+1
j  org.junit.platform.engine.support.hierarchical.NodeTestTask.lambda$executeRecursively$7(Lorg/junit/platform/engine/support/hierarchical/EngineExecutionContext;)V+15
j  org.junit.platform.engine.support.hierarchical.NodeTestTask$$Lambda$219.invoke(Lorg/junit/platform/engine/support/hierarchical/EngineExecutionContext;)V+5
j  org.junit.platform.engine.support.hierarchical.Node.around(Lorg/junit/platform/engine/support/hierarchical/EngineExecutionContext;Lorg/junit/platform/engine/support/hierarchical/Node$Invocation;)V+2
j  org.junit.platform.engine.support.hierarchical.NodeTestTask.lambda$executeRecursively$8()V+14
j  org.junit.platform.engine.support.hierarchical.NodeTestTask$$Lambda$218.execute()V+4
j  org.junit.platform.engine.support.hierarchical.ThrowableCollector.execute(Lorg/junit/platform/engine/support/hierarchical/ThrowableCollector$Executable;)V+1
j  org.junit.platform.engine.support.hierarchical.NodeTestTask.executeRecursively()V+31
j  org.junit.platform.engine.support.hierarchical.NodeTestTask.execute()V+55
j  org.junit.platform.engine.support.hierarchical.SameThreadHierarchicalTestExecutorService$$Lambda$224.accept(Ljava/lang/Object;)V+4
j  java.util.ArrayList.forEach(Ljava/util/function/Consumer;)V+46 java.base@14
j  org.junit.platform.engine.support.hierarchical.SameThreadHierarchicalTestExecutorService.invokeAll(Ljava/util/List;)V+6
j  org.junit.platform.engine.support.hierarchical.NodeTestTask.lambda$executeRecursively$5()V+116
j  org.junit.platform.engine.support.hierarchical.NodeTestTask$$Lambda$220.execute()V+4
j  org.junit.platform.engine.support.hierarchical.ThrowableCollector.execute(Lorg/junit/platform/engine/support/hierarchical/ThrowableCollector$Executable;)V+1
j  org.junit.platform.engine.support.hierarchical.NodeTestTask.lambda$executeRecursively$7(Lorg/junit/platform/engine/support/hierarchical/EngineExecutionContext;)V+15
j  org.junit.platform.engine.support.hierarchical.NodeTestTask$$Lambda$219.invoke(Lorg/junit/platform/engine/support/hierarchical/EngineExecutionContext;)V+5
j  org.junit.platform.engine.support.hierarchical.Node.around(Lorg/junit/platform/engine/support/hierarchical/EngineExecutionContext;Lorg/junit/platform/engine/support/hierarchical/Node$Invocation;)V+2
j  org.junit.platform.engine.support.hierarchical.NodeTestTask.lambda$executeRecursively$8()V+14
j  org.junit.platform.engine.support.hierarchical.NodeTestTask$$Lambda$218.execute()V+4
j  org.junit.platform.engine.support.hierarchical.ThrowableCollector.execute(Lorg/junit/platform/engine/support/hierarchical/ThrowableCollector$Executable;)V+1
j  org.junit.platform.engine.support.hierarchical.NodeTestTask.executeRecursively()V+31
j  org.junit.platform.engine.support.hierarchical.NodeTestTask.execute()V+55
j  org.junit.platform.engine.support.hierarchical.SameThreadHierarchicalTestExecutorService.submit(Lorg/junit/platform/engine/support/hierarchical/HierarchicalTestExecutorService$TestTask;)Ljava/util/concurrent/Future;+1
j  org.junit.platform.engine.support.hierarchical.HierarchicalTestExecutor.execute()Ljava/util/concurrent/Future;+74
j  org.junit.platform.engine.support.hierarchical.HierarchicalTestEngine.execute(Lorg/junit/platform/engine/ExecutionRequest;)V+31
j  org.junit.platform.launcher.core.DefaultLauncher.execute(Lorg/junit/platform/engine/TestDescriptor;Lorg/junit/platform/engine/EngineExecutionListener;Lorg/junit/platform/engine/ConfigurationParameters;Lorg/junit/platform/engine/TestEngine;)V+24
j  org.junit.platform.launcher.core.DefaultLauncher.lambda$execute$5(Lorg/junit/platform/launcher/core/InternalTestPlan;Lorg/junit/platform/launcher/core/Root;Lorg/junit/platform/engine/ConfigurationParameters;Lorg/junit/platform/launcher/TestExecutionListener;)V+105
j  org.junit.platform.launcher.core.DefaultLauncher$$Lambda$190.accept(Ljava/lang/Object;)V+20
j  org.junit.platform.launcher.core.DefaultLauncher.withInterceptedStreams(Lorg/junit/platform/engine/ConfigurationParameters;Lorg/junit/platform/launcher/core/TestExecutionListenerRegistry;Ljava/util/function/Consumer;)V+43
j  org.junit.platform.launcher.core.DefaultLauncher.execute(Lorg/junit/platform/launcher/core/InternalTestPlan;[Lorg/junit/platform/launcher/TestExecutionListener;)V+33
j  org.junit.platform.launcher.core.DefaultLauncher.execute(Lorg/junit/platform/launcher/TestPlan;[Lorg/junit/platform/launcher/TestExecutionListener;)V+36
j  org.eclipse.jdt.internal.junit5.runner.JUnit5TestReference.run(Lorg/eclipse/jdt/internal/junit/runner/TestExecution;)V+69
j  org.eclipse.jdt.internal.junit.runner.TestExecution.run([Lorg/eclipse/jdt/internal/junit/runner/ITestReference;)V+17
j  org.eclipse.jdt.internal.junit.runner.RemoteTestRunner.runTests([Ljava/lang/String;Ljava/lang/String;Lorg/eclipse/jdt/internal/junit/runner/TestExecution;)V+62
j  org.eclipse.jdt.internal.junit.runner.RemoteTestRunner.runTests(Lorg/eclipse/jdt/internal/junit/runner/TestExecution;)V+10
j  org.eclipse.jdt.internal.junit.runner.RemoteTestRunner.run()V+70
j  org.eclipse.jdt.internal.junit.runner.RemoteTestRunner.main([Ljava/lang/String;)V+14
v  ~StubRoutines::call_stub

siginfo: EXCEPTION_ACCESS_VIOLATION (0xc0000005), reading address 0x0000000000000058


Register to memory mapping:

RIP=0x00007ff8dbd8f74a awt.dll
RAX=0x00007ff8dbe0a660 awt.dll
RBX=0x000002f570396310 points into unknown readable memory: a0 2a 20 cb f8 7f 00 00
RCX=0x000002f510b46230 points into unknown readable memory: 60 a6 e0 db f8 7f 00 00
RDX=0x0 is NULL
RSP=0x000000fbac8fbd40 is pointing into the stack for thread: 0x000002f570396000
RBP=0x0 is NULL
RSI=0x000002f50f406df8 is a global jni handle
RDI=0x000002f510bdacf8 is a global jni handle
R8 =0x0000000000000042 is an unknown value
R9 =0x0000000800c272f0 is a pointer to class: 
java.awt.Font {0x0000000800c272f8}
R10=0x0000000000008000 is an unknown value
R11=0x000000fbac8fbd40 is pointing into the stack for thread: 0x000002f570396000
R12=0x0 is NULL
R13={method} {0x000002f50faf94a8} '_setFont' '(Ljava/awt/Font;)V' in 'sun/awt/windows/WComponentPeer'
R14=0x000002f510b46230 points into unknown readable memory: 60 a6 e0 db f8 7f 00 00
R15=0x000002f510a1afb0 points into unknown readable memory: f8 6d 40 0f f5 02 00 00


Registers:
RAX=0x00007ff8dbe0a660, RBX=0x000002f570396310, RCX=0x000002f510b46230, RDX=0x0000000000000000
RSP=0x000000fbac8fbd40, RBP=0x0000000000000000, RSI=0x000002f50f406df8, RDI=0x000002f510bdacf8
R8 =0x0000000000000042, R9 =0x0000000800c272f0, R10=0x0000000000008000, R11=0x000000fbac8fbd40
R12=0x0000000000000000, R13=0x000002f50faf94a0, R14=0x000002f510b46230, R15=0x000002f510a1afb0
RIP=0x00007ff8dbd8f74a, EFLAGS=0x0000000000010202

Top of Stack: (sp=0x000000fbac8fbd40)
0x000000fbac8fbd40:   000002f510a1afb0 000002f510b46230
0x000000fbac8fbd50:   000002f510a1afb0 000002f510b46230
0x000000fbac8fbd60:   000002f510bdacf8 00007ff8dbd94655
0x000000fbac8fbd70:   000002f570396310 000002f570396310
0x000000fbac8fbd80:   0000000000000000 000002f50f406df8
0x000000fbac8fbd90:   000002f570396000 000000fbac8fbee0
0x000000fbac8fbda0:   000002f510a1afb0 00007ff8dbdcd59b
0x000000fbac8fbdb0:   00007ff8dbe4f018 000000fbac8fbeb8
0x000000fbac8fbdc0:   00007ff8dbd94528 0000000000000000
0x000000fbac8fbdd0:   fffffffffffffffe fffffffffffffffe
0x000000fbac8fbde0:   000002f50f406df8 00007ff8dbd9581c
0x000000fbac8fbdf0:   000002f510bdacf8 000000fbac8fbed8
0x000000fbac8fbe00:   000000fbac8fbed8 00007ff8dbe4f018
0x000000fbac8fbe10:   fffffffffffffffe 00007ff8cadf2929
0x000000fbac8fbe20:   000002f50000cda9 000002f500017741
0x000000fbac8fbe30:   000002f50faf94a0 0000000000000000 

Instructions: (pc=0x00007ff8dbd8f74a)
0x00007ff8dbd8f64a:   00 48 8b d9 e8 d9 dc ff ff 48 8b f8 48 85 c0 75
0x00007ff8dbd8f65a:   04 48 8b 7b 48 48 8b cf e8 93 15 05 00 48 8b d8
0x00007ff8dbd8f66a:   48 85 c0 74 60 83 64 24 20 00 0f 57 c0 83 64 24
0x00007ff8dbd8f67a:   34 00 b9 11 00 00 00 83 64 24 38 00 f3 0f 7f 44
0x00007ff8dbd8f68a:   24 24 ff 15 86 bc 0b 00 4c 8d 44 24 40 ba 5c 00
0x00007ff8dbd8f69a:   00 00 48 8b c8 ff 15 2b bf 0b 00 83 f8 5c 75 0d
0x00007ff8dbd8f6aa:   48 8d 54 24 40 48 8b cb e8 f2 15 05 00 48 8d 54
0x00007ff8dbd8f6ba:   24 20 48 8b cb e8 09 16 05 00 48 8b d3 48 8b cf
0x00007ff8dbd8f6ca:   e8 b6 15 05 00 48 8b 8c 24 a0 00 00 00 48 33 cc
0x00007ff8dbd8f6da:   e8 e1 22 05 00 48 8b 9c 24 c8 00 00 00 48 81 c4
0x00007ff8dbd8f6ea:   b0 00 00 00 5f c3 40 53 48 83 ec 20 48 8b d9 ff
0x00007ff8dbd8f6fa:   15 69 c4 0b 00 48 85 c0 75 0a 48 8b 4b 48 ff 15
0x00007ff8dbd8f70a:   52 c4 0b 00 48 83 c4 20 5b c3 4c 63 c2 48 8b 15
0x00007ff8dbd8f71a:   2a a8 0b 00 48 ff 25 e3 c2 0b 00 cc cc cc 48 8b
0x00007ff8dbd8f72a:   d1 48 8b 0d 1e d8 0b 00 48 89 15 17 d8 0b 00 e9
0x00007ff8dbd8f73a:   f6 63 04 00 cc cc 48 89 5c 24 08 57 48 83 ec 20
0x00007ff8dbd8f74a:   83 7a 58 00 48 8b da 48 8b f9 7d 08 48 8b ca e8
0x00007ff8dbd8f75a:   4a 95 01 00 4c 8b 43 48 45 33 c9 48 8b 4f 48 4d
0x00007ff8dbd8f76a:   8b 00 41 8d 51 30 ff 15 5a c5 0b 00 48 8b 4f 48
0x00007ff8dbd8f77a:   33 d2 44 8d 42 01 48 8b 5c 24 30 48 83 c4 20 5f
0x00007ff8dbd8f78a:   48 ff 25 f7 c3 0b 00 cc cc cc 48 8b c4 48 89 58
0x00007ff8dbd8f79a:   08 48 89 68 10 48 89 70 18 48 89 78 20 41 56 48
0x00007ff8dbd8f7aa:   83 ec 20 4c 8b f2 48 8b f9 48 8b 0d 3e f6 0b 00
0x00007ff8dbd8f7ba:   ba 02 00 01 00 41 8b e8 e8 04 21 05 00 48 8b 97
0x00007ff8dbd8f7ca:   c0 00 00 00 33 db 48 8b f0 48 85 d2 74 0d 4c 8b
0x00007ff8dbd8f7da:   08 48 8b c8 41 ff 91 b0 00 00 00 4d 85 f6 74 14
0x00007ff8dbd8f7ea:   48 8b 06 49 8b d6 48 8b ce ff 90 a8 00 00 00 48
0x00007ff8dbd8f7fa:   8b d8 eb 05 bd 01 00 00 00 48 89 9f c0 00 00 00
0x00007ff8dbd8f80a:   89 af c8 00 00 00 48 8b 5c 24 30 48 8b 6c 24 38
0x00007ff8dbd8f81a:   48 8b 74 24 40 48 8b 7c 24 48 48 83 c4 20 41 5e
0x00007ff8dbd8f82a:   c3 cc 48 89 5c 24 08 48 89 6c 24 10 48 89 74 24
0x00007ff8dbd8f83a:   18 57 48 83 ec 20 33 db 48 8b f9 48 85 c9 75 09 


Stack slot to memory mapping:
stack at sp + 0 slots: 0x000002f510a1afb0 points into unknown readable memory: f8 6d 40 0f f5 02 00 00
stack at sp + 1 slots: 0x000002f510b46230 points into unknown readable memory: 60 a6 e0 db f8 7f 00 00
stack at sp + 2 slots: 0x000002f510a1afb0 points into unknown readable memory: f8 6d 40 0f f5 02 00 00
stack at sp + 3 slots: 0x000002f510b46230 points into unknown readable memory: 60 a6 e0 db f8 7f 00 00
stack at sp + 4 slots: 0x000002f510bdacf8 is a global jni handle
stack at sp + 5 slots: 0x00007ff8dbd94655 awt.dll
stack at sp + 6 slots: 0x000002f570396310 points into unknown readable memory: a0 2a 20 cb f8 7f 00 00
stack at sp + 7 slots: 0x000002f570396310 points into unknown readable memory: a0 2a 20 cb f8 7f 00 00


---------------  P R O C E S S  ---------------

Threads class SMR info:
_java_thread_list=0x000002f510c77980, length=20, elements={
0x000002f570396000, 0x000002f50f3d3800, 0x000002f50f3d5000, 0x000002f50f413000,
0x000002f50f417000, 0x000002f50f418800, 0x000002f50fc20800, 0x000002f50fc33800,
0x000002f50fc4a000, 0x000002f50fd0d000, 0x000002f50fc34800, 0x000002f50fee0800,
0x000002f50fee2000, 0x000002f50fee3000, 0x000002f510019000, 0x000002f51084d800,
0x000002f510b4b000, 0x000002f510c2e800, 0x000002f5109e8800, 0x000002f510c76800
}

Java Threads: ( => current thread )
=>0x000002f570396000 JavaThread "main" [_thread_in_native, id=12260, stack(0x000000fbac800000,0x000000fbac900000)]
  0x000002f50f3d3800 JavaThread "Reference Handler" daemon [_thread_blocked, id=5884, stack(0x000000fbacf00000,0x000000fbad000000)]
  0x000002f50f3d5000 JavaThread "Finalizer" daemon [_thread_blocked, id=7336, stack(0x000000fbad000000,0x000000fbad100000)]
  0x000002f50f413000 JavaThread "Signal Dispatcher" daemon [_thread_blocked, id=8920, stack(0x000000fbad100000,0x000000fbad200000)]
  0x000002f50f417000 JavaThread "Attach Listener" daemon [_thread_blocked, id=7632, stack(0x000000fbad200000,0x000000fbad300000)]
  0x000002f50f418800 JavaThread "Service Thread" daemon [_thread_blocked, id=14104, stack(0x000000fbad300000,0x000000fbad400000)]
  0x000002f50fc20800 JavaThread "C2 CompilerThread0" daemon [_thread_blocked, id=20344, stack(0x000000fbad400000,0x000000fbad500000)]
  0x000002f50fc33800 JavaThread "C1 CompilerThread0" daemon [_thread_blocked, id=3216, stack(0x000000fbad500000,0x000000fbad600000)]
  0x000002f50fc4a000 JavaThread "Sweeper thread" daemon [_thread_blocked, id=17976, stack(0x000000fbad600000,0x000000fbad700000)]
  0x000002f50fd0d000 JavaThread "Common-Cleaner" daemon [_thread_blocked, id=14240, stack(0x000000fbad700000,0x000000fbad800000)]
  0x000002f50fc34800 JavaThread "C2 CompilerThread1" daemon [_thread_blocked, id=17920, stack(0x000000fbad800000,0x000000fbad900000)]
  0x000002f50fee0800 JavaThread "JDWP Transport Listener: dt_socket" daemon [_thread_blocked, id=13236, stack(0x000000fbad900000,0x000000fbada00000)]
  0x000002f50fee2000 JavaThread "JDWP Event Helper Thread" daemon [_thread_blocked, id=14484, stack(0x000000fbada00000,0x000000fbadb00000)]
  0x000002f50fee3000 JavaThread "JDWP Command Reader" daemon [_thread_in_native, id=19156, stack(0x000000fbadb00000,0x000000fbadc00000)]
  0x000002f510019000 JavaThread "Notification Thread" daemon [_thread_blocked, id=19580, stack(0x000000fbadc00000,0x000000fbadd00000)]
  0x000002f51084d800 JavaThread "ReaderThread" [_thread_in_native, id=18908, stack(0x000000fbade00000,0x000000fbadf00000)]
  0x000002f510b4b000 JavaThread "Java2D Disposer" daemon [_thread_blocked, id=12448, stack(0x000000fbae200000,0x000000fbae300000)]
  0x000002f510c2e800 JavaThread "AWT-Shutdown" [_thread_blocked, id=20072, stack(0x000000fbae300000,0x000000fbae400000)]
  0x000002f5109e8800 JavaThread "AWT-Windows" daemon [_thread_in_native, id=20176, stack(0x000000fbae400000,0x000000fbae500000)]
  0x000002f510c76800 JavaThread "AWT-EventQueue-0" [_thread_blocked, id=18864, stack(0x000000fbae500000,0x000000fbae600000)]

Other Threads:
  0x000002f50f3d1000 VMThread "VM Thread" [stack: 0x000000fbace00000,0x000000fbacf00000] [id=6788]
  0x000002f50fff5000 WatcherThread [stack: 0x000000fbadd00000,0x000000fbade00000] [id=6604]
  0x000002f5703d3000 GCTaskThread "GC Thread#0" [stack: 0x000000fbac900000,0x000000fbaca00000] [id=5896]
  0x000002f5105c4000 GCTaskThread "GC Thread#1" [stack: 0x000000fbadf00000,0x000000fbae000000] [id=18464]
  0x000002f510ba7000 GCTaskThread "GC Thread#2" [stack: 0x000000fbae000000,0x000000fbae100000] [id=19116]
  0x000002f510ba7800 GCTaskThread "GC Thread#3" [stack: 0x000000fbae100000,0x000000fbae200000] [id=15656]
  0x000002f5703e4000 ConcurrentGCThread "G1 Main Marker" [stack: 0x000000fbaca00000,0x000000fbacb00000] [id=12556]
  0x000002f5703e5800 ConcurrentGCThread "G1 Conc#0" [stack: 0x000000fbacb00000,0x000000fbacc00000] [id=12548]
  0x000002f57045d800 ConcurrentGCThread "G1 Refine#0" [stack: 0x000000fbacc00000,0x000000fbacd00000] [id=4968]
  0x000002f50f244800 ConcurrentGCThread "G1 Young RemSet Sampling" [stack: 0x000000fbacd00000,0x000000fbace00000] [id=18840]

Threads with active compile tasks:

VM state:not at safepoint (normal execution)

VM Mutex/Monitor currently owned by a thread: None

Heap address: 0x0000000083200000, size: 1998 MB, Compressed Oops mode: 32-bit
Narrow klass base: 0x0000000800000000, Narrow klass shift: 3
Compressed class space size: 1073741824 Address: 0x0000000800b30000

Heap:
 garbage-first heap   total 129024K, used 22116K [0x0000000083200000, 0x0000000100000000)
  region size 1024K, 23 young (23552K), 3 survivors (3072K)
 Metaspace       used 10315K, capacity 10928K, committed 11136K, reserved 1058816K
  class space    used 1169K, capacity 1383K, committed 1408K, reserved 1048576K
Heap Regions: E=young(eden), S=young(survivor), O=old, HS=humongous(starts), HC=humongous(continues), CS=collection set, F=free, OA=open archive, CA=closed archive, TAMS=top-at-mark-start (previous, next)
|   0|0x0000000083200000, 0x0000000083200000, 0x0000000083300000|  0%| F|  |TAMS 0x0000000083200000, 0x0000000083200000| Untracked 
|   1|0x0000000083300000, 0x0000000083300000, 0x0000000083400000|  0%| F|  |TAMS 0x0000000083300000, 0x0000000083300000| Untracked 
|   2|0x0000000083400000, 0x0000000083400000, 0x0000000083500000|  0%| F|  |TAMS 0x0000000083400000, 0x0000000083400000| Untracked 
|   3|0x0000000083500000, 0x0000000083500000, 0x0000000083600000|  0%| F|  |TAMS 0x0000000083500000, 0x0000000083500000| Untracked 
|   4|0x0000000083600000, 0x0000000083600000, 0x0000000083700000|  0%| F|  |TAMS 0x0000000083600000, 0x0000000083600000| Untracked 
|   5|0x0000000083700000, 0x0000000083700000, 0x0000000083800000|  0%| F|  |TAMS 0x0000000083700000, 0x0000000083700000| Untracked 
|   6|0x0000000083800000, 0x0000000083800000, 0x0000000083900000|  0%| F|  |TAMS 0x0000000083800000, 0x0000000083800000| Untracked 
|   7|0x0000000083900000, 0x0000000083900000, 0x0000000083a00000|  0%| F|  |TAMS 0x0000000083900000, 0x0000000083900000| Untracked 
|   8|0x0000000083a00000, 0x0000000083a00000, 0x0000000083b00000|  0%| F|  |TAMS 0x0000000083a00000, 0x0000000083a00000| Untracked 
|   9|0x0000000083b00000, 0x0000000083b00000, 0x0000000083c00000|  0%| F|  |TAMS 0x0000000083b00000, 0x0000000083b00000| Untracked 
|  10|0x0000000083c00000, 0x0000000083c00000, 0x0000000083d00000|  0%| F|  |TAMS 0x0000000083c00000, 0x0000000083c00000| Untracked 
|  11|0x0000000083d00000, 0x0000000083d00000, 0x0000000083e00000|  0%| F|  |TAMS 0x0000000083d00000, 0x0000000083d00000| Untracked 
|  12|0x0000000083e00000, 0x0000000083e00000, 0x0000000083f00000|  0%| F|  |TAMS 0x0000000083e00000, 0x0000000083e00000| Untracked 
|  13|0x0000000083f00000, 0x0000000083f00000, 0x0000000084000000|  0%| F|  |TAMS 0x0000000083f00000, 0x0000000083f00000| Untracked 
|  14|0x0000000084000000, 0x0000000084000000, 0x0000000084100000|  0%| F|  |TAMS 0x0000000084000000, 0x0000000084000000| Untracked 
|  15|0x0000000084100000, 0x0000000084100000, 0x0000000084200000|  0%| F|  |TAMS 0x0000000084100000, 0x0000000084100000| Untracked 
|  16|0x0000000084200000, 0x0000000084200000, 0x0000000084300000|  0%| F|  |TAMS 0x0000000084200000, 0x0000000084200000| Untracked 
|  17|0x0000000084300000, 0x0000000084300000, 0x0000000084400000|  0%| F|  |TAMS 0x0000000084300000, 0x0000000084300000| Untracked 
|  18|0x0000000084400000, 0x0000000084400000, 0x0000000084500000|  0%| F|  |TAMS 0x0000000084400000, 0x0000000084400000| Untracked 
|  19|0x0000000084500000, 0x0000000084500000, 0x0000000084600000|  0%| F|  |TAMS 0x0000000084500000, 0x0000000084500000| Untracked 
|  20|0x0000000084600000, 0x0000000084600000, 0x0000000084700000|  0%| F|  |TAMS 0x0000000084600000, 0x0000000084600000| Untracked 
|  21|0x0000000084700000, 0x0000000084700000, 0x0000000084800000|  0%| F|  |TAMS 0x0000000084700000, 0x0000000084700000| Untracked 
|  22|0x0000000084800000, 0x0000000084800000, 0x0000000084900000|  0%| F|  |TAMS 0x0000000084800000, 0x0000000084800000| Untracked 
|  23|0x0000000084900000, 0x0000000084900000, 0x0000000084a00000|  0%| F|  |TAMS 0x0000000084900000, 0x0000000084900000| Untracked 
|  24|0x0000000084a00000, 0x0000000084a00000, 0x0000000084b00000|  0%| F|  |TAMS 0x0000000084a00000, 0x0000000084a00000| Untracked 
|  25|0x0000000084b00000, 0x0000000084b00000, 0x0000000084c00000|  0%| F|  |TAMS 0x0000000084b00000, 0x0000000084b00000| Untracked 
|  26|0x0000000084c00000, 0x0000000084c00000, 0x0000000084d00000|  0%| F|  |TAMS 0x0000000084c00000, 0x0000000084c00000| Untracked 
|  27|0x0000000084d00000, 0x0000000084d00000, 0x0000000084e00000|  0%| F|  |TAMS 0x0000000084d00000, 0x0000000084d00000| Untracked 
|  28|0x0000000084e00000, 0x0000000084e00000, 0x0000000084f00000|  0%| F|  |TAMS 0x0000000084e00000, 0x0000000084e00000| Untracked 
|  29|0x0000000084f00000, 0x0000000084f00000, 0x0000000085000000|  0%| F|  |TAMS 0x0000000084f00000, 0x0000000084f00000| Untracked 
|  30|0x0000000085000000, 0x0000000085000000, 0x0000000085100000|  0%| F|  |TAMS 0x0000000085000000, 0x0000000085000000| Untracked 
|  31|0x0000000085100000, 0x0000000085100000, 0x0000000085200000|  0%| F|  |TAMS 0x0000000085100000, 0x0000000085100000| Untracked 
|  32|0x0000000085200000, 0x0000000085200000, 0x0000000085300000|  0%| F|  |TAMS 0x0000000085200000, 0x0000000085200000| Untracked 
|  33|0x0000000085300000, 0x0000000085300000, 0x0000000085400000|  0%| F|  |TAMS 0x0000000085300000, 0x0000000085300000| Untracked 
|  34|0x0000000085400000, 0x0000000085400000, 0x0000000085500000|  0%| F|  |TAMS 0x0000000085400000, 0x0000000085400000| Untracked 
|  35|0x0000000085500000, 0x0000000085500000, 0x0000000085600000|  0%| F|  |TAMS 0x0000000085500000, 0x0000000085500000| Untracked 
|  36|0x0000000085600000, 0x0000000085600000, 0x0000000085700000|  0%| F|  |TAMS 0x0000000085600000, 0x0000000085600000| Untracked 
|  37|0x0000000085700000, 0x0000000085700000, 0x0000000085800000|  0%| F|  |TAMS 0x0000000085700000, 0x0000000085700000| Untracked 
|  38|0x0000000085800000, 0x0000000085800000, 0x0000000085900000|  0%| F|  |TAMS 0x0000000085800000, 0x0000000085800000| Untracked 
|  39|0x0000000085900000, 0x0000000085900000, 0x0000000085a00000|  0%| F|  |TAMS 0x0000000085900000, 0x0000000085900000| Untracked 
|  40|0x0000000085a00000, 0x0000000085a00000, 0x0000000085b00000|  0%| F|  |TAMS 0x0000000085a00000, 0x0000000085a00000| Untracked 
|  41|0x0000000085b00000, 0x0000000085b00000, 0x0000000085c00000|  0%| F|  |TAMS 0x0000000085b00000, 0x0000000085b00000| Untracked 
|  42|0x0000000085c00000, 0x0000000085c00000, 0x0000000085d00000|  0%| F|  |TAMS 0x0000000085c00000, 0x0000000085c00000| Untracked 
|  43|0x0000000085d00000, 0x0000000085d00000, 0x0000000085e00000|  0%| F|  |TAMS 0x0000000085d00000, 0x0000000085d00000| Untracked 
|  44|0x0000000085e00000, 0x0000000085e00000, 0x0000000085f00000|  0%| F|  |TAMS 0x0000000085e00000, 0x0000000085e00000| Untracked 
|  45|0x0000000085f00000, 0x0000000085f00000, 0x0000000086000000|  0%| F|  |TAMS 0x0000000085f00000, 0x0000000085f00000| Untracked 
|  46|0x0000000086000000, 0x0000000086000000, 0x0000000086100000|  0%| F|  |TAMS 0x0000000086000000, 0x0000000086000000| Untracked 
|  47|0x0000000086100000, 0x0000000086100000, 0x0000000086200000|  0%| F|  |TAMS 0x0000000086100000, 0x0000000086100000| Untracked 
|  48|0x0000000086200000, 0x0000000086200000, 0x0000000086300000|  0%| F|  |TAMS 0x0000000086200000, 0x0000000086200000| Untracked 
|  49|0x0000000086300000, 0x0000000086300000, 0x0000000086400000|  0%| F|  |TAMS 0x0000000086300000, 0x0000000086300000| Untracked 
|  50|0x0000000086400000, 0x0000000086400000, 0x0000000086500000|  0%| F|  |TAMS 0x0000000086400000, 0x0000000086400000| Untracked 
|  51|0x0000000086500000, 0x0000000086500000, 0x0000000086600000|  0%| F|  |TAMS 0x0000000086500000, 0x0000000086500000| Untracked 
|  52|0x0000000086600000, 0x0000000086600000, 0x0000000086700000|  0%| F|  |TAMS 0x0000000086600000, 0x0000000086600000| Untracked 
|  53|0x0000000086700000, 0x0000000086700000, 0x0000000086800000|  0%| F|  |TAMS 0x0000000086700000, 0x0000000086700000| Untracked 
|  54|0x0000000086800000, 0x0000000086800000, 0x0000000086900000|  0%| F|  |TAMS 0x0000000086800000, 0x0000000086800000| Untracked 
|  55|0x0000000086900000, 0x0000000086900000, 0x0000000086a00000|  0%| F|  |TAMS 0x0000000086900000, 0x0000000086900000| Untracked 
|  56|0x0000000086a00000, 0x0000000086a00000, 0x0000000086b00000|  0%| F|  |TAMS 0x0000000086a00000, 0x0000000086a00000| Untracked 
|  57|0x0000000086b00000, 0x0000000086b00000, 0x0000000086c00000|  0%| F|  |TAMS 0x0000000086b00000, 0x0000000086b00000| Untracked 
|  58|0x0000000086c00000, 0x0000000086c00000, 0x0000000086d00000|  0%| F|  |TAMS 0x0000000086c00000, 0x0000000086c00000| Untracked 
|  59|0x0000000086d00000, 0x0000000086d00000, 0x0000000086e00000|  0%| F|  |TAMS 0x0000000086d00000, 0x0000000086d00000| Untracked 
|  60|0x0000000086e00000, 0x0000000086e00000, 0x0000000086f00000|  0%| F|  |TAMS 0x0000000086e00000, 0x0000000086e00000| Untracked 
|  61|0x0000000086f00000, 0x0000000086f00000, 0x0000000087000000|  0%| F|  |TAMS 0x0000000086f00000, 0x0000000086f00000| Untracked 
|  62|0x0000000087000000, 0x0000000087000000, 0x0000000087100000|  0%| F|  |TAMS 0x0000000087000000, 0x0000000087000000| Untracked 
|  63|0x0000000087100000, 0x0000000087100000, 0x0000000087200000|  0%| F|  |TAMS 0x0000000087100000, 0x0000000087100000| Untracked 
|  64|0x0000000087200000, 0x0000000087200000, 0x0000000087300000|  0%| F|  |TAMS 0x0000000087200000, 0x0000000087200000| Untracked 
|  65|0x0000000087300000, 0x0000000087300000, 0x0000000087400000|  0%| F|  |TAMS 0x0000000087300000, 0x0000000087300000| Untracked 
|  66|0x0000000087400000, 0x0000000087400000, 0x0000000087500000|  0%| F|  |TAMS 0x0000000087400000, 0x0000000087400000| Untracked 
|  67|0x0000000087500000, 0x0000000087500000, 0x0000000087600000|  0%| F|  |TAMS 0x0000000087500000, 0x0000000087500000| Untracked 
|  68|0x0000000087600000, 0x0000000087600000, 0x0000000087700000|  0%| F|  |TAMS 0x0000000087600000, 0x0000000087600000| Untracked 
|  69|0x0000000087700000, 0x0000000087700000, 0x0000000087800000|  0%| F|  |TAMS 0x0000000087700000, 0x0000000087700000| Untracked 
|  70|0x0000000087800000, 0x0000000087800000, 0x0000000087900000|  0%| F|  |TAMS 0x0000000087800000, 0x0000000087800000| Untracked 
|  71|0x0000000087900000, 0x0000000087900000, 0x0000000087a00000|  0%| F|  |TAMS 0x0000000087900000, 0x0000000087900000| Untracked 
|  72|0x0000000087a00000, 0x0000000087a00000, 0x0000000087b00000|  0%| F|  |TAMS 0x0000000087a00000, 0x0000000087a00000| Untracked 
|  73|0x0000000087b00000, 0x0000000087b00000, 0x0000000087c00000|  0%| F|  |TAMS 0x0000000087b00000, 0x0000000087b00000| Untracked 
|  74|0x0000000087c00000, 0x0000000087c00000, 0x0000000087d00000|  0%| F|  |TAMS 0x0000000087c00000, 0x0000000087c00000| Untracked 
|  75|0x0000000087d00000, 0x0000000087d00000, 0x0000000087e00000|  0%| F|  |TAMS 0x0000000087d00000, 0x0000000087d00000| Untracked 
|  76|0x0000000087e00000, 0x0000000087e00000, 0x0000000087f00000|  0%| F|  |TAMS 0x0000000087e00000, 0x0000000087e00000| Untracked 
|  77|0x0000000087f00000, 0x0000000087f00000, 0x0000000088000000|  0%| F|  |TAMS 0x0000000087f00000, 0x0000000087f00000| Untracked 
|  78|0x0000000088000000, 0x0000000088000000, 0x0000000088100000|  0%| F|  |TAMS 0x0000000088000000, 0x0000000088000000| Untracked 
|  79|0x0000000088100000, 0x0000000088100000, 0x0000000088200000|  0%| F|  |TAMS 0x0000000088100000, 0x0000000088100000| Untracked 
|  80|0x0000000088200000, 0x0000000088200000, 0x0000000088300000|  0%| F|  |TAMS 0x0000000088200000, 0x0000000088200000| Untracked 
|  81|0x0000000088300000, 0x0000000088300000, 0x0000000088400000|  0%| F|  |TAMS 0x0000000088300000, 0x0000000088300000| Untracked 
|  82|0x0000000088400000, 0x0000000088400000, 0x0000000088500000|  0%| F|  |TAMS 0x0000000088400000, 0x0000000088400000| Untracked 
|  83|0x0000000088500000, 0x0000000088500000, 0x0000000088600000|  0%| F|  |TAMS 0x0000000088500000, 0x0000000088500000| Untracked 
|  84|0x0000000088600000, 0x0000000088600000, 0x0000000088700000|  0%| F|  |TAMS 0x0000000088600000, 0x0000000088600000| Untracked 
|  85|0x0000000088700000, 0x0000000088700000, 0x0000000088800000|  0%| F|  |TAMS 0x0000000088700000, 0x0000000088700000| Untracked 
|  86|0x0000000088800000, 0x0000000088800000, 0x0000000088900000|  0%| F|  |TAMS 0x0000000088800000, 0x0000000088800000| Untracked 
|  87|0x0000000088900000, 0x0000000088900000, 0x0000000088a00000|  0%| F|  |TAMS 0x0000000088900000, 0x0000000088900000| Untracked 
|  88|0x0000000088a00000, 0x0000000088a00000, 0x0000000088b00000|  0%| F|  |TAMS 0x0000000088a00000, 0x0000000088a00000| Untracked 
|  89|0x0000000088b00000, 0x0000000088b00000, 0x0000000088c00000|  0%| F|  |TAMS 0x0000000088b00000, 0x0000000088b00000| Untracked 
|  90|0x0000000088c00000, 0x0000000088c00000, 0x0000000088d00000|  0%| F|  |TAMS 0x0000000088c00000, 0x0000000088c00000| Untracked 
|  91|0x0000000088d00000, 0x0000000088d00000, 0x0000000088e00000|  0%| F|  |TAMS 0x0000000088d00000, 0x0000000088d00000| Untracked 
|  92|0x0000000088e00000, 0x0000000088e00000, 0x0000000088f00000|  0%| F|  |TAMS 0x0000000088e00000, 0x0000000088e00000| Untracked 
|  93|0x0000000088f00000, 0x0000000088f00000, 0x0000000089000000|  0%| F|  |TAMS 0x0000000088f00000, 0x0000000088f00000| Untracked 
|  94|0x0000000089000000, 0x0000000089000000, 0x0000000089100000|  0%| F|  |TAMS 0x0000000089000000, 0x0000000089000000| Untracked 
|  95|0x0000000089100000, 0x0000000089100000, 0x0000000089200000|  0%| F|  |TAMS 0x0000000089100000, 0x0000000089100000| Untracked 
|  96|0x0000000089200000, 0x0000000089200000, 0x0000000089300000|  0%| F|  |TAMS 0x0000000089200000, 0x0000000089200000| Untracked 
|  97|0x0000000089300000, 0x0000000089300000, 0x0000000089400000|  0%| F|  |TAMS 0x0000000089300000, 0x0000000089300000| Untracked 
|  98|0x0000000089400000, 0x0000000089400000, 0x0000000089500000|  0%| F|  |TAMS 0x0000000089400000, 0x0000000089400000| Untracked 
|  99|0x0000000089500000, 0x0000000089500000, 0x0000000089600000|  0%| F|  |TAMS 0x0000000089500000, 0x0000000089500000| Untracked 
| 100|0x0000000089600000, 0x0000000089699010, 0x0000000089700000| 59%| S|CS|TAMS 0x0000000089600000, 0x0000000089600000| Complete 
| 101|0x0000000089700000, 0x0000000089800000, 0x0000000089800000|100%| S|CS|TAMS 0x0000000089700000, 0x0000000089700000| Complete 
| 102|0x0000000089800000, 0x0000000089900000, 0x0000000089900000|100%| S|CS|TAMS 0x0000000089800000, 0x0000000089800000| Complete 
| 103|0x0000000089900000, 0x0000000089900000, 0x0000000089a00000|  0%| F|  |TAMS 0x0000000089900000, 0x0000000089900000| Untracked 
| 104|0x0000000089a00000, 0x0000000089a00000, 0x0000000089b00000|  0%| F|  |TAMS 0x0000000089a00000, 0x0000000089a00000| Untracked 
| 105|0x0000000089b00000, 0x0000000089b00000, 0x0000000089c00000|  0%| F|  |TAMS 0x0000000089b00000, 0x0000000089b00000| Untracked 
| 106|0x0000000089c00000, 0x0000000089c80800, 0x0000000089d00000| 50%| E|  |TAMS 0x0000000089c00000, 0x0000000089c00000| Complete 
| 107|0x0000000089d00000, 0x0000000089e00000, 0x0000000089e00000|100%| E|CS|TAMS 0x0000000089d00000, 0x0000000089d00000| Complete 
| 108|0x0000000089e00000, 0x0000000089f00000, 0x0000000089f00000|100%| E|CS|TAMS 0x0000000089e00000, 0x0000000089e00000| Complete 
| 109|0x0000000089f00000, 0x000000008a000000, 0x000000008a000000|100%| E|CS|TAMS 0x0000000089f00000, 0x0000000089f00000| Complete 
| 110|0x000000008a000000, 0x000000008a100000, 0x000000008a100000|100%| E|CS|TAMS 0x000000008a000000, 0x000000008a000000| Complete 
| 111|0x000000008a100000, 0x000000008a200000, 0x000000008a200000|100%| E|CS|TAMS 0x000000008a100000, 0x000000008a100000| Complete 
| 112|0x000000008a200000, 0x000000008a300000, 0x000000008a300000|100%| E|CS|TAMS 0x000000008a200000, 0x000000008a200000| Complete 
| 113|0x000000008a300000, 0x000000008a400000, 0x000000008a400000|100%| E|CS|TAMS 0x000000008a300000, 0x000000008a300000| Complete 
| 114|0x000000008a400000, 0x000000008a500000, 0x000000008a500000|100%| E|CS|TAMS 0x000000008a400000, 0x000000008a400000| Complete 
| 115|0x000000008a500000, 0x000000008a600000, 0x000000008a600000|100%| E|CS|TAMS 0x000000008a500000, 0x000000008a500000| Complete 
| 116|0x000000008a600000, 0x000000008a700000, 0x000000008a700000|100%| E|CS|TAMS 0x000000008a600000, 0x000000008a600000| Complete 
| 117|0x000000008a700000, 0x000000008a800000, 0x000000008a800000|100%| E|CS|TAMS 0x000000008a700000, 0x000000008a700000| Complete 
| 118|0x000000008a800000, 0x000000008a900000, 0x000000008a900000|100%| E|CS|TAMS 0x000000008a800000, 0x000000008a800000| Complete 
| 119|0x000000008a900000, 0x000000008aa00000, 0x000000008aa00000|100%| E|CS|TAMS 0x000000008a900000, 0x000000008a900000| Complete 
| 120|0x000000008aa00000, 0x000000008ab00000, 0x000000008ab00000|100%| E|CS|TAMS 0x000000008aa00000, 0x000000008aa00000| Complete 
| 121|0x000000008ab00000, 0x000000008ac00000, 0x000000008ac00000|100%| E|CS|TAMS 0x000000008ab00000, 0x000000008ab00000| Complete 
| 122|0x000000008ac00000, 0x000000008ad00000, 0x000000008ad00000|100%| E|CS|TAMS 0x000000008ac00000, 0x000000008ac00000| Complete 
| 123|0x000000008ad00000, 0x000000008ae00000, 0x000000008ae00000|100%| E|CS|TAMS 0x000000008ad00000, 0x000000008ad00000| Complete 
| 124|0x000000008ae00000, 0x000000008af00000, 0x000000008af00000|100%| E|CS|TAMS 0x000000008ae00000, 0x000000008ae00000| Complete 
| 125|0x000000008af00000, 0x000000008b000000, 0x000000008b000000|100%| E|CS|TAMS 0x000000008af00000, 0x000000008af00000| Complete 

Card table byte_map: [0x000002f579250000,0x000002f579640000] _byte_map_base: 0x000002f578e37000

Marking Bits (Prev, Next): (CMBitMap*) 0x000002f5703d38d8, (CMBitMap*) 0x000002f5703d3918
 Prev Bits: [0x000002f579a30000, 0x000002f57b968000)
 Next Bits: [0x000002f57b970000, 0x000002f57d8a8000)

Polling page: 0x000002f56e390000

Metaspace:

Usage:
  Non-class:      9.32 MB capacity,     8.93 MB ( 96%) used,   348.85 KB (  4%) free+waste,    50.19 KB ( <1%) overhead. 
      Class:      1.35 MB capacity,     1.14 MB ( 85%) used,   187.77 KB ( 14%) free+waste,    25.38 KB (  2%) overhead. 
       Both:     10.67 MB capacity,    10.07 MB ( 94%) used,   536.62 KB (  5%) free+waste,    75.56 KB ( <1%) overhead. 

Virtual space:
  Non-class space:       10.00 MB reserved,       9.50 MB ( 95%) committed 
      Class space:        1.00 GB reserved,       1.38 MB ( <1%) committed 
             Both:        1.01 GB reserved,      10.88 MB (  1%) committed 

Chunk freelists:
   Non-Class:  0 bytes
       Class:  0 bytes
        Both:  0 bytes

MaxMetaspaceSize: 17179869184.00 GB
CompressedClassSpaceSize: 1.00 GB

CodeHeap 'non-profiled nmethods': size=120000Kb used=614Kb max_used=614Kb free=119386Kb
 bounds [0x000002f507ad0000, 0x000002f507d40000, 0x000002f50f000000]
CodeHeap 'profiled nmethods': size=120000Kb used=3312Kb max_used=3312Kb free=116687Kb
 bounds [0x000002f5005a0000, 0x000002f5008e0000, 0x000002f507ad0000]
CodeHeap 'non-nmethods': size=5760Kb used=1341Kb max_used=1350Kb free=4418Kb
 bounds [0x000002f500000000, 0x000002f500270000, 0x000002f5005a0000]
 total_blobs=2724 nmethods=1539 adapters=450
 compilation: enabled
              stopped_count=0, restarted_count=0
 full_count=0

Compilation events (20 events):
Event: 1.477 Thread 0x000002f50fc33800 1535       3       java.lang.StringBuilder::toString (35 bytes)
Event: 1.478 Thread 0x000002f50fc33800 nmethod 1535 0x000002f5008d6690 code [0x000002f5008d6880, 0x000002f5008d6d58]
Event: 1.478 Thread 0x000002f50fc33800 1533       3       java.lang.Character::toUpperCase (9 bytes)
Event: 1.478 Thread 0x000002f50fc33800 nmethod 1533 0x000002f5008d6f10 code [0x000002f5008d70c0, 0x000002f5008d72b8]
Event: 1.478 Thread 0x000002f50fc33800 1534       3       java.lang.Character::toUpperCase (6 bytes)
Event: 1.478 Thread 0x000002f50fc33800 nmethod 1534 0x000002f5008d7390 code [0x000002f5008d7540, 0x000002f5008d7798]
Event: 1.478 Thread 0x000002f50fc33800 1521       3       java.lang.invoke.LambdaFormEditor::bindArgumentForm (269 bytes)
Event: 1.482 Thread 0x000002f50fc33800 nmethod 1521 0x000002f5008d7890 code [0x000002f5008d7c60, 0x000002f5008d96c8]
Event: 1.483 Thread 0x000002f50fc33800 1536       3       java.lang.invoke.DirectMethodHandle$Holder::invokeStatic (17 bytes)
Event: 1.483 Thread 0x000002f50fc33800 nmethod 1536 0x000002f5008da210 code [0x000002f5008da3e0, 0x000002f5008da8d8]
Event: 1.485 Thread 0x000002f50fc33800 1537       3       java.lang.invoke.InvokerBytecodeGenerator::emitStoreResult (27 bytes)
Event: 1.486 Thread 0x000002f50fc33800 nmethod 1537 0x000002f5008daa10 code [0x000002f5008dabe0, 0x000002f5008daf58]
Event: 1.486 Thread 0x000002f50fc33800 1538       3       java.lang.invoke.LambdaForm$NamedFunction::member (26 bytes)
Event: 1.486 Thread 0x000002f50fc33800 nmethod 1538 0x000002f5008db110 code [0x000002f5008db2a0, 0x000002f5008db3d8]
Event: 1.486 Thread 0x000002f50fc33800 1539       3       java.lang.reflect.Modifier::isPrivate (12 bytes)
Event: 1.486 Thread 0x000002f50fc33800 nmethod 1539 0x000002f5008db490 code [0x000002f5008db620, 0x000002f5008db758]
Event: 1.487 Thread 0x000002f50fc33800 1540       3       java.lang.invoke.LambdaForm::lastUseIndex (76 bytes)
Event: 1.487 Thread 0x000002f50fc33800 nmethod 1540 0x000002f5008db810 code [0x000002f5008db9c0, 0x000002f5008dbce8]
Event: 1.487 Thread 0x000002f50fc33800 1541       3       jdk.internal.org.objectweb.asm.Frame::getInputStackSize (6 bytes)
Event: 1.488 Thread 0x000002f50fc33800 nmethod 1541 0x000002f5008dbe90 code [0x000002f5008dc020, 0x000002f5008dc158]

GC Heap History (2 events):
Event: 0.887 GC heap before
{Heap before GC invocations=0 (full 0):
 garbage-first heap   total 129024K, used 22528K [0x0000000083200000, 0x0000000100000000)
  region size 1024K, 23 young (23552K), 0 survivors (0K)
 Metaspace       used 5069K, capacity 6045K, committed 6272K, reserved 1056768K
  class space    used 514K, capacity 609K, committed 640K, reserved 1048576K
}
Event: 0.892 GC heap after
{Heap after GC invocations=1 (full 0):
 garbage-first heap   total 129024K, used 2660K [0x0000000083200000, 0x0000000100000000)
  region size 1024K, 3 young (3072K), 3 survivors (3072K)
 Metaspace       used 5069K, capacity 6045K, committed 6272K, reserved 1056768K
  class space    used 514K, capacity 609K, committed 640K, reserved 1048576K
}

Deoptimization events (20 events):
Event: 1.398 Thread 0x000002f5109e8800 Uncommon trap: trap_request=0xffffffc6 fr.pc=0x000002f507b5bf0c relative=0x000000000000198c
Event: 1.398 Thread 0x000002f5109e8800 Uncommon trap: reason=bimorphic_or_optimized_type_check action=maybe_recompile pc=0x000002f507b5bf0c method=java.util.HashMap.putVal(ILjava/lang/Object;Ljava/lang/Object;ZZ)Ljava/lang/Object; @ 91 c2
Event: 1.398 Thread 0x000002f5109e8800 DEOPT PACKING pc=0x000002f507b5bf0c sp=0x000000fbae4fe270
Event: 1.398 Thread 0x000002f5109e8800 DEOPT UNPACKING pc=0x000002f50004912f sp=0x000000fbae4fe260 mode 2
Event: 1.473 Thread 0x000002f570396000 Uncommon trap: trap_request=0xffffffc6 fr.pc=0x000002f507b51598 relative=0x0000000000001598
Event: 1.473 Thread 0x000002f570396000 Uncommon trap: reason=bimorphic_or_optimized_type_check action=maybe_recompile pc=0x000002f507b51598 method=java.util.HashMap.putVal(ILjava/lang/Object;Ljava/lang/Object;ZZ)Ljava/lang/Object; @ 56 c2
Event: 1.473 Thread 0x000002f570396000 DEOPT PACKING pc=0x000002f507b51598 sp=0x000000fbac8f97c0
Event: 1.473 Thread 0x000002f570396000 DEOPT UNPACKING pc=0x000002f50004912f sp=0x000000fbac8f9720 mode 2
Event: 1.473 Thread 0x000002f570396000 Uncommon trap: trap_request=0xffffffc6 fr.pc=0x000002f507b51598 relative=0x0000000000001598
Event: 1.474 Thread 0x000002f570396000 Uncommon trap: reason=bimorphic_or_optimized_type_check action=maybe_recompile pc=0x000002f507b51598 method=java.util.HashMap.putVal(ILjava/lang/Object;Ljava/lang/Object;ZZ)Ljava/lang/Object; @ 56 c2
Event: 1.474 Thread 0x000002f570396000 DEOPT PACKING pc=0x000002f507b51598 sp=0x000000fbac8f97c0
Event: 1.474 Thread 0x000002f570396000 DEOPT UNPACKING pc=0x000002f50004912f sp=0x000000fbac8f9720 mode 2
Event: 1.474 Thread 0x000002f570396000 Uncommon trap: trap_request=0xffffffc6 fr.pc=0x000002f507b5bc14 relative=0x0000000000001694
Event: 1.474 Thread 0x000002f570396000 Uncommon trap: reason=bimorphic_or_optimized_type_check action=maybe_recompile pc=0x000002f507b5bc14 method=java.util.HashMap.putVal(ILjava/lang/Object;Ljava/lang/Object;ZZ)Ljava/lang/Object; @ 56 c2
Event: 1.474 Thread 0x000002f570396000 DEOPT PACKING pc=0x000002f507b5bc14 sp=0x000000fbac8f9720
Event: 1.474 Thread 0x000002f570396000 DEOPT UNPACKING pc=0x000002f50004912f sp=0x000000fbac8f9718 mode 2
Event: 1.477 Thread 0x000002f570396000 DEOPT PACKING pc=0x000002f5008278b4 sp=0x000000fbac8fa460
Event: 1.477 Thread 0x000002f570396000 DEOPT UNPACKING pc=0x000002f50004964e sp=0x000000fbac8f98f8 mode 1
Event: 1.477 Thread 0x000002f570396000 DEOPT PACKING pc=0x000002f50076ac04 sp=0x000000fbac8fa530
Event: 1.477 Thread 0x000002f570396000 DEOPT UNPACKING pc=0x000002f50004964e sp=0x000000fbac8f99e8 mode 1

Classes unloaded (0 events):
No events

Classes redefined (0 events):
No events

Internal exceptions (20 events):
Event: 0.957 Thread 0x000002f570396000 Exception <a 'java/lang/IncompatibleClassChangeError'{0x000000008ab3a270}: Found class java.lang.Object, but interface was expected> (0x000000008ab3a270) 
thrown [t:/workspace/open/src/hotspot/share/interpreter/linkResolver.cpp, line 832]
Event: 0.962 Thread 0x000002f570396000 Exception <a 'java/lang/NoSuchMethodError'{0x000000008ab73350}: 'void java.lang.invoke.DirectMethodHandle$Holder.invokeSpecial(java.lang.Object, java.lang.Object, java.lang.Object, java.lang.Object, java.lang.Object)'> (0x000000008ab73350) 
thrown [t:/workspace/open/src/hotspot/share/interpreter/linkResolver.cpp, line 766]
Event: 1.053 Thread 0x000002f570396000 Exception <a 'java/lang/NoSuchMethodError'{0x000000008a770d58}: 'void java.lang.invoke.DirectMethodHandle$Holder.invokeSpecial(java.lang.Object, java.lang.Object, java.lang.Object, java.lang.Object)'> (0x000000008a770d58) 
thrown [t:/workspace/open/src/hotspot/share/interpreter/linkResolver.cpp, line 766]
Event: 1.084 Thread 0x000002f570396000 Exception <a 'java/lang/NoSuchMethodError'{0x000000008a7cece0}: 'java.lang.Object java.lang.invoke.DirectMethodHandle$Holder.invokeVirtual(java.lang.Object, java.lang.Object, java.lang.Object)'> (0x000000008a7cece0) 
thrown [t:/workspace/open/src/hotspot/share/interpreter/linkResolver.cpp, line 766]
Event: 1.108 Thread 0x000002f570396000 Exception <a 'java/lang/NoSuchMethodError'{0x000000008a6520b8}: 'void java.lang.invoke.DirectMethodHandle$Holder.invokeInterface(java.lang.Object, java.lang.Object, java.lang.Object, java.lang.Object)'> (0x000000008a6520b8) 
thrown [t:/workspace/open/src/hotspot/share/interpreter/linkResolver.cpp, line 766]
Event: 1.108 Thread 0x000002f570396000 Exception <a 'java/lang/IncompatibleClassChangeError'{0x000000008a654ae0}: Found class java.lang.Object, but interface was expected> (0x000000008a654ae0) 
thrown [t:/workspace/open/src/hotspot/share/interpreter/linkResolver.cpp, line 832]
Event: 1.113 Thread 0x000002f570396000 Exception <a 'java/lang/NoSuchMethodError'{0x000000008a677a38}: 'void java.lang.invoke.DirectMethodHandle$Holder.invokeStatic(java.lang.Object, java.lang.Object, java.lang.Object, java.lang.Object)'> (0x000000008a677a38) 
thrown [t:/workspace/open/src/hotspot/share/interpreter/linkResolver.cpp, line 766]
Event: 1.144 Thread 0x000002f570396000 Exception <a 'java/lang/NoSuchMethodError'{0x000000008a55b128}: 'java.lang.Object java.lang.invoke.Invokers$Holder.invokeExact_MT(java.lang.Object, java.lang.Object, java.lang.Object, java.lang.Object, java.lang.Object, java.lang.Object)'> (0x000000008a55b128) 
thrown [t:/workspace/open/src/hotspot/share/interpreter/linkResolver.cpp, line 766]
Event: 1.183 Thread 0x000002f570396000 Exception <a 'java/lang/NoSuchMethodError'{0x000000008a4c1ef0}: 'void java.lang.invoke.DirectMethodHandle$Holder.invokeSpecial(java.lang.Object, java.lang.Object)'> (0x000000008a4c1ef0) 
thrown [t:/workspace/open/src/hotspot/share/interpreter/linkResolver.cpp, line 766]
Event: 1.226 Thread 0x000002f570396000 Exception <a 'java/lang/NoSuchMethodError'{0x000000008a2693b0}: 'int java.lang.invoke.DirectMethodHandle$Holder.invokeStaticInit(java.lang.Object, java.lang.Object, java.lang.Object)'> (0x000000008a2693b0) 
thrown [t:/workspace/open/src/hotspot/share/interpreter/linkResolver.cpp, line 766]
Event: 1.254 Thread 0x000002f570396000 Exception <a 'java/lang/NoSuchMethodError'{0x000000008a157de0}: 'int java.lang.invoke.DirectMethodHandle$Holder.invokeStaticInit(java.lang.Object, java.lang.Object)'> (0x000000008a157de0) 
thrown [t:/workspace/open/src/hotspot/share/interpreter/linkResolver.cpp, line 766]
Event: 1.265 Thread 0x000002f570396000 Exception <a 'java/lang/NoSuchMethodError'{0x000000008a1c58d0}: 'java.lang.Object java.lang.invoke.DirectMethodHandle$Holder.invokeInterface(java.lang.Object, java.lang.Object, java.lang.Object, java.lang.Object, java.lang.Object)'> (0x000000008a1c58d0) 
thrown [t:/workspace/open/src/hotspot/share/interpreter/linkResolver.cpp, line 766]
Event: 1.265 Thread 0x000002f570396000 Exception <a 'java/lang/IncompatibleClassChangeError'{0x000000008a1c8bd8}: Found class java.lang.Object, but interface was expected> (0x000000008a1c8bd8) 
thrown [t:/workspace/open/src/hotspot/share/interpreter/linkResolver.cpp, line 832]
Event: 1.296 Thread 0x000002f570396000 Exception <a 'java/lang/ClassNotFoundException'{0x0000000089f14b68}: sun/awt/resources/spi/awtProvider> (0x0000000089f14b68) 
thrown [t:/workspace/open/src/hotspot/share/classfile/systemDictionary.cpp, line 226]
Event: 1.316 Thread 0x000002f570396000 Exception <a 'java/io/FileNotFoundException'{0x0000000089f5e2b0}> (0x0000000089f5e2b0) 
thrown [t:/workspace/open/src/hotspot/share/prims/jni.cpp, line 599]
Event: 1.322 Thread 0x000002f570396000 Exception <a 'java/io/FileNotFoundException'{0x0000000089f86e58}> (0x0000000089f86e58) 
thrown [t:/workspace/open/src/hotspot/share/prims/jni.cpp, line 599]
Event: 1.429 Thread 0x000002f570396000 Exception <a 'java/lang/NoSuchMethodError'{0x0000000089dcd478}: 'void java.lang.invoke.DirectMethodHandle$Holder.invokeStaticInit(java.lang.Object)'> (0x0000000089dcd478) 
thrown [t:/workspace/open/src/hotspot/share/interpreter/linkResolver.cpp, line 766]
Event: 1.449 Thread 0x000002f570396000 Exception <a 'java/io/FileNotFoundException'{0x0000000089c0d788}> (0x0000000089c0d788) 
thrown [t:/workspace/open/src/hotspot/share/prims/jni.cpp, line 599]
Event: 1.449 Thread 0x000002f570396000 Exception <a 'java/lang/NullPointerException'{0x0000000089c0e5c8}> (0x0000000089c0e5c8) 
thrown [t:/workspace/open/src/hotspot/share/interpreter/linkResolver.cpp, line 1348]
Event: 1.489 Thread 0x000002f570396000 Exception <a 'java/lang/NoSuchMethodError'{0x0000000089c7d9f0}: 'java.lang.Object java.lang.invoke.Invokers$Holder.linkToTargetMethod(java.lang.Object, int, java.lang.Object)'> (0x0000000089c7d9f0) 
thrown [t:/workspace/open/src/hotspot/share/interpreter/linkResolver.cpp, line 766]

Events (20 events):
Event: 1.475 loading class sun/awt/Win32FontManager$2
Event: 1.475 loading class sun/awt/Win32FontManager$2 done
Event: 1.476 loading class sun/awt/FontConfiguration$2
Event: 1.476 loading class sun/awt/FontConfiguration$2 done
Event: 1.477 loading class sun/awt/windows/WDefaultFontCharset
Event: 1.477 loading class sun/awt/AWTCharset
Event: 1.478 loading class sun/awt/AWTCharset done
Event: 1.478 loading class sun/awt/windows/WDefaultFontCharset done
Event: 1.479 loading class sun/awt/windows/WDefaultFontCharset$Encoder
Event: 1.479 loading class sun/awt/AWTCharset$Encoder
Event: 1.479 loading class sun/awt/AWTCharset$Encoder done
Event: 1.479 loading class sun/awt/windows/WDefaultFontCharset$Encoder done
Event: 1.482 loading class sun/awt/windows/WingDings
Event: 1.482 loading class sun/awt/windows/WingDings done
Event: 1.482 loading class sun/awt/windows/WingDings$Encoder
Event: 1.482 loading class sun/awt/windows/WingDings$Encoder done
Event: 1.483 loading class sun/awt/Symbol
Event: 1.483 loading class sun/awt/Symbol done
Event: 1.483 loading class sun/awt/Symbol$Encoder
Event: 1.483 loading class sun/awt/Symbol$Encoder done


Dynamic libraries:
0x00007ff6aa9f0000 - 0x00007ff6aa9ff000 	C:\Program Files\Java\jdk-14\bin\javaw.exe
0x00007ff919740000 - 0x00007ff919930000 	C:\Windows\SYSTEM32\ntdll.dll
0x00007ff9195c0000 - 0x00007ff919672000 	C:\Windows\System32\KERNEL32.DLL
0x00007ff917290000 - 0x00007ff917534000 	C:\Windows\System32\KERNELBASE.dll
0x00007ff9166c0000 - 0x00007ff9167ba000 	C:\Windows\System32\ucrtbase.dll
0x00007ff90d040000 - 0x00007ff90d055000 	C:\Program Files\Java\jdk-14\bin\VCRUNTIME140.dll
0x00007ff901430000 - 0x00007ff901448000 	C:\Program Files\Java\jdk-14\bin\jli.dll
0x00007ff918cc0000 - 0x00007ff918d63000 	C:\Windows\System32\ADVAPI32.dll
0x00007ff918d70000 - 0x00007ff918e0e000 	C:\Windows\System32\msvcrt.dll
0x00007ff919510000 - 0x00007ff9195a7000 	C:\Windows\System32\sechost.dll
0x00007ff917ec0000 - 0x00007ff917fe0000 	C:\Windows\System32\RPCRT4.dll
0x00007ff917b70000 - 0x00007ff917d04000 	C:\Windows\System32\USER32.dll
0x00007ff917690000 - 0x00007ff9176b1000 	C:\Windows\System32\win32u.dll
0x00007ff9192b0000 - 0x00007ff9192d6000 	C:\Windows\System32\GDI32.dll
0x00007ff8f6f30000 - 0x00007ff8f71b4000 	C:\Windows\WinSxS\amd64_microsoft.windows.common-controls_6595b64144ccf1df_6.0.18362.959_none_e6c7bbbf130c62bb\COMCTL32.dll
0x00007ff9167c0000 - 0x00007ff916956000 	C:\Windows\System32\gdi32full.dll
0x00007ff916a60000 - 0x00007ff916afe000 	C:\Windows\System32\msvcp_win.dll
0x00007ff918040000 - 0x00007ff918375000 	C:\Windows\System32\combase.dll
0x00007ff9176c0000 - 0x00007ff917740000 	C:\Windows\System32\bcryptPrimitives.dll
0x00007ff912170000 - 0x00007ff91217a000 	C:\Windows\SYSTEM32\VERSION.dll
0x00007ff918e10000 - 0x00007ff918e3e000 	C:\Windows\System32\IMM32.DLL
0x00007ff8fef20000 - 0x00007ff8fefbb000 	C:\Program Files\Java\jdk-14\bin\msvcp140.dll
0x00007ff8ca840000 - 0x00007ff8cb35f000 	C:\Program Files\Java\jdk-14\bin\server\jvm.dll
0x00007ff917a00000 - 0x00007ff917a08000 	C:\Windows\System32\PSAPI.DLL
0x00007ff90cee0000 - 0x00007ff90cf04000 	C:\Windows\SYSTEM32\WINMM.dll
0x00007ff8f7270000 - 0x00007ff8f7279000 	C:\Windows\SYSTEM32\WSOCK32.dll
0x00007ff918560000 - 0x00007ff9185cf000 	C:\Windows\System32\WS2_32.dll
0x00007ff90ceb0000 - 0x00007ff90cedd000 	C:\Windows\SYSTEM32\WINMMBASE.dll
0x00007ff9169e0000 - 0x00007ff916a2a000 	C:\Windows\System32\cfgmgr32.dll
0x00007ff916620000 - 0x00007ff916631000 	C:\Windows\System32\kernel.appcore.dll
0x00007ff90edf0000 - 0x00007ff90edfa000 	C:\Program Files\Java\jdk-14\bin\jimage.dll
0x00007ff914d90000 - 0x00007ff914f84000 	C:\Windows\SYSTEM32\DBGHELP.DLL
0x00007ff914d60000 - 0x00007ff914d8a000 	C:\Windows\SYSTEM32\dbgcore.DLL
0x00007ff8ebaf0000 - 0x00007ff8ebb28000 	C:\Program Files\Java\jdk-14\bin\jdwp.dll
0x00007ff8f4360000 - 0x00007ff8f4385000 	C:\Program Files\Java\jdk-14\bin\java.dll
0x00007ff90f940000 - 0x00007ff90f94e000 	C:\Program Files\Java\jdk-14\bin\instrument.dll
0x00007ff8f9a90000 - 0x00007ff8f9aa7000 	C:\Program Files\Java\jdk-14\bin\zip.dll
0x00007ff9185d0000 - 0x00007ff918cb6000 	C:\Windows\System32\SHELL32.dll
0x00007ff918380000 - 0x00007ff918429000 	C:\Windows\System32\shcore.dll
0x00007ff916b00000 - 0x00007ff917282000 	C:\Windows\System32\windows.storage.dll
0x00007ff916640000 - 0x00007ff916663000 	C:\Windows\System32\profapi.dll
0x00007ff916670000 - 0x00007ff9166ba000 	C:\Windows\System32\powrprof.dll
0x00007ff9165f0000 - 0x00007ff916600000 	C:\Windows\System32\UMPDC.dll
0x00007ff919420000 - 0x00007ff919472000 	C:\Windows\System32\shlwapi.dll
0x00007ff916960000 - 0x00007ff916977000 	C:\Windows\System32\cryptsp.dll
0x00007ff90cae0000 - 0x00007ff90caeb000 	C:\Program Files\Java\jdk-14\bin\dt_socket.dll
0x00007ff915b10000 - 0x00007ff915b4a000 	C:\Windows\SYSTEM32\IPHLPAPI.DLL
0x00007ff915e00000 - 0x00007ff915e67000 	C:\Windows\system32\mswsock.dll
0x00007ff915b50000 - 0x00007ff915c1b000 	C:\Windows\SYSTEM32\DNSAPI.dll
0x00007ff9195b0000 - 0x00007ff9195b8000 	C:\Windows\System32\NSI.dll
0x00007ff90cd90000 - 0x00007ff90cd9a000 	C:\Windows\System32\rasadhlp.dll
0x00007ff90e240000 - 0x00007ff90e2b7000 	C:\Windows\System32\fwpuclnt.dll
0x00007ff916a30000 - 0x00007ff916a56000 	C:\Windows\System32\bcrypt.dll
0x00007ff8f4340000 - 0x00007ff8f4359000 	C:\Program Files\Java\jdk-14\bin\net.dll
0x00007ff914a00000 - 0x00007ff914af0000 	C:\Windows\SYSTEM32\WINHTTP.dll
0x00007ff8f4320000 - 0x00007ff8f4332000 	C:\Program Files\Java\jdk-14\bin\nio.dll
0x00007ff90b350000 - 0x00007ff90b360000 	C:\Program Files\Java\jdk-14\bin\verify.dll
0x00007ff90ef00000 - 0x00007ff90ef16000 	C:\Windows\SYSTEM32\dhcpcsvc6.DLL
0x00007ff90f480000 - 0x00007ff90f49c000 	C:\Windows\SYSTEM32\dhcpcsvc.DLL
0x00007ff8dbd00000 - 0x00007ff8dbe98000 	C:\Program Files\Java\jdk-14\bin\awt.dll
0x00007ff918430000 - 0x00007ff9184f5000 	C:\Windows\System32\OLEAUT32.dll
0x00007ff9140c0000 - 0x00007ff91414f000 	C:\Windows\SYSTEM32\apphelp.dll
0x00007ff9146d0000 - 0x00007ff9146fd000 	C:\Windows\system32\DWMAPI.DLL
0x00007ff9142a0000 - 0x00007ff914339000 	C:\Windows\system32\uxtheme.dll
0x00007ff8f6a80000 - 0x00007ff8f6bd6000 	C:\Windows\system32\opengl32.dll
0x00007ff90e5c0000 - 0x00007ff90e5ec000 	C:\Windows\SYSTEM32\GLU32.dll
0x00007ff915260000 - 0x00007ff915280000 	C:\Windows\SYSTEM32\dxcore.dll
0x00007ff9192e0000 - 0x00007ff919415000 	C:\Windows\System32\MSCTF.dll
0x00007ff917a10000 - 0x00007ff917b67000 	C:\Windows\System32\ole32.dll
0x00007ff8eba60000 - 0x00007ff8ebae2000 	C:\Program Files\Java\jdk-14\bin\freetype.dll
0x00007ff8dc0c0000 - 0x00007ff8dc166000 	C:\Program Files\Java\jdk-14\bin\fontmanager.dll

dbghelp: loaded successfully - version: 4.0.5 - missing functions: none
symbol engine: initialized successfully - sym options: 0x614 - pdb path: .;C:\Program Files\Java\jdk-14\bin;C:\Windows\SYSTEM32;C:\Windows\WinSxS\amd64_microsoft.windows.common-controls_6595b64144ccf1df_6.0.18362.959_none_e6c7bbbf130c62bb;C:\Program Files\Java\jdk-14\bin\server

VM Arguments:
jvm_args: -Dfile.encoding=UTF-8 -Djava.util.logging.config.file=logging.properties -agentlib:jdwp=transport=dt_socket,suspend=y,address=localhost:63448 -ea -javaagent:C:\app\eclipse\java-2020-06\eclipse\configuration\org.eclipse.osgi\222\0\.cp\lib\javaagent-shaded.jar -Dfile.encoding=UTF-8 --enable-preview 
java_command: org.eclipse.jdt.internal.junit.runner.RemoteTestRunner -version 3 -port 63447 -testLoaderClass org.eclipse.jdt.internal.junit5.runner.JUnit5TestLoader -loaderpluginname org.eclipse.jdt.junit5.runtime -test test.puzzle.TestLifeGame:testAWT
java_class_path (initial): D:\git\Puzzle\target\test-classes;D:\git\Puzzle\target\classes;C:\Users\saka1\.p2\pool\plugins\org.junit.jupiter.api_5.6.0.v20200203-2009.jar;C:\Users\saka1\.p2\pool\plugins\org.junit.jupiter.engine_5.6.0.v20200203-2009.jar;C:\Users\saka1\.p2\pool\plugins\org.junit.jupiter.migrationsupport_5.6.0.v20200203-2009.jar;C:\Users\saka1\.p2\pool\plugins\org.junit.jupiter.params_5.6.0.v20200203-2009.jar;C:\Users\saka1\.p2\pool\plugins\org.junit.platform.commons_1.6.0.v20200203-2009.jar;C:\Users\saka1\.p2\pool\plugins\org.junit.platform.engine_1.6.0.v20200203-2009.jar;C:\Users\saka1\.p2\pool\plugins\org.junit.platform.launcher_1.6.0.v20200203-2009.jar;C:\Users\saka1\.p2\pool\plugins\org.junit.platform.runner_1.6.0.v20200203-2009.jar;C:\Users\saka1\.p2\pool\plugins\org.junit.platform.suite.api_1.6.0.v20200203-2009.jar;C:\Users\saka1\.p2\pool\plugins\org.junit.vintage.engine_5.6.0.v20200203-2009.jar;C:\Users\saka1\.p2\pool\plugins\org.opentest4j_1.2.0.v20190826-0900.jar;C:\Users\saka1\.p2\pool\plugins\org.apiguardian_1.1.0.v20190826-0900.jar;C:\Users\saka1\.p2\pool\plugins\org.junit_4.13.0.v20200204-1500.jar;C:\Users\saka1\.p2\pool\plugins\org.hamcrest.core_1.3.0.v20180420-1519.jar;C:\Users\saka1\.m2\repository\junit\junit\3.8.1\junit-3.8.1.jar;C:\app\eclipse\java-2020-06\eclipse\configuration\org.eclipse.osgi\221\0\.cp;C:\app\eclipse\java-2020-06\eclipse\configuration\org.eclipse.osgi\219\0\.cp
Launcher Type: SUN_STANDARD

[Global flags]
     intx CICompilerCount                          = 4                                         {product} {ergonomic}
     uint ConcGCThreads                            = 2                                         {product} {ergonomic}
     uint G1ConcRefinementThreads                  = 8                                         {product} {ergonomic}
   size_t G1HeapRegionSize                         = 1048576                                   {product} {ergonomic}
    uintx GCDrainStackTargetSize                   = 64                                        {product} {ergonomic}
   size_t InitialHeapSize                          = 132120576                                 {product} {ergonomic}
   size_t MarkStackSize                            = 4194304                                   {product} {ergonomic}
   size_t MaxHeapSize                              = 2095054848                                {product} {ergonomic}
   size_t MaxNewSize                               = 1256194048                                {product} {ergonomic}
   size_t MinHeapDeltaBytes                        = 1048576                                   {product} {ergonomic}
   size_t MinHeapSize                              = 8388608                                   {product} {ergonomic}
    uintx NonNMethodCodeHeapSize                   = 5839372                                {pd product} {ergonomic}
    uintx NonProfiledCodeHeapSize                  = 122909434                              {pd product} {ergonomic}
    uintx ProfiledCodeHeapSize                     = 122909434                              {pd product} {ergonomic}
    uintx ReservedCodeCacheSize                    = 251658240                              {pd product} {ergonomic}
     bool SegmentedCodeCache                       = true                                      {product} {ergonomic}
   size_t SoftMaxHeapSize                          = 2095054848                             {manageable} {ergonomic}
     bool UseCompressedClassPointers               = true                                 {lp64_product} {ergonomic}
     bool UseCompressedOops                        = true                                 {lp64_product} {ergonomic}
     bool UseG1GC                                  = true                                      {product} {ergonomic}
     bool UseLargePagesIndividualAllocation        = false                                  {pd product} {ergonomic}

Logging:
Log output configuration:
 #0: stdout all=warning uptime,level,tags
 #1: stderr all=off uptime,level,tags

Environment Variables:
JAVA_HOME=C:\Program Files\Java\jdk-14
JAVA_TOOL_OPTIONS=-Dfile.encoding=UTF-8 -Djava.util.logging.config.file=logging.properties
CLASSPATH=D:\git\Util\bin
PATH=C:/Program Files/Java/jdk-14/bin/server;C:/Program Files/Java/jdk-14/bin;C:\Program Files (x86)\Intel\Intel(R) Management Engine Components\iCLS\;C:\Program Files\Intel\Intel(R) Management Engine Components\iCLS\;C:\Windows\system32;C:\Windows;C:\Windows\System32\Wbem;C:\Windows\System32\WindowsPowerShell\v1.0\;C:\Windows\System32\OpenSSH\;C:\Program Files (x86)\Intel\Intel(R) Management Engine Components\DAL;C:\Program Files\Intel\Intel(R) Management Engine Components\DAL;C:\app\vim82-kaoriya-win64;D:\bin;C:\Program Files\Git\cmd;C:\Program Files\Java\jdk-14\bin;C:\Program Files\TortoiseGit\bin;C:\Users\saka1\AppData\Local\Microsoft\WindowsApps;;C:\Windows\system32;
USERNAME=saka1
OS=Windows_NT
PROCESSOR_IDENTIFIER=Intel64 Family 6 Model 142 Stepping 12, GenuineIntel



---------------  S Y S T E M  ---------------

OS: Windows 10 , 64 bit Build 18362 (10.0.18362.959)
OS uptime: 3 days 18:45 hours

CPU:total 8 (initial active 8) (4 cores per cpu, 2 threads per core) family 6 model 142 stepping 12, cmov, cx8, fxsr, mmx, sse, sse2, sse3, ssse3, sse4.1, sse4.2, popcnt, avx, avx2, aes, clmul, erms, 3dnowpref, lzcnt, ht, tsc, tscinvbit, bmi1, bmi2, adx, fma

Memory: 4k page, system-wide physical 7986M (1813M free)
TotalPageFile size 17714M (AvailPageFile size 6073M)
current process WorkingSet (physical memory assigned to process): 88M, peak: 88M
current process commit charge ("private bytes"): 232M, peak: 232M

vm_info: Java HotSpot(TM) 64-Bit Server VM (14+36-1461) for windows-amd64 JRE (14+36-1461), built on Feb  6 2020 19:08:04 by "mach5one" with MS VC++ 15.9 (VS2017)

END.
