> define 0 ăf x.x
ăf.ăx.x
> define 1 ăf x.f x
ăf.ăx.f x
> define 2 ăf x.f(f x)
ăf.ăx.f (f x)
> define 3 ăf x.f(f(f x))
ăf.ăx.f (f (f x))
> define succ ăn f x.f(n f x)
ăn.ăf.ăx.f (n f x)
> succ 0
ăf.ăx.f x
> succ 1
ăf.ăx.f (f x)
> succ 2
ăf.ăx.f (f (f x))
> define + ăm n f x.m f(n f x)
ăm.ăn.ăf.ăx.m f (n f x)
> + 0 1
ăf.ăx.f x
> + 1 0
ăf.ăx.f x
> + 1 1
ăf.ăx.f (f x)
> + 1 2
ăf.ăx.f (f (f x))
> + 2 1
ăf.ăx.f (f (f x))
> define * ăm n f.m(n f)
ăm.ăn.ăf.m (n f)
> * 0 1
ăf.ăx.x
> * 1 0
ăf.ăx.x
> * 1 2
ăf.ăx.f (f x)
> * 2 1
ăf.ăx.f (f x)
> * 1 3
ăf.ăx.f (f (f x))
> * 3 1
ăf.ăx.f (f (f x))
> define pred ăn f x.n(ăg h.h(g f)) (ău.x) (ău.u)
ăn.ăf.ăx.n (ăg.ăh.h (g f)) (ău.x) (ău.u)
> pred 1
ăf.ăx.x
> pred 2
ăf.ăx.f x
> pred (succ 2)
ăf.ăx.f (f x)
> define pred2 ăn.n(ăg k.(g 1)(ău.+(g k)1)k)(ăv.0)0
ăn.n (ăg.ăk.g (ăf.ăx.f x) (ău.ăf.ăx.g k f (f x)) k) (ăv.ăf.ăx.x) (ăf.ăx.x)
> pred2 1
ăf.ăx.x
> pred2 3
ăf.ăx.f (f x)
> 